-5.13581 -5.13581
-5.13593 -5.13592
-5.13273 -5.1328
-5.13641 -5.13643
-5.13556 -5.13556
-5.13866 -5.1388
-5.13547 -5.13543
-5.13302 -5.13303
-5.13424 -5.13434
-5.13145 -5.13142
-5.1326 -5.13251
-5.1346 -5.13448
-5.13964 -5.13964
-5.13457 -5.13458
-5.13762 -5.13751
-5.13014 -5.13021
-5.13825 -5.13811
-5.13758 -5.13753
-5.13204 -5.13199
-5.13625 -5.13617
-5.1303 -5.13041
-5.12429 -5.12433
-5.12877 -5.12877
-5.13368 -5.13371
-5.13135 -5.13132
-5.14102 -5.14105
-5.13627 -5.13624
-5.13359 -5.1336
-5.13109 -5.13103
-5.1244 -5.12443
-5.13412 -5.13405
-5.12724 -5.12734
-5.13413 -5.13418
-5.13305 -5.13308
-5.13177 -5.13177
-5.13278 -5.13274
-5.13053 -5.13047
-5.13282 -5.13274
-5.12876 -5.1287
-5.12766 -5.12777
-5.13017 -5.1301
-5.13759 -5.13758
-5.12821 -5.12817
-5.13492 -5.13508
-5.13554 -5.13558
-5.13199 -5.1319
-5.13179 -5.13188
-5.13845 -5.13845
-5.13186 -5.13188
-5.13434 -5.13429
-5.13001 -5.12998
-5.13562 -5.13567
-5.13009 -5.13008
-5.13133 -5.1314
-5.13144 -5.13145
-5.13095 -5.13096
-5.135 -5.13508
-5.12976 -5.12979
-5.13077 -5.13074
-5.13269 -5.13265
-5.13229 -5.13229
-5.13299 -5.13301
-5.13728 -5.13729
-5.13174 -5.13185
-5.13091 -5.131
-5.13289 -5.13297
-5.13559 -5.1356
-5.13429 -5.13434
-5.13694 -5.137
-5.13333 -5.13332
-5.13527 -5.13535
-5.13416 -5.13412
-5.13517 -5.13516
-5.13453 -5.13444
-5.12461 -5.12457
-5.13592 -5.13595
-5.12741 -5.12746
-5.12607 -5.12598
-5.12994 -5.12997
-5.1341 -5.13408
-5.13488 -5.13482
-5.13291 -5.13294
-5.13091 -5.13094
-5.13222 -5.13213
-5.13648 -5.13653
-5.13006 -5.13017
-5.13282 -5.13286
-5.12618 -5.12612
-5.13367 -5.13369
-5.13155 -5.13146
-5.1364 -5.13636
-5.12958 -5.12963
-5.13478 -5.13472
-5.13725 -5.13727
-5.13334 -5.13331
-5.12929 -5.12927
-5.13579 -5.13572
-5.12657 -5.12669
-5.13211 -5.13214
-5.13248 -5.13248
-5.13662 -5.13671
-5.1339 -5.13383
-5.13208 -5.13212
-5.13443 -5.13442
-5.13226 -5.13223
-5.12811 -5.12815
-5.12697 -5.12702
-5.13343 -5.13335
-5.12944 -5.12945
-5.13757 -5.13755
-5.13165 -5.13165
-5.13531 -5.13517
-5.13876 -5.13884
-5.13226 -5.1323
-5.12642 -5.12638
-5.13477 -5.13478
-5.13047 -5.13056
-5.12787 -5.12796
-5.12732 -5.12736
-5.13722 -5.13719
-5.12735 -5.12738
-5.13429 -5.13439
-5.13598 -5.13598
-5.13172 -5.13167
-5.13349 -5.13349
-5.13022 -5.1302
-5.12896 -5.12894
-5.13149 -5.1315
-5.13889 -5.1389
-5.13581 -5.13582
-5.12873 -5.12884
-5.13258 -5.1325
-5.1281 -5.12813
-5.12581 -5.12578
-5.13328 -5.13323
-5.13679 -5.13674
-5.1289 -5.12889
-5.13263 -5.13256
-5.1397 -5.13974
-5.12824 -5.12829
-5.13432 -5.13435
-5.13598 -5.13597
-5.12866 -5.12864
-5.13693 -5.13694
-5.1388 -5.13884
-5.13435 -5.13435
-5.13321 -5.13318
-5.13381 -5.13379
-5.13151 -5.13151
-5.13237 -5.13244
-5.12842 -5.12833
-5.12763 -5.12765
-5.13706 -5.13702
-5.13398 -5.13394
-5.13401 -5.13393
-5.13778 -5.1378
-5.13362 -5.13369
-5.13736 -5.1374
-5.13283 -5.13284
-5.13517 -5.13504
-5.13928 -5.13926
-5.13318 -5.13315
-5.12606 -5.12613
-5.13413 -5.13415
-5.12984 -5.12991
-5.13932 -5.13923
-5.12795 -5.12792
-5.12208 -5.12197
-5.13328 -5.13326
-5.13426 -5.13414
-5.12903 -5.12903
-5.12766 -5.12759
-5.13038 -5.13027
-5.1253 -5.12535
-5.13738 -5.13743
-5.12944 -5.1295
-5.13393 -5.13392
-5.1341 -5.13409
-5.12835 -5.12827
-5.13586 -5.13595
-5.13065 -5.13056
-5.13355 -5.13363
-5.13251 -5.13239
-5.13402 -5.13392
-5.13406 -5.1341
-5.12951 -5.12947
-5.13746 -5.1375
-5.13202 -5.13217
-5.13463 -5.13465
-5.13116 -5.13113
-5.13079 -5.13072
-5.12857 -5.12847
-5.12798 -5.12787
-5.13016 -5.13009
-5.12581 -5.12593
-5.12983 -5.12981
-5.13624 -5.13624
-5.1287 -5.12875
-5.13147 -5.13153
-5.1335 -5.13355
