0.274559 0.278189 0.272982 -1.84402e-07 -2.4261e-07 -1.59082e-07 0.27106 0.276835 0.271163 0 0 0
0.461843 0.467513 0.633801 -0.0190868 -0.0143777 0.0164342 0.455996 0.463328 0.632643 -0.0164631 -0.0138852 0.0169298
0.320545 0.412532 0.535752 -0.00961401 -0.061026 0.0267585 0.323801 0.409045 0.53319 -0.00994623 -0.057523 0.0326678
0.475578 0.256415 0.426989 0.00181562 -0.0103267 0.00379946 0.477586 0.259153 0.427176 0.000411196 -0.0144741 0.00305455
0.477268 0.506752 0.524566 -0.023939 0.0695562 0.0141464 0.480455 0.509987 0.528066 -0.0219169 0.0697861 0.0131179
0.323816 0.291515 0.219234 0.0245343 0.00774706 -0.00769519 0.329305 0.297393 0.217352 0.0220729 0.00338474 -0.00621718
0.340103 0.451799 0.661703 0.00437049 0.00891202 0.0100282 0.345034 0.452397 0.666966 0.00475879 0.00616425 0.00830414
0.454581 0.382861 0.444152 -0.0156855 -0.00147218 -0.00202748 0.449033 0.379906 0.445252 -0.0150718 -0.00287498 -0.00248039
0.236657 0.320572 0.473384 -0.025088 -0.0136151 0.00782323 0.231252 0.317857 0.475278 -0.0255643 -0.0154292 0.00764012
0.460377 0.48005 0.429849 -0.0197114 0.075598 0.00638205 0.462949 0.487034 0.430749 -0.0184196 0.0753654 0.00523112
0.224085 0.34264 0.437504 0.00698131 -0.0282433 -0.0228696 0.223208 0.341192 0.432379 0.00648358 -0.0301637 -0.0231673
0.394676 0.380053 0.257916 0.000989771 0.0437744 -0.00896358 0.394147 0.390252 0.255979 8.95949e-05 0.0408772 -0.00916244
0.414637 0.273585 0.478375 0.0243748 0.0391639 0.0362804 0.410562 0.271309 0.47729 0.023303 0.0406647 0.0355666
0.32993 0.432816 0.511293 -0.0305038 0.0633137 0.0351734 0.330341 0.433754 0.517055 -0.0287214 0.0626746 0.0337582
0.348243 0.31049 0.342887 -0.00402042 -0.0206571 -0.00418629 0.344632 0.309847 0.344166 -0.0037548 -0.0205469 -0.00412852
0.478858 0.507223 0.594847 -0.0237667 0.0424712 0.0190729 0.478535 0.505566 0.59799 -0.02104 0.0435758 0.018282
0.307812 0.382151 0.540397 -0.0125396 0.0287296 -0.0196549 0.30862 0.377216 0.542292 -0.0135763 0.0237936 -0.0183556
0.38397 0.439618 0.579918 0.0146752 0.0776132 -0.017197 0.383151 0.44202 0.581477 0.0132141 0.0720564 -0.0137076
0.195918 0.413498 0.478897 -0.0461679 0.0202911 -0.0191584 0.195005 0.408997 0.474443 -0.0443829 0.0203647 -0.0154568
0.284981 0.272467 0.316913 0.0305827 0.00469658 0.000941845 0.291078 0.275693 0.312046 0.0278766 0.000954954 0.00146721
0.289645 0.448723 0.486686 0.00779335 -0.0130047 -0.0293404 0.289122 0.445319 0.489556 0.00948588 -0.0139952 -0.0299764
0.447455 0.421397 0.585581 -0.0183885 -0.0420808 0.00220255 0.44472 0.420215 0.587362 -0.0168872 -0.0421317 0.00381241
0.334859 0.457351 0.478311 -0.0103739 0.00539967 0.0466435 0.33335 0.45316 0.472925 -0.0113097 0.00669818 0.0456396
0.444238 0.341553 0.37958 -0.00726362 0.047529 0.00807851 0.440886 0.338034 0.375219 -0.00692645 0.0482425 0.00685872
0.302833 0.316412 0.378883 -0.0290646 -0.0134018 -0.00779027 0.300652 0.314671 0.382613 -0.0281134 -0.015013 -0.00782907
0.363322 0.330858 0.297465 -0.018115 -0.0161667 0.00794257 0.363326 0.328798 0.300613 -0.0165855 -0.0190467 0.00533303
0.4188 0.271968 0.459283 -0.030176 -0.0323896 0.00914729 0.429126 0.278277 0.46549 -0.0303471 -0.0350687 0.00926217
0.390583 0.402721 0.461913 0.0264834 -0.0144419 -0.0155529 0.386723 0.4029 0.463602 0.0281093 -0.0190984 -0.0194318
0.23493 0.463623 0.498307 0.0349846 0.0431493 0.00035581 0.230817 0.458176 0.495386 0.0371459 0.0428647 -0.000400143
0.408975 0.433194 0.346011 0.00577824 0.017495 -0.00270436 0.406406 0.430788 0.344022 0.00475478 0.0154005 -0.00256094
0.41869 0.415267 0.304698 -0.00727489 0.0573228 -0.00488946 0.418137 0.42519 0.302742 -0.00727567 0.0555735 -0.00563976
0.359994 0.34221 0.375181 0.006579 -0.0457569 -0.00642196 0.362938 0.340806 0.376168 0.00596831 -0.0439849 -0.00333106
0.400331 0.409439 0.418717 -0.00635684 -0.00384317 0.00061348 0.400669 0.412483 0.419938 -0.00760699 -0.0056608 0.000335987
0.325128 0.453648 0.349848 -0.0166607 -0.0496439 -0.0441781 0.322637 0.449179 0.347599 -0.0167093 -0.0511367 -0.0435773
0.442084 0.44321 0.516849 0.0196706 -0.0505335 -0.0102711 0.45072 0.445048 0.522994 0.0153379 -0.0520385 -0.0106918
0.371491 0.347913 0.226732 0.009278 0.030366 -0.0110655 0.372215 0.357314 0.225123 0.00760074 0.0267798 -0.0106063
0.465361 0.49086 0.451949 0.00293586 0.0354371 0.017619 0.464921 0.486269 0.447571 0.00252894 0.0354176 0.0174885
0.238716 0.253207 0.614724 -0.00125209 -0.0128085 0.0294205 0.242349 0.257517 0.612293 -0.000370923 -0.0122895 0.0272559
0.305755 0.327929 0.388891 -0.00505698 0.00787046 -0.0162594 0.302232 0.323609 0.381261 -0.00572852 0.00497218 -0.0151224
0.358061 0.308449 0.391408 0.0218546 0.00466719 0.00210237 0.357678 0.304597 0.393896 0.0229034 0.00317023 0.000553064
0.294424 0.533303 0.474005 -0.00146265 -0.00891005 0.000968494 0.290778 0.530929 0.472209 -0.0011356 -0.00880288 -0.00194979
0.397126 0.508199 0.626114 -0.0110406 0.0186084 0.0114622 0.395696 0.508346 0.629446 -0.00985777 0.0172842 0.0103231
0.335575 0.353517 0.594096 -0.0130158 0.0586715 0.0122948 0.338887 0.359552 0.588834 -0.0137285 0.0536615 0.0110725
0.305703 0.353244 0.479603 -0.0293946 0.0560749 0.0144123 0.307163 0.352312 0.48015 -0.0274749 0.0559837 0.0121344
0.549919 0.406085 0.362493 -0.000341168 0.0297797 -0.0317243 0.542367 0.400866 0.358571 9.06635e-05 0.0285517 -0.0292622
0.0261791 0.385324 -0.15174 -0.00818736 0.08731 0.130344 0.0218012 0.383787 -0.150435 -0.00806479 0.087068 0.131003
-0.222733 1.11398 1.05075 0.184692 0.111575 -0.0886832 -0.220749 1.10915 1.04826 0.185105 0.114052 -0.0892589
0.288616 -0.506549 -0.463081 0.133899 0.0865228 -0.101064 0.286322 -0.50764 -0.463771 0.131726 0.0883326 -0.101252
1.05945 0.0939431 0.0602043 0.102329 -0.326316 -0.213645 1.05836 0.0918501 0.0622624 0.103733 -0.326103 -0.216811
-0.586428 0.12109 -0.460842 -0.00970352 -0.186209 -0.179407 -0.584926 0.121603 -0.465435 -0.0103198 -0.185243 -0.179512
0.130042 0.24336 0.925022 0.245506 -0.205372 0.156415 0.127584 0.242672 0.92737 0.243301 -0.206922 0.156254
-0.110417 0.888359 1.16548 -0.156005 -0.198309 0.0904657 -0.110364 0.882273 1.16875 -0.155818 -0.202028 0.0913268
-0.557457 0.0262543 -0.0610814 -0.0694074 -0.00824321 -0.135819 -0.559383 0.027052 -0.0599798 -0.0676238 -0.00845838 -0.134906
0.870059 0.387812 0.823802 0.15973 -0.261226 -0.156689 0.869495 0.389474 0.823928 0.161606 -0.262579 -0.160268
0.35456 -0.0222955 0.760496 -0.187251 0.0507241 0.254915 0.3524 -0.0216146 0.760176 -0.186348 0.0510597 0.255726
1.25634 0.503664 0.313723 0.230219 0.210093 -0.113406 1.25594 0.50423 0.311513 0.233173 0.20759 -0.114254
-0.311597 0.333952 0.389207 -0.014027 0.22671 -0.1454 -0.315839 0.331815 0.387193 -0.0134756 0.227736 -0.145385
-0.436761 0.955423 0.739527 0.19854 -0.303403 0.0165879 -0.434348 0.952585 0.736245 0.197432 -0.308258 0.0165611
0.757047 -0.207136 0.0477722 0.202499 0.00132393 0.134615 0.756556 -0.206884 0.0486572 0.202698 0.00133798 0.135657
0.420873 -0.360572 -0.415772 -0.195976 0.0766671 0.258445 0.419249 -0.359063 -0.417028 -0.19433 0.0789014 0.259163
0.821801 0.726575 0.658435 -0.0719962 0.26057 0.224121 0.82014 0.723775 0.655004 -0.0722055 0.261046 0.227469
1.10308 -0.302984 0.0786712 0.148716 -0.236716 -0.011255 1.10024 -0.307123 0.078504 0.148792 -0.239982 -0.0116322
0.518288 -0.456729 -0.124558 0.00172477 -0.240098 -0.228371 0.515428 -0.463805 -0.122172 0.00159734 -0.245649 -0.22932
1.24003 0.937814 -0.0714535 0.0627275 -0.270884 0.137837 1.23702 0.935059 -0.0721384 0.0640521 -0.266872 0.138912
-0.357859 -0.306402 0.350391 -0.112357 -0.200913 -0.160827 -0.358965 -0.30656 0.348067 -0.110352 -0.204174 -0.159487
-0.0603155 -0.0845621 0.108107 0.116604 -0.157744 -0.225949 -0.0637426 -0.0851863 0.107146 0.114967 -0.15858 -0.225987
-0.360414 -0.0243818 0.124042 -0.187175 0.321504 0.134536 -0.362452 -0.0262893 0.122866 -0.184063 0.323696 0.134876
0.375296 -0.20461 -0.0591765 -0.0429367 -0.214082 -0.216636 0.37252 -0.208017 -0.0583653 -0.0429122 -0.217269 -0.218285
-0.0566785 0.490807 0.201732 -0.115025 -0.0402686 -0.0576345 -0.0613661 0.488319 0.19908 -0.115021 -0.0405502 -0.0580735
-0.195724 -0.0774208 0.872288 -0.0208367 -0.336895 0.226591 -0.19521 -0.0773328 0.87629 -0.0198529 -0.340619 0.224359
-0.184371 -0.0327206 0.533955 -0.213204 -0.155959 -0.0392494 -0.18761 -0.0340774 0.533442 -0.210354 -0.157471 -0.0393318
0.577997 0.0797013 0.549946 0.244867 -0.193643 0.0812693 0.575837 0.0786065 0.547907 0.244448 -0.194524 0.0820031
0.541961 1.29293 1.00932 -0.0774989 0.341742 -0.0142737 0.53783 1.2969 1.00847 -0.0789239 0.35055 -0.0146271
-0.246872 -0.141731 -0.439669 -0.133693 0.121086 0.230263 -0.2483 -0.138265 -0.443735 -0.131374 0.122897 0.229919
0.732827 1.08953 0.278208 0.0724352 -0.148867 -0.0372959 0.731183 1.08843 0.276422 0.0741661 -0.148878 -0.0377353
1.12147 0.772521 -0.247518 -0.0887602 0.114882 -0.218521 1.11896 0.77029 -0.254241 -0.0906012 0.11405 -0.220571
0.458366 0.7726 -0.218012 0.13596 0.368991 0.0661749 0.455228 0.771645 -0.223361 0.137227 0.366393 0.0670826
-0.115442 -0.382569 0.785294 -0.0635792 0.233859 -0.0765483 -0.116141 -0.383081 0.787311 -0.0623697 0.238077 -0.0755163
0.5119 -0.369716 -0.175101 0.230847 -0.19234 0.0047823 0.510024 -0.373355 -0.170808 0.229311 -0.19617 0.00508615
-0.407475 0.790239 -0.14963 0.178719 -0.329456 0.148486 -0.406256 0.787778 -0.148347 0.177747 -0.330181 0.149019
0.163311 0.629278 0.169524 0.092565 0.315683 -0.230618 0.16 0.627403 0.169208 0.0927209 0.31586 -0.232177
-0.359268 -0.0304158 -0.3911 -0.0982387 -0.0303633 -0.060732 -0.36217 -0.0280444 -0.392748 -0.0961217 -0.0305748 -0.0605925
0.0663324 -0.356208 -0.266366 0.0508483 0.180464 0.0244803 0.062047 -0.359469 -0.262184 0.0499737 0.183664 0.024447
1.09839 0.0667876 0.260521 0.139386 0.0166817 -0.205013 1.09902 0.06962 0.259588 0.140515 0.0163785 -0.207927
-0.432852 0.0304145 0.343201 -0.031109 -0.328411 -0.0893408 -0.435899 0.0277928 0.341706 -0.0308045 -0.329937 -0.0886865
0.36402 -0.304337 0.104931 0.112979 0.0268516 -0.098042 0.361497 -0.307307 0.10452 0.112511 0.0274425 -0.0990814
-0.174509 0.782927 -0.175769 0.019766 -0.278926 0.149392 -0.176724 0.77997 -0.1784 0.0197613 -0.278967 0.14986
-0.119848 0.0225118 0.761916 0.0873647 0.0941863 0.156299 -0.123233 0.0214281 0.764129 0.0861865 0.0946054 0.155623
0.729802 1.1179 0.738678 -0.0289089 0.33681 0.0435541 0.7253 1.1179 0.735078 -0.0289609 0.340548 0.0442472
0.531461 -0.106423 0.104524 0.000981577 -0.244857 -0.14211 0.528883 -0.11056 0.10369 0.00086591 -0.24749 -0.143568
0.723469 0.0986038 0.887191 0.163753 0.190355 0.21046 0.721909 0.0999967 0.888912 0.164374 0.192343 0.213498
0.080639 -0.637007 -0.568099 0.0492514 -0.223135 0.184167 0.0810644 -0.6354 -0.568311 0.0489486 -0.228364 0.183677
-0.00159191 -0.318635 -0.547744 -0.122994 0.0258466 -0.0889264 -0.00399852 -0.315748 -0.55515 -0.120576 0.0258126 -0.0889074
1.02718 0.212 -0.0982545 -0.0397831 -0.0436721 -0.00860238 1.02771 0.214592 -0.093 -0.0401639 -0.0431375 -0.00865944
-0.0645499 -0.516968 -0.528925 -0.139783 -0.270061 -0.0479564 -0.0646089 -0.515493 -0.529864 -0.136331 -0.274828 -0.0487313
1.18097 0.299631 -0.22963 0.218509 -0.166968 0.02546 1.17894 0.30191 -0.231373 0.220468 -0.164789 0.025324
-0.581731 -0.303611 -0.314118 0.165419 -0.218755 0.114814 -0.577156 -0.299989 -0.305517 0.161101 -0.221433 0.114688
0.567627 0.934811 1.22836 -0.140956 0.144524 0.254914 0.565272 0.930475 1.23105 -0.141732 0.145413 0.258728
0.902481 0.347129 0.350467 0.0203718 -0.299083 0.100033 0.901556 0.346384 0.349066 0.0202201 -0.298479 0.101522
0.928964 0.0803932 0.451027 -0.13257 0.0414858 -0.0853629 0.928016 0.0809759 0.447841 -0.133684 0.0417059 -0.0863726
0.493654 -0.384096 -0.329394 -0.0167152 -0.246624 -0.251311 0.490644 -0.387405 -0.328128 -0.0172131 -0.251058 -0.252282
0.45198 -0.407886 -0.130141 -0.165793 0.0101658 0.18722 0.450331 -0.41116 -0.127173 -0.164432 0.0104939 0.188026
0.473723 -0.348863 0.289583 -0.192697 -0.0716633 -0.102506 0.471168 -0.353287 0.287348 -0.19182 -0.0732601 -0.103137
1.3629 1.13932 1.1943 -0.243818 -0.334344 -0.0399818 1.3569 1.13928 1.1895 -0.249282 -0.33751 -0.039622
0.273066 -0.0851538 0.304463 0.209625 -0.27015 -0.233878 0.272524 -0.0870363 0.303273 0.208296 -0.272659 -0.235004
-0.496292 0.460483 -0.356731 0.171705 -0.237171 -0.174669 -0.494452 0.459421 -0.360755 0.167791 -0.235199 -0.174334
-0.0666477 0.997398 -0.000477105 0.0171691 -0.0159664 0.214008 -0.0681719 0.994565 0.000456119 0.0172832 -0.0159542 0.214688
0.723941 1.03108 0.718381 -0.0159471 0.0911539 -0.0640433 0.721319 1.02747 0.712765 -0.0165389 0.0918989 -0.0652213
0.375018 -0.370628 0.3885 -0.240469 0.00636515 0.229341 0.374275 -0.372254 0.386837 -0.23873 0.00664142 0.229485
0.137185 1.02514 0.430213 0.197191 -0.0351808 -0.221363 0.137114 1.0245 0.426307 0.199291 -0.0358252 -0.22298
1.30389 1.31204 1.2515 -0.0692124 0.298944 -0.187714 1.29742 1.31262 1.24896 -0.0716682 0.305564 -0.194042
0.614254 0.0623976 0.926487 -0.0977281 -0.0245585 0.227149 0.610965 0.0636013 0.928486 -0.097767 -0.0250959 0.229197
-0.371765 0.320124 0.0946706 0.0333909 -0.0684475 0.211015 -0.37527 0.317605 0.0930526 0.033129 -0.068781 0.211146
0.997483 0.234708 0.888246 -0.252542 0.1769 0.258469 0.994794 0.23568 0.885306 -0.252919 0.175756 0.262087
-0.180699 0.27339 0.115804 0.0665044 -0.1212 -0.0937541 -0.186372 0.271174 0.113901 0.0660348 -0.121349 -0.0942218
1.12052 0.0550455 -0.0342117 -0.130636 -0.0551324 -0.160354 1.12084 0.0581535 -0.0296133 -0.131592 -0.0551755 -0.162087
0.669531 1.07117 1.12618 -0.229724 0.158495 -0.174121 0.666693 1.06789 1.1239 -0.233194 0.162106 -0.177631
0.565522 -0.0855831 -0.468544 -0.224011 -0.312849 -0.135062 0.561507 -0.0868479 -0.477933 -0.223093 -0.314294 -0.136645
-0.0751505 -0.18288 0.24135 0.0722927 0.0522148 0.216229 -0.0788662 -0.183322 0.239569 0.0711231 0.0527544 0.215833
0.0251195 0.111611 -0.331927 0.118381 -0.175031 0.0832389 0.0206603 0.111582 -0.337352 0.117813 -0.175124 0.0837302
1.10466 0.21839 -0.0291513 -0.00988504 -0.0480295 0.156851 1.10483 0.220348 -0.0255188 -0.010112 -0.0476093 0.15876
-0.317441 0.0831568 -0.249191 -0.155426 -0.294198 0.0772418 -0.319365 0.0823692 -0.245845 -0.152269 -0.293894 0.0761434
0.803837 0.198357 0.739221 0.12941 -0.245938 0.00124016 0.799848 0.196312 0.737194 0.129924 -0.246655 0.000842349
0.678614 -0.47091 -0.547853 0.0154643 0.151206 0.224152 0.674705 -0.470426 -0.552632 0.0148598 0.154405 0.224611
-0.332071 1.0926 1.06098 0.0434727 -0.183766 -0.23468 -0.329105 1.08778 1.06013 0.0438445 -0.188061 -0.235203
0.316152 0.359681 0.759411 0.0934574 0.266157 0.0334844 0.311253 0.356614 0.759699 0.0937737 0.267495 0.0336003
0.823358 0.151945 0.718044 -0.121558 0.164506 0.172325 0.820893 0.151645 0.715636 -0.121931 0.16472 0.173998
-0.109104 -0.315688 -0.451079 -0.144506 0.111396 0.0844417 -0.111329 -0.313797 -0.452274 -0.14176 0.113251 0.0845071
-0.164635 -0.580672 -0.540705 0.216448 0.217786 0.0686194 -0.160826 -0.57606 -0.538196 0.209751 0.221182 0.0670215
0.853371 1.19406 0.938933 0.0588106 -0.333118 -0.126689 0.848786 1.19496 0.936065 0.0607204 -0.338473 -0.129524
0.68265 -0.293633 0.801055 0.011699 0.0688606 -0.225188 0.67781 -0.294247 0.799126 0.0115071 0.0698759 -0.226073
0.407942 0.606952 0.732131 -0.207541 -0.0834034 -0.209345 0.40714 0.605291 0.730426 -0.208437 -0.0832252 -0.211211
0.725685 -0.0940735 0.866665 0.091422 -0.198575 0.0312916 0.719573 -0.0951957 0.865775 0.0909322 -0.20058 0.0315277
0.063695 0.422585 0.752535 -0.0950041 -0.222616 0.177404 0.0602405 0.419139 0.752247 -0.0947484 -0.224465 0.178084
-0.563146 -0.581478 -0.126372 -0.0909765 -0.102399 0.00932646 -0.556303 -0.576648 -0.121637 -0.0880215 -0.104055 0.00894948
0.8967 0.469876 0.176002 -0.0845641 -0.244366 -0.106921 0.89698 0.469937 0.17707 -0.0854885 -0.242821 -0.108297
0.225888 1.06702 0.866629 0.143971 -0.19687 0.193636 0.223913 1.06507 0.863223 0.145082 -0.199869 0.195398
0.809906 0.766179 1.14655 -0.181295 0.313365 -0.176925 0.805681 0.763273 1.14903 -0.18416 0.317981 -0.181543
0.32824 -0.0873812 -0.116968 0.132946 -0.156446 -0.0609077 0.325178 -0.0886068 -0.115393 0.13279 -0.158014 -0.0612782
-0.193076 -0.0432882 -0.348329 -0.0648511 -0.00244455 0.0294111 -0.198031 -0.0419202 -0.349469 -0.0640184 -0.00245447 0.0293805
0.340859 0.319912 -0.176605 -0.178722 0.268352 -0.193736 0.339325 0.320262 -0.176136 -0.179064 0.267558 -0.195101
-0.497892 0.574855 0.702644 0.0848285 0.340286 0.173245 -0.496333 0.56992 0.700534 0.0832115 0.34294 0.171849
1.0226 -0.230574 -0.397407 0.230044 0.133602 0.183317 1.01972 -0.228112 -0.398842 0.229551 0.134952 0.184416
0.979464 0.923942 0.69951 -0.117763 0.141603 0.152392 0.977835 0.920496 0.693873 -0.119718 0.141115 0.154597
0.344466 0.110402 0.933717 0.0341804 0.160712 -0.231377 0.341063 0.109353 0.937103 0.0338295 0.161905 -0.232006
