-3.61267 -3.61306
-3.61063 -3.61061
-3.61152 -3.6117
-3.61347 -3.61334
-3.61365 -3.61378
-3.616 -3.61643
-3.61559 -3.61548
-3.61203 -3.6116
-3.61124 -3.61095
-3.61036 -3.61005
-3.61369 -3.61345
-3.61208 -3.61249
-3.61361 -3.6135
-3.61388 -3.61401
-3.61568 -3.61581
-3.61465 -3.61439
-3.61117 -3.61124
-3.61277 -3.61251
-3.61171 -3.61119
-3.60919 -3.60959
-3.61175 -3.61171
-3.6136 -3.61383
-3.61618 -3.61622
-3.61254 -3.61269
-3.6143 -3.61446
-3.61343 -3.6133
-3.60915 -3.60964
-3.61033 -3.61009
-3.61329 -3.61313
-3.61539 -3.6154
-3.6136 -3.61362
-3.61266 -3.61238
-3.61237 -3.61223
-3.61191 -3.612
-3.61376 -3.61415
-3.61316 -3.61322
-3.61328 -3.61337
-3.61249 -3.61264
-3.61259 -3.61275
-3.61509 -3.61534
-3.61417 -3.61383
-3.61191 -3.61182
-3.61224 -3.61245
-3.61206 -3.61251
-3.61457 -3.61428
-3.61443 -3.61446
-3.61075 -3.61047
-3.61091 -3.61093
-3.61153 -3.61161
-3.61411 -3.61435
-3.61334 -3.61329
-3.61452 -3.61471
-3.61595 -3.61612
-3.61317 -3.6133
-3.6108 -3.61102
-3.6109 -3.61104
-3.61121 -3.61124
-3.61224 -3.61261
-3.61423 -3.61416
-3.61583 -3.61599
-3.61488 -3.61454
-3.61512 -3.61531
-3.60965 -3.6095
-3.61138 -3.6114
-3.61395 -3.61401
-3.6141 -3.61388
-3.61459 -3.61459
-3.61 -3.61032
-3.61045 -3.61065
-3.61702 -3.6172
-3.61501 -3.6151
-3.61073 -3.61094
-3.61222 -3.61239
-3.61293 -3.61308
-3.61261 -3.61265
-3.61132 -3.6112
-3.61369 -3.61362
-3.61344 -3.6137
-3.61169 -3.61165
-3.61318 -3.61332
-3.61615 -3.61645
-3.61578 -3.61573
-3.611 -3.61096
-3.60889 -3.60904
-3.61294 -3.61247
-3.61121 -3.61118
-3.61221 -3.61223
-3.61515 -3.61504
-3.61608 -3.61605
-3.61367 -3.61371
-3.61195 -3.61236
-3.61066 -3.6103
-3.6128 -3.6126
-3.6117 -3.61179
-3.61431 -3.6142
-3.61538 -3.61551
-3.61572 -3.61554
-3.61137 -3.6115
-3.61216 -3.6126
-3.58541 -3.58536
-3.58541 -3.58485
-3.57481 -3.57523
-3.58877 -3.58841
-3.59065 -3.59051
-3.58276 -3.58289
-3.58318 -3.58375
-3.58042 -3.58047
-3.58026 -3.58037
-3.57762 -3.57765
-3.58359 -3.58373
-3.58405 -3.58445
-3.59066 -3.59009
-3.58375 -3.58397
-3.5817 -3.58151
-3.58329 -3.58278
-3.58629 -3.58647
-3.58428 -3.58466
-3.57767 -3.57682
-3.57002 -3.57114
-3.57385 -3.57407
-3.58298 -3.58318
-3.58744 -3.58748
-3.58585 -3.5859
-3.58204 -3.58232
-3.58548 -3.58575
-3.58679 -3.5869
-3.58601 -3.58551
-3.5871 -3.58738
-3.58306 -3.58388
-3.58428 -3.58465
-3.57991 -3.58106
-3.57882 -3.57917
-3.58181 -3.58177
-3.59072 -3.58996
-3.59269 -3.59261
-3.5819 -3.58177
-3.57916 -3.57902
-3.58235 -3.58136
-3.58721 -3.58742
-3.58695 -3.58696
-3.57887 -3.57867
-3.58498 -3.58469
-3.58134 -3.58149
-3.5806 -3.58007
-3.57953 -3.57885
-3.58955 -3.58898
-3.5859 -3.58531
-3.5804 -3.57993
-3.58559 -3.58623
-3.58546 -3.58558
-3.5783 -3.57742
-3.58246 -3.58277
-3.58127 -3.58127
-3.58484 -3.58466
-3.58333 -3.58297
-3.58468 -3.58463
-3.58592 -3.58549
-3.58378 -3.58351
-3.58752 -3.58683
-3.58256 -3.58333
-3.58232 -3.58277
-3.5803 -3.5794
-3.57408 -3.57421
-3.58169 -3.58114
-3.58652 -3.58656
-3.59012 -3.59063
-3.58378 -3.58312
-3.58446 -3.58498
-3.57576 -3.57667
-3.57921 -3.58042
-3.58885 -3.58939
-3.58662 -3.58644
-3.57938 -3.57959
-3.58265 -3.5833
-3.5809 -3.58126
-3.58521 -3.5865
-3.57823 -3.57889
-3.57954 -3.5807
-3.57952 -3.57975
-3.58051 -3.58085
-3.58381 -3.58342
-3.58491 -3.58545
-3.58107 -3.58093
-3.5807 -3.58055
-3.57933 -3.57993
-3.58226 -3.58283
-3.58882 -3.58936
-3.57877 -3.57797
-3.58015 -3.58107
-3.58083 -3.58196
-3.57723 -3.57684
-3.57769 -3.57767
-3.58744 -3.58646
-3.57596 -3.57609
-3.58361 -3.58268
-3.58411 -3.583
-3.58235 -3.58211
-3.58292 -3.58255
-3.54392 -3.54504
-3.53955 -3.53934
-3.55318 -3.55267
-3.54694 -3.5477
-3.55068 -3.55149
-3.55581 -3.55535
-3.54355 -3.54357
-3.55609 -3.55448
-3.55876 -3.55796
-3.5581 -3.55572
-3.55236 -3.55156
-3.54828 -3.54807
-3.55496 -3.55564
-3.55311 -3.55305
-3.55275 -3.5527
-3.54925 -3.54898
-3.53978 -3.5412
-3.54343 -3.54234
-3.54901 -3.54665
-3.54294 -3.54473
-3.53582 -3.53644
-3.55201 -3.55294
-3.54651 -3.54572
-3.56697 -3.56707
-3.56047 -3.56111
-3.55393 -3.55427
-3.54441 -3.54409
-3.55399 -3.55432
-3.55616 -3.55588
-3.5534 -3.55312
-3.5511 -3.55067
-3.5484 -3.54802
-3.55362 -3.55297
-3.55377 -3.55466
-3.5472 -3.54669
-3.56342 -3.56317
-3.54928 -3.55129
-3.54968 -3.5511
-3.54279 -3.54277
-3.54913 -3.54877
-3.55011 -3.54968
-3.55581 -3.55712
-3.55138 -3.55083
-3.55634 -3.55634
-3.5443 -3.5443
-3.53787 -3.53849
-3.55376 -3.55505
-3.56503 -3.56479
-3.54654 -3.5466
-3.55897 -3.55969
-3.55387 -3.55458
-3.54566 -3.54559
-3.55749 -3.55614
-3.55053 -3.55145
-3.54073 -3.54062
-3.53853 -3.53737
-3.53356 -3.53321
-3.54711 -3.54536
-3.55461 -3.553
-3.56468 -3.56418
-3.56011 -3.55999
-3.53372 -3.53454
-3.54113 -3.54136
-3.5539 -3.55512
-3.54404 -3.54416
-3.55168 -3.55061
-3.5424 -3.54099
-3.54432 -3.54364
-3.55817 -3.55851
-3.54808 -3.54917
-3.55906 -3.5597
-3.55618 -3.55673
-3.55669 -3.55731
-3.55803 -3.55763
-3.54907 -3.54862
-3.54379 -3.54302
-3.54543 -3.54606
-3.55335 -3.55383
-3.55057 -3.55137
-3.53889 -3.53932
-3.54339 -3.54504
-3.55832 -3.55908
-3.55315 -3.553
-3.54936 -3.54792
-3.5546 -3.55483
-3.55815 -3.55945
-3.55223 -3.55203
-3.54706 -3.54765
-3.55279 -3.55326
-3.53636 -3.53675
-3.54568 -3.54471
-3.56046 -3.5606
-3.55248 -3.55284
-3.55841 -3.55802
-3.54764 -3.54785
-3.55264 -3.55282
-3.5553 -3.55452
-3.52978 -3.53052
-3.5278 -3.52686
-3.59729 -3.59805
-3.592 -3.59145
-3.595 -3.59525
-3.59889 -3.59922
-3.596 -3.59603
-3.59252 -3.59302
-3.59852 -3.59854
-3.59911 -3.59919
-3.60038 -3.60015
-3.5981 -3.59877
-3.59366 -3.59323
-3.60207 -3.60157
-3.60091 -3.60072
-3.598 -3.59866
-3.59401 -3.59415
-3.59616 -3.59586
-3.60007 -3.59979
-3.59833 -3.59835
-3.59566 -3.59551
-3.59628 -3.5963
-3.60014 -3.60016
-3.60328 -3.60339
-3.60146 -3.60204
-3.59609 -3.59644
-3.59272 -3.59278
-3.59651 -3.597
-3.59761 -3.59722
-3.59532 -3.59537
-3.59942 -3.59944
-3.6032 -3.60281
-3.5951 -3.59489
-3.59316 -3.59337
-3.59639 -3.59634
-3.60115 -3.60146
-3.59734 -3.59741
-3.59606 -3.59605
-3.59828 -3.59907
-3.60071 -3.60113
-3.59454 -3.5949
-3.60125 -3.60071
-3.5993 -3.59929
-3.59981 -3.60024
-3.59767 -3.59785
-3.59624 -3.59677
-3.59885 -3.5986
-3.59869 -3.59824
-3.5962 -3.59651
-3.59815 -3.59762
-3.59833 -3.59834
-3.60795 -3.60812
-3.5969 -3.59644
-3.59741 -3.59737
-3.59803 -3.59804
-3.59655 -3.59731
-3.59605 -3.59547
-3.59445 -3.5943
-3.59813 -3.59804
-3.59691 -3.59671
-3.5979 -3.59833
-3.5992 -3.59941
-3.59299 -3.59352
-3.59875 -3.59869
-3.60052 -3.60057
-3.59717 -3.59734
-3.59479 -3.59543
-3.5963 -3.59676
-3.59856 -3.59891
-3.59596 -3.59624
-3.59629 -3.59652
-3.59554 -3.59637
-3.6012 -3.6015
-3.59672 -3.59688
-3.59552 -3.59547
-3.59569 -3.59571
-3.60046 -3.60044
-3.60381 -3.60374
-3.59556 -3.59609
-3.59393 -3.59335
-3.59459 -3.59433
-3.6009 -3.60075
-3.60117 -3.60104
-3.60164 -3.60106
-3.59829 -3.59743
-3.59245 -3.59236
-3.59664 -3.59677
-3.6022 -3.60224
-3.59775 -3.59769
-3.59631 -3.59624
-3.60151 -3.60139
-3.59854 -3.59857
-3.60272 -3.60289
-3.59635 -3.59641
-3.59643 -3.59613
-3.5956 -3.59546
-3.59995 -3.59984
-3.59968 -3.59973
-3.60091 -3.60061
-3.59377 -3.59481
-3.59679 -3.59684
-3.55344 -3.55446
-3.554 -3.55577
-3.56053 -3.56032
-3.56626 -3.56581
-3.57024 -3.57079
-3.55835 -3.55831
-3.56555 -3.56547
-3.56839 -3.56961
-3.56533 -3.56589
-3.55853 -3.55922
-3.56323 -3.56262
-3.56445 -3.56365
-3.56387 -3.56454
-3.57697 -3.57579
-3.5701 -3.57006
-3.5698 -3.569
-3.56503 -3.56433
-3.55448 -3.55605
-3.55101 -3.55207
-3.56011 -3.56145
-3.5721 -3.57155
-3.56183 -3.56109
-3.55863 -3.55968
-3.56749 -3.56769
-3.56815 -3.5677
-3.56911 -3.56861
-3.56551 -3.56524
-3.56534 -3.5666
-3.56455 -3.56426
-3.56804 -3.5682
-3.56957 -3.56869
-3.57592 -3.5756
-3.56416 -3.56403
-3.55831 -3.55869
-3.566 -3.56538
-3.57281 -3.57377
-3.57604 -3.57627
-3.5598 -3.56051
-3.55505 -3.55487
-3.56194 -3.56124
-3.5608 -3.55994
-3.56608 -3.56648
-3.55954 -3.558
-3.56395 -3.56348
-3.56615 -3.56591
-3.5707 -3.57049
-3.57798 -3.57639
-3.5636 -3.56216
-3.5577 -3.55656
-3.54942 -3.54875
-3.5608 -3.56005
-3.57341 -3.57354
-3.57296 -3.57203
-3.57044 -3.56981
-3.56238 -3.56243
-3.57481 -3.57586
-3.5696 -3.5684
-3.56802 -3.56798
-3.55664 -3.55662
-3.55863 -3.55691
-3.56311 -3.56194
-3.56986 -3.56962
-3.56307 -3.5627
-3.56584 -3.56557
-3.56497 -3.56493
-3.57707 -3.57748
-3.56699 -3.56716
-3.57491 -3.57398
-3.57105 -3.57158
-3.56702 -3.56799
-3.55895 -3.55928
-3.56135 -3.56024
-3.57221 -3.57068
-3.56577 -3.56489
-3.57125 -3.57088
-3.57388 -3.57373
-3.56274 -3.56095
-3.55608 -3.55667
-3.56097 -3.56105
-3.57284 -3.57394
-3.56183 -3.56168
-3.56088 -3.56078
-3.56538 -3.56519
-3.56034 -3.56044
-3.56399 -3.56482
-3.58072 -3.58068
-3.56254 -3.56211
-3.56494 -3.56536
-3.56006 -3.55925
-3.56395 -3.56342
-3.5522 -3.55178
-3.55909 -3.55901
-3.567 -3.56588
-3.56679 -3.56729
-3.5646 -3.56418
-3.56927 -3.56907
-3.55575 -3.55515
-3.56214 -3.5617
-3.567 -3.56799
