0.0422023 0.0589157 -0.00718451 0.00687468 -0.0114727 -0.0376197 0.0390562 0.0648437 -0.00627446 0.00677633 -0.0117561 -0.0304369
0.0293387 0.0666528 0.0291224 0.00819432 0.00423244 -0.0424763 0.0285734 0.0744092 0.0255016 0.00901704 0.00463203 -0.0377036
0.0338866 0.0848024 0.0200054 0.0100732 0.00642508 -0.0256052 0.0266202 0.0922532 0.0179191 0.0103114 0.00656133 -0.0192099
0.0551917 0.0556172 0.00951498 0.020248 -0.0117964 -0.0430319 0.048228 0.05791 0.0073446 0.0195514 -0.011963 -0.0335578
0.0336843 0.0663854 0.00405037 -0.00912123 -0.00594224 -0.0465112 0.0271423 0.0703754 0.0029857 -0.00886902 -0.00495365 -0.0391762
0.0105159 0.0707988 -0.00170134 0.00433734 -0.0183339 -0.0422591 0.0078443 0.0755522 0.000247614 0.00430623 -0.0177205 -0.0364752
0.0124153 0.0592599 0.0162846 0.00256302 0.0116294 -0.0413453 0.0108104 0.0672443 0.0152814 0.00221795 0.0104873 -0.0353016
0.0755068 0.0264066 0.0152837 0.00441346 -0.0179887 -0.0498702 0.0756676 0.0325295 0.00784743 0.00350884 -0.0169542 -0.0439885
0.0532998 0.0537801 -0.00875547 0.00254394 -0.0312342 -0.0305462 0.0482391 0.0570148 -0.0064083 0.0015294 -0.0310408 -0.0222104
0.0350015 0.068942 -0.00299672 -0.00837897 0.0357421 -0.0237675 0.0296994 0.0720106 -0.000231228 -0.00718806 0.0373414 -0.0176954
0.0323608 0.0556046 0.0198951 0.00211754 0.00418525 -0.0396258 0.0286859 0.0654885 0.0175257 0.00335976 0.00366692 -0.0353439
0.0351955 0.0467265 0.0310449 0.00144599 -0.00196854 -0.0515986 0.0324894 0.0565542 0.0251206 0.00148167 -0.00263467 -0.0472885
0.0287745 0.0571572 0.0203692 -0.00567216 0.0108524 -0.0438024 0.0202104 0.0645715 0.0161838 -0.00600781 0.0113902 -0.0371963
0.0238332 0.0748951 0.0122409 0.00525372 -0.00561665 -0.0362301 0.0129748 0.0770606 0.0128078 0.00560009 -0.00661896 -0.0291032
0.0267609 0.069267 0.00667107 0.00176694 0.0179627 -0.0341622 0.0191022 0.0734864 0.00853171 0.00321824 0.0178304 -0.027368
0.0257782 0.0796893 0.0130301 0.00288151 -0.00352722 -0.0328323 0.0218078 0.0888148 0.0143971 0.00238962 -0.00471522 -0.0269155
0.0388233 0.0486596 0.0182812 0.000555541 -0.0115924 -0.0391319 0.0383059 0.0574723 0.0150099 0.000654018 -0.0110938 -0.0345542
0.0500432 0.0372992 -0.00584195 0.000684812 -0.00904068 -0.0405606 0.0438465 0.0405234 -0.0133125 0.0007005 -0.00677169 -0.0333593
0.0572584 0.0503186 -0.00169756 0.00778276 -0.0209479 -0.0221548 0.0506222 0.0518041 -0.00326966 0.00778034 -0.0197351 -0.01393
0.0503815 0.0804848 -0.00852132 0.0128983 0.0111982 -0.0135967 0.0460652 0.083095 -0.00468354 0.0125114 0.0119898 -0.00794958
0.0262785 0.074427 0.0225955 -0.0149973 0.00538841 -0.0413982 0.0261891 0.0811422 0.0248643 -0.0148932 0.0064835 -0.0370706
0.027957 0.0479996 0.0252454 -0.00176623 0.0383471 -0.0468611 0.0247696 0.0561166 0.0242814 -0.000655578 0.0383403 -0.0406669
0.0190466 0.0593149 0.0204442 0.00020676 -0.0127176 -0.0459482 0.00916838 0.0649087 0.017477 -0.000859572 -0.0137014 -0.0397407
0.0315027 0.0721456 0.0303724 0.0014413 0.00114624 -0.0331481 0.0221075 0.0780874 0.0284599 0.000959366 -0.00120653 -0.0263278
0.0518389 0.0575237 0.0295259 0.00252279 0.0211262 -0.0363207 0.0457908 0.065077 0.0263861 0.00264761 0.0190741 -0.0317797
0.025622 0.074842 0.0283542 -0.00645617 -0.0141297 -0.0296482 0.0201993 0.0845606 0.0292426 -0.00704019 -0.01402 -0.0250391
0.0512611 0.0364584 0.0232095 -0.0031153 0.00809676 -0.0463275 0.0485182 0.0410224 0.0219212 -0.00305184 0.0103466 -0.038757
0.00941692 0.0627773 0.0188376 0.0043689 -0.0256343 -0.0332106 0.00598739 0.0671858 0.0190993 0.00362789 -0.0249978 -0.026219
0.0453618 0.0386588 0.00337404 0.0107479 -0.0110871 -0.0346034 0.0416928 0.0397994 0.00203454 0.0104885 -0.0123416 -0.0270858
0.0245785 0.0661972 0.0118655 -0.00014142 0.00269733 -0.0290308 0.0236 0.0728513 0.0123082 -0.000106076 0.00428903 -0.0246032
0.0380831 0.0745839 0.0147485 -2.33576e-06 -0.0252537 -0.037381 0.0356035 0.0803819 0.0130084 0.000179131 -0.0247337 -0.0304868
0.0324469 0.0636304 0.0165853 -0.00554478 -0.0093132 -0.0429322 0.0270404 0.0682574 0.0172867 -0.00629163 -0.0107434 -0.0349292
0.00854866 0.0828654 0.00424935 0.00449094 0.0147004 -0.0324914 -0.00196024 0.0875722 0.00358239 0.00404615 0.0134337 -0.025381
0.0557282 0.0408396 0.0223148 0.00456578 -0.0228044 -0.0483086 0.0509003 0.0441888 0.0204292 0.00411602 -0.0221488 -0.0414724
0.0158765 0.08073 0.0207889 0.000393657 -0.00251674 -0.0272299 0.0126306 0.0888601 0.0226012 0.000208856 -0.0019054 -0.0224872
0.0279417 0.0753328 0.00594475 -7.19777e-05 0.000727865 -0.0231358 0.0270638 0.0844958 0.00588757 -1.66707e-05 0.000883427 -0.018893
0.0420378 0.0563742 -0.00068514 0.00505536 -0.0226068 -0.0295503 0.0388431 0.0637598 -0.00279897 0.00351005 -0.0232248 -0.0238896
0.0413669 0.0460624 0.00288072 -0.00414535 0.0275073 -0.0358087 0.0374447 0.0501078 -0.000405029 -0.00249899 0.0277247 -0.0295582
0.0387159 0.0510686 0.0189551 -0.0081298 -0.00739984 -0.0332101 0.0341862 0.0564541 0.0151967 -0.00860935 -0.00629371 -0.0279138
0.0271858 0.0521104 0.0146344 0.00277605 -0.0144351 -0.0385449 0.023269 0.0604707 0.0109559 0.00206205 -0.0144451 -0.0341674
0.00443622 0.0765264 0.0157147 0.00211262 -0.00298284 -0.0311521 -0.00142785 0.0825219 0.0173685 0.00220987 -0.00246982 -0.0248695
0.0381248 0.0660421 0.0223414 -0.000113056 -0.0044096 -0.0489227 0.0321647 0.070677 0.0225323 0.000902478 -0.00382 -0.0430262
0.0332566 0.069652 0.0293543 -0.000567422 -0.00563368 -0.0424611 0.0264237 0.0750268 0.0290099 -0.000611412 -0.00329627 -0.0356388
0.0296958 0.0634565 0.0303443 0.00443171 -0.00463537 -0.0390464 0.0262247 0.0728707 0.0288379 0.0049986 -0.00304202 -0.0338763
0.0210528 0.0479431 0.0162392 0.0114274 -0.00620928 -0.0348657 0.0185104 0.0562982 0.0153153 0.00979813 -0.0081886 -0.0287014
0.028748 0.0453577 -0.00243302 0.00518626 0.026281 -0.0312401 0.0248158 0.0513266 -0.00705031 0.00530171 0.0244047 -0.0263863
0.0428984 0.0812997 0.00420335 0.00595537 -0.0132944 -0.0240117 0.0383734 0.0868514 0.00346612 0.00548303 -0.0126816 -0.0179111
0.0311181 0.0721806 0.018619 -0.00102274 0.0252243 -0.0287814 0.0281884 0.0801208 0.0188355 0.000671958 0.0245229 -0.0239397
0.0497404 0.0512432 0.0324448 0.00614827 -0.0225645 -0.04384 0.0476405 0.0586944 0.0300019 0.00589108 -0.0225375 -0.0375787
0.0259532 0.062441 0.00959921 -0.00594392 0.0131287 -0.0469175 0.0214744 0.0668391 0.0102014 -0.00554362 0.0142327 -0.0417557
-0.0113086 0.100532 0.000508242 -0.00237831 -0.0094254 -0.0226197 -0.0222624 0.108098 0.00567088 -0.00174868 -0.00790304 -0.016132
0.0465574 0.0497519 0.0105384 0.00303535 -0.00316682 -0.049013 0.0399983 0.0540651 0.0065855 0.0031992 -0.00191962 -0.0414331
0.0448696 0.0431643 0.0197265 -0.00614025 -0.00776652 -0.042475 0.0425198 0.0512795 0.015616 -0.00632473 -0.00634995 -0.036806
0.0320187 0.0795751 0.0113444 -0.002953 0.03797 -0.0216258 0.028097 0.0869817 0.012302 -0.00231215 0.0368504 -0.0159071
0.0338531 0.0617004 0.0175403 -0.0026292 -0.0149545 -0.0275492 0.0309237 0.0695651 0.0173989 -0.0026759 -0.0156885 -0.0229871
0.0430138 0.0540939 0.00168362 -0.0131305 0.013555 -0.0313651 0.0410494 0.0565478 -0.000431003 -0.0118139 0.0157865 -0.0232034
0.0400146 0.0523465 0.0046969 -0.00721253 -0.0144624 -0.0350155 0.0390168 0.0550361 0.0048474 -0.00704375 -0.0135422 -0.0274057
0.0130889 0.0685726 0.0323073 -0.00591427 0.0136842 -0.0259163 0.00740695 0.0776248 0.0338606 -0.00599596 0.012368 -0.0201204
0.0296204 0.0609375 0.0343558 0.00276712 0.0083103 -0.0380597 0.0228952 0.0684949 0.0332812 0.00472545 0.00907857 -0.0319591
0.0162062 0.0756074 0.0266986 0.00630681 -0.0266992 -0.0361962 0.0101058 0.0829708 0.0263545 0.0052047 -0.0259266 -0.0318514
0.0156069 0.0632356 0.0139817 -0.00241322 0.0296549 -0.0346717 0.0123553 0.0710972 0.017035 -0.000712387 0.0318952 -0.0289172
0.0081804 0.0540483 0.0319803 0.00335643 -0.00656935 -0.0405402 0.00444273 0.063532 0.0339524 0.00326306 -0.0067209 -0.0359985
0.0574499 0.0384774 0.0549808 0.00848364 -0.0018897 -0.0526838 0.0547865 0.0421144 0.0499271 0.00754474 -0.00274324 -0.0454402
0.0255959 0.0834374 0.012927 -0.013243 0.0272628 -0.0231856 0.0207713 0.0886669 0.0147493 -0.0123695 0.0279345 -0.0166691
0.0299349 0.0719218 0.01124 0.00227914 -0.00521457 -0.0246026 0.0256161 0.0774829 0.0120161 0.00218706 -0.00567803 -0.0190207
0.064676 0.0390308 0.0202153 -0.00694112 -0.00179076 -0.0441173 0.0611446 0.0454735 0.0146035 -0.00659616 -0.00271591 -0.0390967
0.00805545 0.0779049 0.0115216 -0.0140189 -0.00231322 -0.0302801 0.00115303 0.0844307 0.011086 -0.0140445 -0.00198256 -0.0244612
0.0209732 0.0812055 0.021809 -0.00515597 0.00352003 -0.0359845 0.0140373 0.0877773 0.0239718 -0.0041194 0.00419538 -0.0299169
0.0471675 0.0692091 0.0269861 -0.00881278 0.00582605 -0.0419214 0.0402938 0.0768916 0.025747 -0.00912925 0.00635435 -0.0367796
0.0338151 0.0572701 0.00952611 -0.0063542 -0.00747443 -0.0411156 0.0269295 0.0646014 0.00847234 -0.00635675 -0.00642093 -0.0353354
0.0299518 0.0637143 0.0195139 0.00235215 0.00702971 -0.0355169 0.0255073 0.0712478 0.0201421 0.00161409 0.00724402 -0.0296961
0.0492943 0.0515162 0.0115618 -0.00374146 0.0143381 -0.0413243 0.0465356 0.0592523 0.0102682 -0.00328198 0.0147609 -0.0349337
0.0318311 0.0538905 0.00770579 -0.00230117 0.0110937 -0.0387738 0.0307474 0.0595302 0.00692861 -0.00249733 0.0110907 -0.0328981
0.0318498 0.0598462 0.00707715 -0.00359951 0.00195015 -0.0297086 0.0291813 0.0636978 0.00400995 -0.00336882 0.00228781 -0.0227983
0.0667308 0.0291383 0.00120725 -0.0111938 -0.000250936 -0.0365041 0.0652928 0.0336855 -0.00247539 -0.0116619 -0.00104243 -0.0296211
0.0374276 0.0724737 0.0228755 0.00696185 0.00592263 -0.0281909 0.0326097 0.077944 0.0239861 0.00648086 0.00350983 -0.0230117
0.0295214 0.0631767 0.0207016 -0.00370985 0.0164677 -0.0414466 0.0241792 0.0706072 0.0192827 -0.00337793 0.0154538 -0.0357178
0.00410551 0.0881949 0.0124957 -0.00419658 -0.00377127 -0.0270511 -0.0039027 0.0940884 0.0155463 -0.00272458 -0.0026872 -0.0205815
0.0258359 0.0661108 0.0279016 -0.00365453 -0.0159258 -0.0357613 0.0211859 0.0739001 0.0286203 -0.00308498 -0.0159508 -0.0295572
0.0347808 0.0656404 0.0193825 -0.00120162 0.00679859 -0.037825 0.0303599 0.0731784 0.0186809 0.000389572 0.006307 -0.0322815
0.0218773 0.073343 0.00940153 0.00409379 0.00146402 -0.0256556 0.0162259 0.0822409 0.0085873 0.00464147 0.00232434 -0.0209985
0.0401558 0.0379853 0.00680481 -0.00593972 -0.031737 -0.0363467 0.0349754 0.0450452 0.00135394 -0.00647832 -0.0293817 -0.0303252
0.0273328 0.0642759 0.00925356 0.00128398 0.00525049 -0.0280481 0.0231264 0.070886 0.010069 0.00201928 0.00632781 -0.0208297
0.0553253 0.0655534 0.016938 -0.0115683 0.00569526 -0.029621 0.0532856 0.0694161 0.0183116 -0.0109837 0.00597423 -0.0207414
0.0302115 0.0576148 0.019388 0.011384 0.0046938 -0.0315254 0.024969 0.0653102 0.0233159 0.0111156 0.00373994 -0.0238764
0.0416533 0.0521938 0.0109445 0.00836175 -0.0143894 -0.0434687 0.0352056 0.0571804 0.00969805 0.00795255 -0.0153817 -0.0372542
0.0529257 0.0617271 0.0247766 -0.00745175 0.0279937 -0.0390295 0.0490878 0.067272 0.0229973 -0.00649941 0.0278153 -0.0327418
0.00826782 0.0780573 0.0229848 0.00459911 0.00579011 -0.0276074 0.00421959 0.0852653 0.0254775 0.00420894 0.00499664 -0.0225114
0.032525 0.0474569 0.0191309 -0.000244202 -0.00950742 -0.0425545 0.0286267 0.0554238 0.0157715 -0.000502403 -0.0106155 -0.0370113
0.0425441 0.0412851 0.0331551 -0.00748699 -0.0021496 -0.0471305 0.0378688 0.0488211 0.0266323 -0.00751756 -0.00183302 -0.0406189
0.0289425 0.0549191 0.0165118 0.00879791 -0.00326693 -0.0349331 0.0243584 0.06169 0.0168766 0.00884084 -0.00298931 -0.0285269
0.0391979 0.0781136 0.026966 -0.00924407 -0.0194711 -0.0276128 0.0328426 0.0842808 0.0284348 -0.00922927 -0.017796 -0.0218504
0.0591308 0.0679148 0.0107826 -0.00832668 -0.0111366 -0.0320115 0.053215 0.0723803 0.00972841 -0.00808626 -0.00921062 -0.0249944
0.0545835 0.0447263 0.0316753 -0.00411453 -0.0131428 -0.0454144 0.0498561 0.049586 0.028142 -0.00291138 -0.0122539 -0.0391239
0.0282929 0.0480338 0.0136875 -0.00595343 -0.00171951 -0.0457358 0.0225097 0.0544397 0.0112473 -0.00624036 -0.00188745 -0.0387978
0.00481097 0.0629326 0.0222425 -0.000624141 0.00190153 -0.0346623 -0.000743267 0.0701074 0.0211443 -0.000820574 0.000974017 -0.0294097
0.03255 0.0659447 0.0146882 -0.00304939 0.0164934 -0.0389047 0.0292338 0.0732628 0.0142621 -0.00320229 0.0152723 -0.0320158
0.057289 0.0757414 0.0308589 0.00101511 0.00384913 -0.0371647 0.0523107 0.0835105 0.0318375 0.00215749 0.00359767 -0.0320466
0.0162238 0.0757761 0.0226351 -0.00748106 -0.000356037 -0.0180842 0.0108892 0.0814242 0.0274469 -0.00791156 -0.000251329 -0.0126496
0.0778 0.137165 0.0915255 -0.0391384 -0.00478461 -0.0461126 0.0719964 0.143992 0.0898642 -0.0408359 -0.00412528 -0.0403121
0.164433 0.0827689 0.0629592 0.0211986 0.0043658 -0.0517005 0.160776 0.0889686 0.0581668 0.0199804 0.00482072 -0.0447812
0.114351 0.141309 0.100473 0.0223575 0.0145043 -0.0378056 0.106289 0.14856 0.10115 0.0229433 0.0156068 -0.0307611
0.114638 0.0868327 0.0756404 -0.000830004 -0.0101874 -0.0265341 0.109862 0.0953174 0.0648779 -0.0035474 -0.0107642 -0.0213697
0.0694143 0.0983609 0.079504 0.00303859 -0.00228406 -0.0391214 0.064942 0.105367 0.0755034 0.00354673 -0.00328628 -0.0312614
0.123737 0.0811963 0.105256 -0.0177188 0.00980162 -0.0687964 0.117832 0.0851136 0.0938502 -0.0167544 0.0138324 -0.0613813
0.129751 0.100872 0.0778547 0.00892491 0.0055611 -0.0452262 0.123164 0.103516 0.0727939 0.00852529 0.00795546 -0.0383472
0.0965403 0.120541 0.0732815 0.0319424 -0.0161298 -0.0197632 0.0914066 0.124305 0.0770908 0.0303474 -0.0183572 -0.0145561
0.127267 0.125784 0.0698967 0.00766395 0.00363883 -0.0164883 0.132065 0.127278 0.0684916 0.00578283 0.00541206 -0.00813076
0.0971515 0.122166 0.0940966 -0.0126029 0.0353079 -0.0250485 0.0975818 0.127531 0.0951419 -0.0110619 0.0336205 -0.0153524
0.0802397 0.109685 0.0693125 -0.0289386 -0.00543024 -0.00372359 0.0737978 0.1083 0.0648069 -0.0249106 -0.0049978 0.00761086
0.071983 0.140642 0.0695727 0.00678231 0.025046 -0.0328503 0.0657409 0.147612 0.0652063 0.00777881 0.0254719 -0.0285371
0.097712 0.130267 0.0741577 0.0249932 -0.00516735 -0.0391379 0.0917279 0.136766 0.0720564 0.021805 -0.00699187 -0.0338896
0.15463 0.129687 0.0724484 -0.0064226 0.00143071 -0.0184949 0.153329 0.133798 0.0715524 -0.00690079 -0.000613234 -0.0106197
0.0787605 0.166754 0.0980145 -0.00613247 0.00993068 -0.0325106 0.069823 0.171815 0.0912873 -0.00591662 0.0104042 -0.0279131
0.0917398 0.113518 0.0806039 -0.015147 0.0131871 -0.0610824 0.0889169 0.120869 0.081322 -0.0163446 0.0139474 -0.0552604
0.114851 0.101909 0.0612403 0.00111837 -0.0226384 -0.0279157 0.115215 0.107934 0.0585973 0.00302529 -0.0259155 -0.0191133
0.0908743 0.170109 0.0574206 -0.0156399 -0.0181061 -0.00375186 0.0872614 0.177726 0.0559333 -0.0162811 -0.0196041 0.00178847
0.131328 0.193226 0.119693 -0.0142646 -0.013082 -0.00593015 0.128284 0.199259 0.116836 -0.0153246 -0.0129448 -0.000895067
0.180959 0.131074 0.118445 0.0138298 -0.0344878 -0.0302687 0.178905 0.129819 0.111003 0.013373 -0.0329728 -0.0198696
0.137432 0.145155 0.0549635 -0.00302932 0.00962942 -0.0310889 0.140424 0.155602 0.0556231 0.000330774 0.00938872 -0.0220155
0.0638732 0.139782 0.0739374 0.0325191 0.027369 -0.0224646 0.0659923 0.140854 0.0726166 0.0330977 0.0254409 -0.0129707
0.0771833 0.102239 0.0338785 0.0172016 -0.0162294 -0.0364957 0.0740712 0.109191 0.0339967 0.0172526 -0.0157432 -0.0311296
0.0556766 0.145137 0.0431636 -0.00716434 0.0201141 -0.0181686 0.05095 0.156406 0.0441049 -0.00931628 0.0197718 -0.0132274
0.104376 0.154287 0.0533578 0.0043764 -0.0248207 -0.00811053 0.100162 0.159775 0.0541078 0.00327525 -0.0276711 -0.00245874
0.0820792 0.119785 0.101533 0.0296991 0.0230381 -0.0366144 0.0780044 0.123976 0.0878246 0.0312546 0.0217597 -0.0278784
0.0417563 0.141963 0.0910656 -0.00790973 -0.00906249 -0.048295 0.0368694 0.150454 0.0886255 -0.00630437 -0.00690623 -0.0400481
0.0837263 0.187265 0.0422588 0.00211155 -0.004856 -0.0456858 0.075631 0.191601 0.0343397 0.00247007 -0.00146251 -0.0402779
0.119478 0.0960861 0.0740649 -0.0116611 -0.00422028 -0.0543077 0.122125 0.101054 0.0664079 -0.0115738 -0.00452541 -0.0447006
0.0554613 0.164039 0.0672857 0.0154638 0.00735194 -0.0172244 0.0547502 0.171381 0.0664544 0.0132694 0.00790447 -0.0114104
0.0600182 0.126174 0.132231 0.000428262 -0.00866456 -0.0196951 0.064317 0.131718 0.126513 0.000536991 -0.00597504 -0.0137596
0.0881799 0.122028 0.127464 -0.01089 -0.00725531 -0.0323947 0.0901032 0.127888 0.121615 -0.00949353 -0.007108 -0.0286139
0.109066 0.147175 0.115648 0.00188619 0.0121435 -0.0364158 0.107241 0.14797 0.105329 0.00647858 0.0130632 -0.0300534
0.0818379 0.140086 0.0853021 -0.0203239 -0.0210902 -0.0206619 0.0749396 0.14593 0.0804616 -0.0206289 -0.023215 -0.0152723
0.0586002 0.173534 0.0829208 0.0111921 0.00743772 -0.0248002 0.0512925 0.180257 0.0813625 0.0106031 0.00585921 -0.0201636
0.0814525 0.13035 0.0937026 -0.0386132 -0.00593906 -0.052147 0.0749128 0.142782 0.0899748 -0.0377593 -0.00534953 -0.0475502
0.123002 0.155712 0.0987213 -0.0335604 0.00841513 -0.0539911 0.117398 0.161604 0.0974633 -0.0343548 0.00494306 -0.0494875
0.113763 0.140709 0.142999 -0.00301172 0.0291397 -0.0356915 0.10465 0.140998 0.140045 -0.00515101 0.0265467 -0.0279088
0.124261 0.125497 0.11505 0.00679842 0.0290014 -0.0232101 0.119335 0.131009 0.115073 0.00526605 0.0307563 -0.0130995
0.125816 0.113578 0.0670663 -0.0181473 0.00695118 -0.0286941 0.121061 0.119893 0.0647639 -0.0192884 0.0076694 -0.0219454
0.110813 0.139222 0.0685263 0.00821838 0.00233102 -0.0372065 0.110364 0.145474 0.0671608 0.00854346 0.00149566 -0.0324952
0.0937742 0.151328 0.0930232 -0.0273519 -0.0420594 -0.0138385 0.0924484 0.155736 0.0942303 -0.0282818 -0.0417272 -0.00674943
0.0745778 0.0954727 0.0938818 0.00268596 0.036098 -0.0402157 0.0751948 0.103716 0.0945788 0.0046932 0.0386098 -0.0344282
0.0832383 0.0930068 0.109001 0.0250414 -0.0231062 -0.0300917 0.0849608 0.0999639 0.108017 0.0257058 -0.0215035 -0.0216113
0.0706304 0.105808 0.0992199 0.00477656 -0.0159983 -0.029704 0.0679026 0.109732 0.0939889 0.00468927 -0.0163024 -0.0198246
0.113302 0.137296 0.115716 0.0236834 0.0062196 -0.0153685 0.105084 0.142512 0.11555 0.0244756 0.00296426 -0.00885717
0.0763389 0.0965093 0.091112 -0.00198503 -0.00947542 -0.0426809 0.0716822 0.100383 0.0860308 -0.000374636 -0.0104694 -0.0375753
0.0876151 0.152992 0.0738077 0.00248999 0.0504535 -0.040973 0.0812976 0.160791 0.0739213 0.00364507 0.0509442 -0.0383209
0.135286 0.106568 0.0988553 -0.0370936 0.0203414 -0.0565169 0.131757 0.107728 0.0969345 -0.0344414 0.0195736 -0.0473739
0.0665058 0.131509 0.0881282 0.00778812 -0.0123491 -0.0307773 0.0629416 0.138545 0.0860009 0.0074383 -0.0154423 -0.0282671
0.0910639 0.148387 0.0508739 -0.00943748 0.025786 -0.0290825 0.0911196 0.155109 0.0500385 -0.00622918 0.0279594 -0.0237189
0.0999589 0.131202 0.138161 -0.0172715 0.0231663 -0.0222396 0.101491 0.135889 0.13542 -0.0161823 0.023631 -0.0149122
0.0699782 0.124816 0.0497555 0.0209232 -0.0424842 -0.0373374 0.067935 0.126782 0.0459964 0.0213859 -0.0428405 -0.0289824
0.0593511 0.118886 0.0659218 -0.000565395 -0.00195886 -0.0408847 0.054291 0.116553 0.0597817 -0.00165126 -0.00483592 -0.0279914
0.100866 0.087691 0.0941061 0.0178155 0.00292307 -0.0535177 0.0968303 0.0902697 0.0872322 0.0193245 0.0025425 -0.0468263
0.0856532 0.126077 0.0856212 0.00655301 0.0101237 -0.0102946 0.0828359 0.125835 0.0814285 0.00658742 0.00767352 -0.00314717
0.109295 0.127142 0.0932875 -0.0120213 0.0078375 -0.0353678 0.107817 0.130723 0.0893335 -0.00930371 0.0104207 -0.0310678
0.0762341 0.102592 0.15981 -0.0102294 -0.0192734 -0.0366612 0.0756506 0.111135 0.159818 -0.0110591 -0.0196679 -0.0306393
0.0945626 0.135127 0.110788 -0.0138126 0.00013517 -0.0377961 0.0882905 0.141895 0.106632 -0.0166041 -0.00157223 -0.0307325
0.136499 0.107972 0.0613156 -0.0181324 0.0256755 -0.05103 0.138488 0.115713 0.0578729 -0.0160045 0.026531 -0.043588
0.0770309 0.131077 0.138469 -0.0228232 -0.000920391 -0.0432034 0.0753238 0.134252 0.138374 -0.0213387 0.000626364 -0.0382859
0.112043 0.125945 0.119063 0.0018058 -0.0123863 -0.0356658 0.108156 0.125105 0.108475 0.000225933 -0.0161583 -0.0297209
0.104479 0.158216 0.0672919 0.0202628 0.000235134 -0.0168256 0.0994523 0.160617 0.0621075 0.0194842 0.000275071 -0.00882489
0.111481 0.179738 0.114425 0.0255066 0.00344198 -0.0309863 0.102569 0.181363 0.105404 0.0246722 0.00504819 -0.026371
0.119562 0.149288 0.115012 0.000450226 0.00547798 -0.0398717 0.116508 0.153749 0.112348 0.000792574 0.00595764 -0.0331066
0.0954101 0.150636 0.0535562 0.0131489 0.016722 -0.0366956 0.0929455 0.156044 0.05326 0.012299 0.0146284 -0.0302726
0.0860551 0.107739 0.0604889 0.0140914 -0.00297295 -0.0514388 0.0784817 0.108022 0.0607436 0.0122276 -0.00492586 -0.04136
0.12349 0.098733 0.0938589 -0.000509403 0.00817412 -0.0119842 0.118777 0.101467 0.087154 -0.00174646 0.00804532 -0.00323867
0.0969444 0.169626 0.0915836 0.00131682 -0.00826698 -0.0069492 0.090724 0.179535 0.0866952 0.00543205 -0.00714111 -0.00264343
0.136283 0.160865 0.104215 0.0118729 0.0389605 -0.0335082 0.12651 0.163379 0.0950977 0.0129552 0.0419206 -0.0295625
0.0958333 0.148752 0.0577182 -0.00106167 -0.0120539 -0.0415436 0.0868385 0.150166 0.0526247 0.000388153 -0.0145716 -0.0382723
0.0451517 0.139328 0.0638437 -0.0202595 -0.0246922 -0.0279354 0.0371089 0.146279 0.0631871 -0.0207376 -0.0255599 -0.0190142
0.10551 0.132221 0.0983102 -0.0100579 0.0129723 -0.0425331 0.102747 0.135294 0.0920003 -0.00746936 0.0157876 -0.0355442
0.0883416 0.149737 0.121499 -0.0286424 -0.00264497 -0.0405065 0.0828903 0.156705 0.121316 -0.0272591 0.000212041 -0.0310816
0.0993657 0.124299 0.109654 0.00642657 0.0146768 -0.0583781 0.0965319 0.13119 0.103489 0.00830113 0.0148765 -0.048561
0.106726 0.117964 0.12851 0.00864184 0.00827154 -0.0406671 0.106788 0.121938 0.122954 0.00706843 0.00651781 -0.0320792
0.0795786 0.115466 0.120036 -0.0105122 -0.013211 -0.0290845 0.0746591 0.124015 0.112263 -0.009992 -0.0115083 -0.0250503
0.118102 0.118942 0.10129 0.0098658 0.000205479 -0.037417 0.115998 0.120151 0.0991807 0.00916207 0.00242687 -0.0288243
0.0722155 0.130456 0.0534242 0.0182526 -0.0249697 -0.0195906 0.07132 0.13462 0.0517804 0.0182956 -0.0231988 -0.0124968
0.0677508 0.17167 0.082202 0.0190307 0.00312636 -0.0132483 0.0650232 0.177646 0.0843369 0.0174782 0.00318241 -0.00943221
0.126059 0.124442 0.0491387 0.025058 -0.011036 -0.0383763 0.12939 0.130025 0.0523642 0.0243385 -0.0117122 -0.0277749
0.0866188 0.100618 0.0952012 0.00619644 0.0160192 -0.0453729 0.0818719 0.103836 0.0908686 0.00858915 0.0164436 -0.0357029
0.102753 0.101933 0.0596316 -0.0199402 0.0129004 -0.0435806 0.0973629 0.106337 0.0557166 -0.0193978 0.0117331 -0.0369201
0.0737023 0.141563 0.0843434 -0.0065235 0.0262969 -0.0173296 0.063008 0.147639 0.0878768 -0.00768557 0.0251323 -0.00932913
0.0961825 0.118784 0.0936833 0.00521397 0.00820846 -0.039889 0.0950006 0.118512 0.0838531 0.00317694 0.00926713 -0.0311331
0.0830404 0.154448 0.0738018 0.00717062 -0.0213758 -0.0387997 0.0737171 0.157809 0.0728324 0.0058989 -0.0217841 -0.0344443
0.114537 0.134385 0.0702504 0.0137474 0.00400106 -0.0172973 0.104865 0.137574 0.0661612 0.0150663 0.00390555 -0.010458
0.100596 0.118393 0.0659008 -0.0074953 -0.00531453 -0.0357923 0.0916458 0.122645 0.0633638 -0.00589502 -0.0039349 -0.0309933
0.112242 0.142868 0.0642115 -0.0375623 0.00190921 -0.0152473 0.10362 0.153604 0.0659471 -0.0412241 0.000447881 -0.00892443
0.0855464 0.104741 0.0531352 0.0155334 -0.00554536 -0.0202565 0.0852434 0.117032 0.0488216 0.0159153 -0.0074505 -0.014405
0.120201 0.111878 0.0571617 -0.0380575 0.00422736 -0.0401691 0.120609 0.120076 0.0545789 -0.0386665 0.00665624 -0.0333406
0.110125 0.15764 0.0980475 -0.0107255 0.0264201 -0.0104238 0.107518 0.163434 0.106054 -0.00882893 0.0243537 -0.000845667
0.111356 0.17199 0.0679584 0.0127488 -0.0408496 -0.0291761 0.105183 0.173198 0.0655836 0.00945903 -0.0406843 -0.0226055
0.0757299 0.131584 0.0460408 -0.0317067 0.0208663 -0.0137736 0.0741345 0.139403 0.0498379 -0.0266212 0.0227316 -0.00526627
0.135318 0.132585 0.0890344 0.000347981 0.0373798 -0.0336835 0.133278 0.135069 0.0809339 -2.0624e-05 0.0344809 -0.0260943
0.11599 0.15838 0.0576453 -0.0351572 0.00646495 -0.036638 0.109502 0.167161 0.058955 -0.0358276 0.00636966 -0.0312817
0.0719199 0.194899 0.0685202 -0.0300052 -0.00463856 -0.0342321 0.0598518 0.198926 0.0729757 -0.0312952 -0.00513126 -0.0257814
0.119187 0.139498 0.0737784 0.00553073 -0.0160608 -0.0235512 0.11609 0.14626 0.069391 0.00264859 -0.0146894 -0.0159785
0.0537301 0.160993 0.113302 -0.000235198 0.000158014 -0.0126195 0.0477211 0.165817 0.110675 0.000526338 0.000601683 -0.0076288
0.14933 0.232122 0.188342 -0.0294734 -0.0172034 0.00897737 0.145778 0.237407 0.176391 -0.0301756 -0.0128757 0.0114324
0.167352 0.235817 0.175027 -0.0224358 0.0196924 0.00641055 0.164228 0.236508 0.171171 -0.0229602 0.0204764 0.0127568
0.132312 0.204268 0.0831216 0.0157773 -0.0183582 0.0173216 0.132513 0.21091 0.0868302 0.0153397 -0.0190311 0.0248668
0.152534 0.143144 0.150964 0.0100795 -0.0202564 -0.0100768 0.152048 0.154307 0.152722 0.00823892 -0.0264783 -0.00438501
0.12957 0.135017 0.109247 -0.0148264 0.0299313 0.0117215 0.127916 0.136537 0.108897 -0.0126667 0.0305331 0.0213111
0.142566 0.166924 0.143738 0.017207 0.00211334 0.0262026 0.140472 0.170474 0.140481 0.0120526 0.00116583 0.0283075
0.143227 0.217142 0.140789 0.0123383 -0.0368243 0.00934409 0.140046 0.227649 0.139506 0.00825444 -0.0394391 0.0131832
0.102769 0.166036 0.165113 0.0163611 -0.0105485 -0.0165562 0.102229 0.175771 0.15975 0.0150579 -0.0115692 -0.0112362
0.129464 0.163823 0.112525 0.00160742 -0.00567526 -0.0495584 0.129338 0.17567 0.108464 0.00289082 -0.00674715 -0.0447952
0.0865702 0.188798 0.161548 -0.00277578 0.0484152 0.00545348 0.0865335 0.202804 0.162164 6.8198e-06 0.0534954 0.00670819
0.195568 0.189372 0.15732 -0.0235809 -0.0434148 -0.0278192 0.197328 0.199933 0.143514 -0.0218403 -0.0432202 -0.0190631
0.152254 0.226589 0.12519 -0.00408933 0.00475925 0.00322066 0.147659 0.228822 0.124571 0.00325503 0.00686889 0.00725185
0.102935 0.149008 0.154326 -0.0074764 -0.00277478 -0.00270709 0.0952502 0.149941 0.153944 -0.00498928 0.00294276 0.00368631
0.0806352 0.145895 0.139085 -0.0026651 -0.0126791 0.00104317 0.0797434 0.152881 0.138507 -0.000425167 -0.00514504 0.00146833
0.112095 0.165998 0.139962 -0.0152919 -0.00564511 0.0159635 0.112076 0.170821 0.134884 -0.0140352 -0.0073443 0.0187973
0.0933133 0.162358 0.188179 0.0401179 -0.0407645 0.0555094 0.0953209 0.171387 0.192269 0.0395957 -0.0383736 0.0568727
0.183732 0.136888 0.142924 0.0214198 -0.0556659 0.0040321 0.182286 0.148418 0.145657 0.0199179 -0.0649089 0.00619056
0.128714 0.227656 0.0958035 0.0288946 -0.00602933 -0.0027032 0.128433 0.23711 0.0931368 0.0336679 0.000574616 0.00345591
0.109202 0.182373 0.174604 0.0460444 -0.0354588 0.0179884 0.118027 0.190382 0.166894 0.043547 -0.0367096 0.022922
0.212289 0.14986 0.126518 0.0155641 -0.00308413 0.0123634 0.219716 0.153571 0.120993 0.0182787 -0.00387423 0.0143745
0.177445 0.188001 0.0928408 0.0432768 -0.0524348 -0.0174317 0.177371 0.190677 0.0887584 0.0433856 -0.0574658 -0.0118532
0.0808279 0.109625 0.0966188 -0.00120141 -0.0146783 0.000335255 0.0896755 0.111191 0.094411 -0.000896176 -0.0143829 0.00611017
0.169366 0.201692 0.128914 0.00667127 0.021307 0.00753683 0.16694 0.208374 0.132677 0.00998248 0.0214845 0.0140894
0.143466 0.148206 0.147069 -0.0168884 0.0134032 0.011146 0.137341 0.152909 0.137674 -0.019524 0.0131533 0.0133443
0.130473 0.127038 0.149086 0.0379556 -0.00539505 -0.01544 0.130912 0.132934 0.143235 0.0348787 -0.00805678 -0.0102377
0.139558 0.190966 0.0745004 -0.0279998 0.0222432 -0.0202733 0.139833 0.196936 0.0682735 -0.0277452 0.0187273 -0.0192904
0.164914 0.242365 0.110515 0.021057 0.0664226 0.0224419 0.169688 0.245685 0.102661 0.0187363 0.0622213 0.0274129
0.143559 0.146316 0.14306 0.0164907 0.0602886 0.0197365 0.143967 0.156185 0.133297 0.0208958 0.0517221 0.021149
0.148117 0.172162 0.180311 -0.00634449 -0.0154314 0.00861775 0.14206 0.181489 0.179314 -0.00917792 -0.0191821 0.00860923
0.150802 0.175437 0.192343 0.0341593 0.0205815 -0.00994126 0.145562 0.181275 0.190159 0.0341468 0.0168652 -0.0103023
0.10548 0.189955 0.121614 0.0237421 0.0349187 0.00537186 0.111283 0.196526 0.122395 0.0256538 0.0374916 0.0126508
0.181103 0.112526 0.115289 -0.0427638 -0.0262306 -0.0400049 0.181552 0.115211 0.114781 -0.0440801 -0.0210901 -0.0330835
0.117677 0.166081 0.222778 0.0105996 0.00629702 0.00953613 0.121985 0.169684 0.221504 0.0104963 0.00618197 0.0139212
0.112755 0.186379 0.134871 0.0168756 0.0405514 -0.0124846 0.119109 0.191513 0.132418 0.0177423 0.0418073 -0.00294037
0.154845 0.205973 0.123539 0.0315874 -0.0100212 -0.00877718 0.152964 0.211485 0.122504 0.0351704 -0.00981899 -0.00059582
0.117029 0.124978 0.116847 -0.012547 0.011427 -0.0305041 0.120561 0.127647 0.118653 -0.0105928 0.0137987 -0.0184417
0.138289 0.160514 0.155017 0.0209316 0.00204991 -0.0216058 0.136593 0.165305 0.15198 0.0226036 9.39533e-06 -0.0170666
0.13241 0.217798 0.129843 -0.0738757 0.000743125 0.00607428 0.132 0.21754 0.113665 -0.0753939 0.00208692 0.0103231
0.187184 0.139839 0.177412 -0.0355482 0.0116474 0.0184923 0.179227 0.142979 0.166001 -0.0359349 0.0161886 0.0187227
0.102201 0.16939 0.216431 0.0130091 0.0112473 0.0176627 0.102121 0.170248 0.214321 0.0130364 0.011054 0.0147447
0.130395 0.176923 0.131023 -0.013945 0.0566296 -0.0239668 0.133577 0.178147 0.128466 -0.0171922 0.0566199 -0.0226024
0.0967068 0.164247 0.118396 0.017339 -0.00305256 -0.0174966 0.0957296 0.163423 0.108792 0.0168996 -0.00151777 -0.0111947
0.12241 0.100737 0.214421 -0.00358615 -0.0257189 0.0296758 0.120804 0.106529 0.199557 -0.00330771 -0.0228982 0.0373447
0.17884 0.126763 0.144343 0.0393158 0.0207231 0.0170672 0.184866 0.133032 0.144569 0.0352011 0.0140739 0.0229069
0.169644 0.189583 0.179032 0.0410325 0.00208881 0.0129442 0.178491 0.190043 0.181768 0.0357092 -0.000143266 0.0212313
0.200939 0.203566 0.086041 -0.0243348 0.0221418 0.0373196 0.206966 0.210288 0.090189 -0.0212293 0.0157207 0.0440927
0.108117 0.187448 0.135382 -0.00532045 0.00702768 0.0062526 0.106823 0.18587 0.141717 -0.00492826 0.00732253 0.0152423
0.120508 0.161904 0.0619247 -0.025099 -0.0167322 -0.00910309 0.118508 0.169485 0.0475948 -0.023528 -0.0136483 -0.00299894
0.238244 0.148511 0.0919246 0.0213658 -0.0539577 -0.0253347 0.238515 0.147315 0.0737763 0.0251379 -0.0493997 -0.0229111
0.127534 0.165099 0.103535 0.0388102 -0.0183315 -0.0556426 0.130772 0.170178 0.0935715 0.0370142 -0.0187255 -0.0486379
0.168595 0.144201 0.103044 -0.00125476 0.0403341 -0.0119036 0.167786 0.148181 0.098564 0.00158316 0.0371096 -0.00421765
0.154543 0.220282 0.199755 -0.0158333 -0.00854154 -0.00872886 0.154345 0.225619 0.190953 -0.016132 -0.0107969 -0.00525844
0.0657559 0.183486 0.156213 0.010418 0.00756362 0.0325812 0.0659841 0.193912 0.156969 0.00548872 0.00880666 0.0379349
0.0572733 0.120184 0.171945 0.00682148 0.0334275 0.0148035 0.0559232 0.126978 0.167867 0.00677131 0.0383728 0.0178532
0.149355 0.216756 0.155689 0.0116975 0.0417281 -0.0147768 0.143682 0.219559 0.155007 0.0133628 0.0398028 -0.0125353
0.210912 0.142033 0.20768 0.0166382 0.0048972 0.0366733 0.205404 0.144364 0.208174 0.0174459 0.00623267 0.0387104
0.207439 0.183518 0.193488 0.00994 -0.0261458 -0.0202329 0.211715 0.178418 0.187611 0.0114651 -0.0258483 -0.0141774
0.109786 0.192434 0.12367 -0.0466304 0.0302164 0.00711754 0.115939 0.19865 0.119656 -0.0486108 0.0279328 0.00935469
0.118244 0.146997 0.157028 0.0144193 0.0717569 -0.0245555 0.125478 0.156625 0.157797 0.0214905 0.0718045 -0.0216601
0.0760258 0.161928 0.151475 -0.0294618 0.0086847 0.0392622 0.0732081 0.16429 0.148721 -0.0270682 0.0114467 0.045269
0.10537 0.181554 0.127648 -0.0498579 -0.0180575 0.034621 0.104553 0.184985 0.122009 -0.0496053 -0.0204129 0.0436493
0.184668 0.182658 0.190009 -0.010241 0.00752558 0.0337056 0.173758 0.188238 0.189067 -0.013907 0.00745942 0.0403664
0.180582 0.151617 0.1767 -0.0355991 0.014588 -0.0113889 0.177254 0.159209 0.169565 -0.0349057 0.012819 -0.00399901
0.117453 0.187277 0.0919857 0.00431317 0.00151571 0.0435996 0.114388 0.193972 0.0921956 0.00447615 0.00296554 0.0467279
0.175159 0.166968 0.155267 0.0167127 0.0223045 -0.0144896 0.170514 0.1689 0.148845 0.0148823 0.0194769 -0.0127496
0.130498 0.152668 0.165931 0.00792615 0.0421015 0.0117518 0.132543 0.153534 0.169494 0.00748656 0.0396254 0.0196617
0.190807 0.146756 0.16114 0.00415052 0.019139 -0.000658295 0.184823 0.147793 0.146434 0.00192316 0.0194605 0.00219208
0.161627 0.160582 0.134679 0.0051111 0.0030695 0.0695414 0.165049 0.161737 0.132977 0.00333065 0.00316312 0.0729682
0.126071 0.137832 0.103933 0.00615364 0.0283636 0.0140866 0.122073 0.137523 0.102797 0.0106525 0.0259224 0.0194045
0.152855 0.156826 0.113358 -0.00549971 0.00795581 0.000663837 0.148523 0.158416 0.113582 -0.00478855 0.006169 0.0026809
0.080898 0.155352 0.124009 -0.00693247 -0.0040451 0.0314904 0.0715141 0.151603 0.118436 -0.00431436 -0.0032935 0.0389197
0.16706 0.180684 0.119675 -0.0100232 0.0381856 0.0333567 0.161062 0.176968 0.112231 -0.007823 0.0384926 0.0402721
0.135079 0.209469 0.153504 0.0312378 0.0324146 -0.00432646 0.128511 0.20735 0.144045 0.0311949 0.0317078 2.20883e-05
0.0946736 0.247051 0.121256 0.0719463 -0.00877734 -0.0156766 0.0876064 0.247904 0.112752 0.0758286 -0.00708989 -0.0115293
0.180678 0.201743 0.127014 0.0388932 0.00667186 0.0379371 0.176977 0.200962 0.124396 0.042321 0.0043693 0.0464691
0.178336 0.204731 0.157523 0.020085 0.0192308 -0.00741476 0.173328 0.208252 0.160027 0.0170647 0.0202729 -0.00211976
0.181881 0.160217 0.162473 -0.0119173 0.025327 0.0296764 0.176144 0.162685 0.160513 -0.00950679 0.0247081 0.0356292
0.121531 0.130447 0.133452 0.0375715 0.0127937 -0.017276 0.129921 0.127747 0.126109 0.0411054 0.0181877 -0.0118806
0.192277 0.111753 0.145686 0.0257276 -0.0248503 -0.00488293 0.195765 0.11442 0.142377 0.0248465 -0.0212322 0.00230774
0.171053 0.119481 0.164644 -0.0182811 -0.0104336 0.0207167 0.17775 0.123083 0.166307 -0.0216579 -0.0117867 0.0251431
0.111347 0.17771 0.116631 0.0627386 0.0268048 0.00782073 0.110587 0.170966 0.113084 0.0638501 0.0246518 0.00904491
0.126384 0.131623 0.119397 0.017552 -0.0285936 -0.00984211 0.122457 0.134669 0.11589 0.0174331 -0.0214403 -0.0111083
0.173637 0.155899 0.18177 0.0281853 -0.00237476 -0.02624 0.16639 0.162486 0.168004 0.0285979 -0.00101843 -0.0216448
0.166377 0.180808 0.160109 0.0275232 0.062856 -0.00118552 0.173807 0.189276 0.161079 0.0286322 0.0618155 0.00349577
0.141331 0.162583 0.157915 0.0158282 -0.0120114 -0.0374386 0.140414 0.174682 0.162866 0.0135049 -0.0112379 -0.032382
0.187759 0.075429 0.0917647 0.0258754 0.00920049 -0.0264104 0.189025 0.0744005 0.0841177 0.0219395 0.00905932 -0.0217578
0.134669 0.182759 0.155642 0.0281761 0.0374219 -0.0396398 0.119459 0.185876 0.156395 0.0296737 0.0382688 -0.0343798
0.223449 0.163007 0.149803 -0.0105727 -0.0359199 -0.0159057 0.220224 0.169177 0.150042 -0.00835273 -0.0354435 -0.0135156
0.177467 0.203156 0.152192 -0.0168357 0.00873908 0.0197129 0.178917 0.20756 0.153619 -0.0167706 0.012089 0.0226453
0.18528 0.179256 0.214325 -0.0567572 0.0193774 0.0390568 0.18937 0.178011 0.212488 -0.0602088 0.025725 0.0412674
0.159224 0.19793 0.113714 -0.0220854 -0.0679408 -0.0293518 0.154738 0.197849 0.112696 -0.0242396 -0.0657822 -0.0250804
0.100465 0.171089 0.149188 -0.0183062 -0.0282909 -0.0409239 0.0848855 0.171927 0.140295 -0.0180763 -0.0248406 -0.0379999
0.15642 0.162851 0.148892 -0.0211774 -0.0159116 0.0127653 0.15298 0.158246 0.143516 -0.0210881 -0.0187378 0.0177293
0.0856396 0.169378 0.135457 -0.0321691 -0.0097125 0.0119243 0.0922869 0.17752 0.140269 -0.0292398 -0.00711931 0.0197124
0.135132 0.247749 0.176687 0.0171548 -0.00104176 0.0217309 0.135118 0.255479 0.17317 0.0189596 -0.00106577 0.0282994
0.196326 0.151438 0.107988 -0.0610458 0.0211198 0.0170787 0.206272 0.159057 0.105992 -0.065359 0.0198931 0.0211751
0.17714 0.159126 0.125003 -0.0638126 0.0034738 0.0126729 0.187179 0.161014 0.119142 -0.068072 0.00408907 0.0153613
0.219388 0.251891 0.124261 -0.0200932 -0.0100558 -0.000559063 0.222184 0.251664 0.114511 -0.0273341 -0.0110678 0.000344898
0.232486 0.192901 0.154792 0.0140551 0.00206098 0.0203033 0.238786 0.193208 0.155864 0.0150443 0.000679156 0.0220415
0.0721179 0.118548 0.0710908 -0.00480779 0.0137957 -0.027646 0.0666825 0.125377 0.0707579 -0.00571277 0.0127977 -0.0220181
0.0983154 0.0722526 0.094819 -0.0138348 0.0255262 -0.0141068 0.10149 0.0821188 0.0956105 -0.0152212 0.0278157 -0.00351285
0.090053 0.0675751 0.0463332 -0.00259041 -0.0045164 -0.0468819 0.0883277 0.0720025 0.0446393 -0.00435297 -0.00480871 -0.0381509
0.0443645 0.0996551 -0.00220911 0.00328066 0.00561605 -0.025666 0.0395408 0.103522 0.000708806 0.00163954 0.00482689 -0.018498
0.0876795 0.099029 0.0436245 0.00181883 0.0011943 -0.0225879 0.0821107 0.099541 0.0466975 0.00128907 0.00208734 -0.0168675
0.10575 0.0985341 0.00961585 -0.0150426 0.00791018 -0.0282251 0.103498 0.103204 0.00974423 -0.0127205 0.00788231 -0.0254535
0.0622944 0.0850851 0.0327336 0.010377 -0.0231874 -0.0244192 0.0596248 0.0873425 0.0308712 0.0109472 -0.0254805 -0.0171699
0.0679871 0.0703337 0.0557648 -0.00178443 0.0112748 -0.0352307 0.0655686 0.0754762 0.0514783 -0.00164955 0.0117006 -0.0278982
0.0550654 0.0815288 0.0478031 -0.0014129 0.0115785 -0.0362084 0.0506489 0.0876371 0.0454188 0.000623374 0.0117201 -0.030904
0.079372 0.104407 0.035202 -0.0258195 0.00584296 -0.0261715 0.0734801 0.108919 0.0341796 -0.0239559 0.0058626 -0.0198363
0.0849089 0.125788 0.0585838 -0.0102265 -0.00629731 -0.0365118 0.0850843 0.130113 0.0610734 -0.0109314 -0.00845107 -0.0311198
0.0668154 0.0950499 0.0525767 0.00990799 0.00297736 -0.0509173 0.0641304 0.10121 0.0498523 0.00967627 0.00334505 -0.0466307
0.0621804 0.090404 0.0502127 -0.00401381 -0.0129138 -0.0356981 0.0551174 0.0978514 0.0493922 -0.00293844 -0.0136389 -0.0314719
0.0702056 0.0909008 0.0593808 -0.00515352 0.0224392 -0.0290828 0.0671417 0.0929603 0.0575422 -0.00390084 0.0225581 -0.0233874
0.0829931 0.0777669 0.0569856 0.00991392 0.0479848 -0.0318705 0.0848884 0.08375 0.0595853 0.0087206 0.0467026 -0.0259481
0.0868233 0.0856095 0.00625341 0.034867 -0.0382375 -0.0296229 0.090604 0.0926278 0.00831004 0.032565 -0.0390216 -0.0237332
0.0284347 0.111706 0.022144 -0.0128214 0.0250537 -0.0227668 0.0242687 0.115419 0.023959 -0.0102236 0.0264718 -0.0169887
0.0738198 0.104279 0.0634592 -0.00853261 0.0145519 -0.0293287 0.0712399 0.11059 0.0628025 -0.00648611 0.0153919 -0.0237284
0.0843114 0.115933 0.0602378 -0.0452707 -0.0115345 -0.0316637 0.0840634 0.122345 0.0643359 -0.0431716 -0.0106846 -0.0239533
0.108688 0.0987819 0.0573702 -0.0115627 0.0210509 -0.047474 0.104321 0.102519 0.0561817 -0.010102 0.0198215 -0.0411974
0.0237918 0.121733 0.0458989 -0.00689623 -0.0339284 -0.0305377 0.0176494 0.128703 0.0506353 -0.00923001 -0.0357294 -0.0242496
0.0461196 0.0864322 0.022245 0.0065396 -0.0223697 -0.0407058 0.040266 0.0916452 0.0209122 0.00554446 -0.0216907 -0.0347508
0.0516415 0.0883547 0.0399777 0.00109035 -0.0137866 -0.0353775 0.0486929 0.0949424 0.0348466 0.00111383 -0.0122894 -0.0288854
0.0436505 0.105924 0.0897691 0.00643001 -0.0123433 -0.0261866 0.0350291 0.111549 0.0851784 0.00702105 -0.0125883 -0.0197271
0.0994288 0.130077 0.0604256 -0.00939548 -0.0130252 -0.0346951 0.0958443 0.139592 0.0614701 -0.00951626 -0.0100358 -0.0292786
0.0671415 0.0859386 0.054715 -0.00814849 0.00744624 -0.0336112 0.0621692 0.0884154 0.0549037 -0.00834193 0.00908163 -0.028618
0.0774166 0.0756148 0.0577075 -0.0226731 0.0148297 -0.0307174 0.0711616 0.0763229 0.0553088 -0.0238048 0.0147134 -0.0246726
0.0928151 0.0963614 0.0511422 -0.0128529 -0.0226883 -0.0360488 0.086269 0.0996725 0.0468285 -0.0140794 -0.0238679 -0.0297974
0.0354969 0.138478 0.0402025 -0.0320368 0.0134731 -0.0113569 0.0268856 0.141064 0.042946 -0.0316819 0.0123725 -0.00465664
0.0484082 0.0926027 0.0683879 -0.0132401 0.00522166 -0.0351788 0.0423441 0.0948215 0.0669535 -0.013772 0.00355581 -0.0265314
0.0761596 0.111542 0.0454336 -0.0121649 0.00902931 -0.0301893 0.0723584 0.114085 0.0453811 -0.0131531 0.00510897 -0.0223077
0.0765591 0.0482035 0.074939 -0.00327559 0.01626 -0.0527487 0.0792595 0.0532436 0.0716729 -0.00420897 0.0173594 -0.0463018
0.00352393 0.0920125 0.0635423 -0.00389041 -0.0101604 -0.0375821 -0.00204932 0.0966798 0.0628784 -0.00368307 -0.00935373 -0.0327739
0.0959856 0.0583021 0.0123612 0.00824268 -0.0380054 -0.0339521 0.0951102 0.0620897 0.0162746 0.00614675 -0.0380103 -0.0251297
0.0564347 0.11605 0.0706784 -0.0160198 0.0130331 -0.0214607 0.0503623 0.122085 0.0718674 -0.0147669 0.0126044 -0.0154481
0.079177 0.10759 0.0679721 0.00480676 0.00615468 -0.0304318 0.0771206 0.11098 0.0697365 0.00608582 0.00679222 -0.0244314
0.061728 0.0479478 0.0328615 0.0102901 -0.018462 -0.0440363 0.0600142 0.0526923 0.0327665 0.0105808 -0.0181717 -0.0354232
0.0389721 0.059942 0.0418444 0.00318377 -0.00778994 -0.0522862 0.0347028 0.0666284 0.0405983 0.00277232 -0.00681857 -0.0464044
0.0275856 0.122147 0.07505 0.00535333 -0.00214368 -0.0340492 0.0208848 0.124308 0.0775396 0.00486141 -0.00365091 -0.0269764
0.0722872 0.0998029 0.0559732 0.014814 0.00851143 -0.0456331 0.0668877 0.105168 0.0540921 0.0134066 0.0061747 -0.038427
0.0720694 0.106231 0.0774366 0.0232493 0.00149081 -0.0295738 0.0643969 0.112144 0.0804016 0.023393 0.000861535 -0.0228809
0.0466629 0.105494 0.0639448 -0.00814381 -0.0210077 -0.0345288 0.0377864 0.110188 0.0654835 -0.00960612 -0.0194658 -0.0291058
0.0514441 0.0863311 0.0298666 -0.00546439 0.0414417 -0.0382729 0.047159 0.0876527 0.0291495 -0.00498034 0.0386443 -0.0306506
0.0582964 0.036313 0.0538063 -0.00556458 -0.00842146 -0.0496239 0.056015 0.0393616 0.0492258 -0.00767965 -0.00827407 -0.0427086
0.0335724 0.102014 0.0575908 0.00931327 -0.0153899 -0.024989 0.0338729 0.109343 0.0572763 0.00957955 -0.0164521 -0.0182209
0.0828923 0.0997559 0.0544236 -0.00297094 0.00560492 -0.0241475 0.0852472 0.105061 0.0561291 -0.00178151 0.00326364 -0.018714
0.0500663 0.0874392 0.0948739 -0.00210802 -0.00449513 -0.0162657 0.0423209 0.0930295 0.0915761 -0.00113824 -0.00561609 -0.0145974
0.0579188 0.0620625 0.0684487 -0.00377514 -0.000767065 -0.0480009 0.053391 0.0682559 0.0667772 -0.00303017 -0.00192973 -0.0421262
0.00144547 0.083644 0.0741419 -0.000669466 -0.00453069 -0.0292278 -0.00531006 0.0870427 0.0725325 0.000246522 -0.00433299 -0.0239903
0.049594 0.0425821 0.0373732 0.00255512 -0.00171978 -0.0420449 0.0452042 0.048503 0.0369516 0.00304035 -0.00182301 -0.0355702
0.0785006 0.117089 0.0624659 -0.00632567 0.0207719 -0.0243542 0.0729313 0.123851 0.0650558 -0.00668065 0.0194208 -0.0192463
0.0715706 0.0998742 0.0236587 -0.014681 0.00421977 -0.0295814 0.0680299 0.105856 0.0261557 -0.0140819 0.00142073 -0.0257639
0.0340447 0.0999902 0.0244181 -0.0171286 -0.00387137 -0.0237798 0.0313614 0.10552 0.0271377 -0.0164676 -0.00351238 -0.0172209
0.0448873 0.0900189 0.0643849 -0.00392544 0.0225189 -0.0247967 0.0385958 0.096272 0.0617085 -0.00472713 0.021115 -0.0178202
0.0578337 0.110906 0.0491491 -0.0275132 0.0024073 -0.0182358 0.0552064 0.114881 0.05059 -0.0272761 0.00101334 -0.0122672
0.0710994 0.0897232 0.0568348 -0.00611091 0.0173502 -0.0122201 0.0616824 0.0913031 0.0547222 -0.00554653 0.0158224 -0.00403186
0.0441185 0.132133 0.00771401 -0.00867082 0.0171694 -0.013517 0.0344119 0.138817 0.0119677 -0.0069803 0.0155173 -0.00924806
0.053695 0.133384 0.0634303 -0.0015021 0.00923045 -0.0145092 0.047696 0.142297 0.0651275 -0.00155583 0.00781506 -0.0106377
0.0472892 0.11351 0.0727736 -0.00110152 -0.0162009 -0.0165639 0.0508581 0.124266 0.0762544 -0.00153275 -0.0152838 -0.0111061
0.0492001 0.090692 0.0440894 0.000799434 -0.00584237 -0.0391477 0.0458517 0.0961432 0.0424497 0.00160145 -0.00460164 -0.0331304
0.0962252 0.092365 0.0292724 0.0100412 -0.00439633 -0.0409272 0.0876849 0.0944158 0.0276215 0.00821147 -0.00602988 -0.0336775
0.0642072 0.10568 0.0392715 0.0124874 0.0223732 -0.0123948 0.0588921 0.108009 0.0434756 0.0104194 0.0195836 -0.00670522
0.0605177 0.0943416 0.060401 -0.0108587 0.0231879 -0.0169327 0.0602951 0.100179 0.0608065 -0.0110382 0.0230958 -0.0106379
0.0773747 0.057186 0.064376 -0.0127376 0.0152703 -0.0406789 0.0755326 0.0654847 0.0547456 -0.0118571 0.017585 -0.0371694
0.0637963 0.0876691 0.0486625 -0.00206919 -0.00293101 -0.0432814 0.0583913 0.0901172 0.043762 -0.0045177 -0.00208971 -0.0352919
0.0641799 0.0838702 0.056328 0.018213 0.0063381 -0.0315167 0.0586645 0.0878582 0.056101 0.0189893 0.00651106 -0.0256174
0.0711426 0.073471 0.0576999 0.0105798 0.0108239 -0.0320793 0.0720426 0.0786385 0.0568436 0.0141992 0.0104696 -0.0286704
0.0807738 0.148157 0.0462435 -0.0135309 0.0025566 -0.020373 0.0771902 0.155461 0.050621 -0.0118528 0.00210271 -0.0173
0.103277 0.114602 0.0465243 0.00139731 0.000347399 -0.0388502 0.0960612 0.1183 0.0458071 -0.00020149 7.25545e-05 -0.0310436
0.0899433 0.111221 0.0319816 0.0129789 0.0247001 -0.0466266 0.0801451 0.114851 0.0278309 0.0145777 0.0258473 -0.0377582
0.0325735 0.108483 0.0269255 0.0177292 0.000442633 -0.0365569 0.0224039 0.111439 0.0251086 0.0182849 -0.000870535 -0.0285603
0.0704896 0.066587 0.0714112 -0.0038832 0.0167628 -0.0406763 0.0704829 0.0709047 0.0660154 -0.0028003 0.0159511 -0.0311459
0.0763162 0.101646 0.0509262 0.0145024 -0.0089545 -0.0155167 0.0781134 0.11342 0.0488817 0.016249 -0.0103083 -0.00837827
0.0802048 0.0895671 0.0577049 0.0091681 -0.0362213 -0.0303964 0.079461 0.0925389 0.0557519 0.0085577 -0.0346182 -0.0220439
0.0611711 0.111717 0.0235174 0.00295334 0.000398693 -0.0318194 0.0551581 0.11667 0.0205679 0.00324889 0.000624667 -0.0267051
0.0404458 0.0900614 0.0358441 -0.0156737 0.00152059 -0.025689 0.0375607 0.100885 0.0351196 -0.0145961 0.00164771 -0.0182631
0.0677309 0.0966466 0.055488 -0.00593641 -0.0173808 -0.0375798 0.06583 0.10489 0.0536248 -0.00389575 -0.0184854 -0.0317184
0.0679729 0.11685 0.0654693 0.00407265 -0.0126902 -0.0155744 0.0606758 0.123262 0.0653387 0.00356461 -0.0113844 -0.0101399
0.0427885 0.169321 0.0592595 0.0106099 -0.00664589 -0.020302 0.0322758 0.174368 0.0616065 0.00953746 -0.00831043 -0.0154019
0.0786465 0.10314 0.0341371 -0.0318237 0.0037734 -0.0345166 0.0741582 0.108548 0.0339466 -0.0313379 0.00552497 -0.0272762
0.0605944 0.123399 0.0380252 0.0102353 -0.0219974 -0.0442143 0.0529453 0.131268 0.0395191 0.00952203 -0.0198251 -0.0375999
0.0391121 0.125259 0.035397 -0.00800768 0.0143821 -0.0157773 0.0355293 0.132326 0.037474 -0.00748175 0.0163876 -0.00967999
0.104746 0.0677897 0.0441107 -0.0206639 -0.0115567 -0.0460214 0.103721 0.0714643 0.0398518 -0.0206988 -0.0117286 -0.0384193
0.0952962 0.105823 0.0318134 -0.00695344 0.0060554 -0.0205926 0.0910041 0.111185 0.0325689 -0.00567606 0.00384725 -0.0118579
0.0920931 0.0601739 0.0303902 0.00349979 0.000295056 -0.0400064 0.0898118 0.0664343 0.027036 0.00481443 -0.00167744 -0.0299771
0.0681101 0.0859317 0.0323328 0.00918014 -0.00686456 -0.0413998 0.0633795 0.0909974 0.0275731 0.00956746 -0.00562291 -0.0357922
0.0653813 0.106255 0.0626025 0.000749401 -0.025647 -0.0248249 0.0609938 0.108918 0.0656696 -0.00134017 -0.0272331 -0.0198694
0.0808484 0.117573 0.0318148 0.0130466 -0.00563394 -0.0311563 0.078006 0.122839 0.0309132 0.010204 -0.00541435 -0.0265503
0.0811922 0.077198 0.018042 0.00237885 -0.00120969 -0.0452465 0.0762781 0.0798602 0.0167336 0.00367553 0.00144458 -0.0360875
0.0914847 0.0822209 0.0420123 -0.0158505 0.00042959 -0.0474031 0.0822512 0.0869579 0.0373476 -0.0164301 0.000494072 -0.041972
0.0403756 0.102287 0.0449105 0.0150483 -0.000373552 -0.0353976 0.0350255 0.106941 0.0440837 0.0158188 -0.00326582 -0.0320454
0.0925666 0.109953 0.0399034 -0.00412371 0.0364153 -0.0349368 0.0881473 0.114432 0.040122 -0.00353526 0.0365131 -0.0280138
0.0622227 0.101557 0.0767717 0.0249734 -0.00864021 -0.0231175 0.0575097 0.106342 0.0768298 0.0252141 -0.00761539 -0.0178219
0.0669166 0.108563 0.0466653 0.0179611 0.000202213 -0.032713 0.0637257 0.114444 0.0466629 0.0196465 -0.000224708 -0.0245508
0.0600576 0.0899932 0.0488139 0.00749018 0.00313344 -0.0298223 0.0627105 0.0950821 0.0493918 0.0084799 0.00145941 -0.0237317
0.0665176 0.075561 0.0448054 -0.00850199 -0.0148642 -0.0370461 0.0643844 0.0790618 0.0434827 -0.00839583 -0.0148704 -0.0281473
0.0599702 0.0942488 0.0561269 -0.019898 -0.0058128 -0.0267927 0.0536808 0.102169 0.0539795 -0.0192586 -0.00536205 -0.0205384
0.103919 0.103069 0.044572 0.0142256 -0.0122891 -0.0193545 0.0995611 0.10619 0.0448521 0.0135076 -0.0142392 -0.0109609
0.091882 0.0813886 0.0493388 -0.0109744 0.00555726 -0.0448982 0.0885462 0.0885467 0.0417807 -0.0100356 0.00837644 -0.0396812
0.141025 0.19148 0.0926279 0.0130015 -0.0255899 0.0136855 0.145222 0.190327 0.0840655 0.0131467 -0.0221112 0.0202112
0.181182 0.166088 0.0524564 0.018355 0.0242482 -0.0179006 0.179602 0.167175 0.0380614 0.0216495 0.0219152 -0.0153158
0.133431 0.134575 0.148897 0.0165435 0.0132319 -0.00834424 0.137317 0.143063 0.141107 0.0192402 0.0130125 -0.00093619
0.141896 0.145289 0.0746285 0.0247062 0.0352396 -0.000927873 0.148096 0.151727 0.0737082 0.0279882 0.0348178 0.00605108
0.0816764 0.11608 0.0763681 0.0450752 -0.00890254 -0.00976567 0.0834189 0.120986 0.0791948 0.0464507 -0.0165865 -0.00484444
0.097999 0.1516 0.178446 0.0244692 0.00836242 -0.0302441 0.101537 0.148323 0.16908 0.0251042 0.00480287 -0.0249547
0.110099 0.149174 0.125731 0.0104914 0.00513431 0.0150488 0.109899 0.150235 0.116942 0.00952813 0.00458435 0.0193097
0.145346 0.152797 0.0746251 0.0403077 0.0111381 0.0166231 0.139107 0.15305 0.0663268 0.0411155 0.0126292 0.020645
0.162731 0.225614 0.0677944 -0.0145304 0.0100752 -0.0537046 0.154796 0.231787 0.0567157 -0.0119688 0.00629486 -0.0486505
0.167031 0.199201 0.106461 0.00815571 0.0399112 -0.0232856 0.168719 0.203708 0.100792 0.0113841 0.0406644 -0.0132552
0.194282 0.156948 0.0680038 0.0209657 0.0171555 -0.00573797 0.192786 0.15949 0.0619215 0.022074 0.0166385 -0.000745845
0.135851 0.162748 0.0810575 0.0271639 0.0557403 -0.0218651 0.135684 0.169671 0.0701362 0.0340769 0.0563345 -0.014568
0.152204 0.138681 0.0944237 0.00164415 -0.0200992 -0.0548239 0.14976 0.144974 0.0811072 -1.38814e-05 -0.0213366 -0.0491171
0.0581639 0.164043 0.0821639 0.021397 0.0230819 0.000545462 0.0565935 0.167432 0.0757061 0.0241718 0.0206473 0.00953636
0.113563 0.205573 0.0906328 0.0288004 -0.0108867 0.0456464 0.113889 0.215222 0.0873245 0.0231965 -0.0119298 0.051531
0.0799534 0.18078 0.0771341 0.0359966 0.0122093 -0.00403961 0.0758335 0.186526 0.0702987 0.0349902 0.010719 0.00285401
0.079976 0.157756 0.0934561 -0.0126936 -0.00385266 -0.0264644 0.0851764 0.165408 0.0883543 -0.014002 -0.00646826 -0.01985
0.128862 0.178788 0.0943819 0.0375433 0.00846264 0.0116537 0.122584 0.177697 0.0931449 0.0361952 0.000319722 0.00908108
0.116232 0.160282 0.174389 -0.0464117 -0.0192171 0.0117052 0.111628 0.155056 0.16725 -0.0469942 -0.018205 0.0112388
0.0914296 0.190705 0.124548 -0.0146469 0.0146821 0.0380185 0.0894571 0.185375 0.120049 -0.0121033 0.0113343 0.0396343
0.0376313 0.124584 0.125328 -0.0303262 -0.0398667 0.00945799 0.0362636 0.125429 0.1242 -0.0298692 -0.0421845 0.0115076
0.104163 0.11281 0.135537 0.0164978 0.00853515 0.0489284 0.110603 0.122324 0.137381 0.0186217 0.00297481 0.0565942
0.14832 0.106854 0.0937173 0.000811931 0.0499684 0.0262068 0.145979 0.111506 0.0875308 0.00102082 0.0499762 0.0335053
0.109088 0.133503 0.125592 -0.0338958 0.00310694 0.0201164 0.105963 0.141126 0.11916 -0.0364684 0.00275374 0.0209956
0.0806996 0.156533 0.0784674 -0.0609466 0.000686214 -0.0141695 0.0846664 0.164603 0.0779488 -0.059604 1.49766e-05 -0.00453777
0.0849813 0.12364 0.0836759 -0.0289144 0.00987687 -0.00513784 0.0908197 0.132799 0.0788269 -0.0285062 0.0101642 0.00457636
0.155613 0.151393 0.14633 0.0207169 -0.0138641 -0.0151444 0.154316 0.158734 0.146411 0.0199628 -0.0121467 -0.00901704
0.14073 0.193974 0.102326 0.0446119 -0.0213542 -0.0344981 0.136328 0.199767 0.100399 0.0411312 -0.0246913 -0.0281887
0.105184 0.119319 0.138993 0.0187475 0.00454843 -0.0385073 0.10916 0.130246 0.140224 0.0159301 -0.00104875 -0.0292177
0.1102 0.148603 0.0917239 0.0221559 0.00321694 -0.0268364 0.108197 0.158429 0.0916975 0.0196728 -0.000650765 -0.0235841
0.207504 0.144008 0.0978882 0.00923785 0.000794832 -0.0447149 0.209567 0.155645 0.0899038 0.00619552 -0.000682485 -0.0399431
0.0986991 0.143999 0.0654877 0.0138402 -0.00975268 -0.0429742 0.0986777 0.152705 0.0595381 0.0137676 -0.0103571 -0.038345
0.139075 0.181472 0.0845736 -0.0206139 -0.0307588 -0.0260398 0.140941 0.18971 0.0794217 -0.0225416 -0.0296702 -0.0192253
0.145784 0.224687 0.100451 0.0148593 0.0262006 -0.00936515 0.149146 0.228372 0.0955246 0.0161467 0.0274559 -0.00093843
0.131581 0.205647 0.117641 0.0110047 -0.0198348 -0.0236755 0.130528 0.206637 0.110182 0.0119263 -0.0216207 -0.0162633
0.162718 0.110034 0.114851 0.00606122 -0.0104764 -0.0192214 0.162503 0.118007 0.106994 0.00857233 -0.00927139 -0.013024
0.135747 0.168853 0.10766 0.0151568 -0.000361208 -0.0404856 0.134154 0.177726 0.102998 0.0139253 -0.00296738 -0.0369578
0.134231 0.269397 0.121579 0.00424925 -0.0387443 0.00186878 0.125442 0.272642 0.115684 0.00255532 -0.0372256 0.0107384
0.204438 0.188093 0.116333 0.0655883 -0.0303206 -0.0314855 0.203071 0.191202 0.11487 0.0629046 -0.0300008 -0.0225792
0.11532 0.15523 0.13581 0.0452678 -0.0175684 -0.00524733 0.11982 0.1645 0.134179 0.0449155 -0.0162048 0.00167617
0.121373 0.149873 0.136176 0.000265054 0.0192976 -0.0197334 0.123243 0.157997 0.131302 0.00109593 0.0207738 -0.011364
0.128807 0.13596 0.126807 0.0198221 0.0202861 0.00275943 0.129156 0.142353 0.123819 0.0174328 0.0206601 0.0158732
0.0811304 0.156412 0.12562 0.0108845 -0.0128563 -0.0172111 0.0825738 0.167859 0.129684 0.0122569 -0.00238579 -0.00127245
0.0364776 0.150199 0.147648 0.026539 0.0458051 -0.0147858 0.0412186 0.1585 0.149581 0.0258956 0.0457186 -0.0075432
0.127378 0.159319 0.173371 -0.00687673 -0.0182102 -0.00810686 0.12438 0.159325 0.169888 -0.00330903 -0.0226552 -0.00214389
0.147311 0.23286 0.0802228 -0.0322531 0.00980803 0.0164085 0.142193 0.235735 0.0790993 -0.0298378 0.00462656 0.0238348
0.129574 0.0990864 0.0852468 0.00426792 0.0299922 0.00547458 0.129773 0.103738 0.0829568 0.00334196 0.0269718 0.0114814
0.0570472 0.222609 0.0934071 0.00907117 0.0150321 0.0166501 0.0543187 0.225872 0.087135 0.00446976 0.0132215 0.0241509
0.0880263 0.215059 0.186114 0.0210235 0.060759 -0.00399831 0.0832268 0.221968 0.17312 0.0186453 0.0590327 -0.00625244
0.168992 0.170914 0.15584 -0.0347453 0.0364252 -0.0214152 0.168578 0.171553 0.144248 -0.0398066 0.0337401 -0.0197033
0.108579 0.201412 0.106172 -0.0151101 -0.0254316 -0.000606384 0.110053 0.206453 0.107942 -0.0220143 -0.0288125 0.00270382
0.104748 0.13857 0.106897 0.0195072 -0.0157398 -0.0200865 0.101218 0.141748 0.102462 0.0142566 -0.0201426 -0.0173826
0.115227 0.111748 0.113146 0.0203884 -0.0287938 0.011406 0.118532 0.119507 0.104021 0.0177494 -0.0325536 0.0171872
0.101749 0.17902 0.0683842 0.0178323 0.0480129 -0.000177658 0.101759 0.182585 0.0697035 0.0171102 0.0475195 0.00946752
0.118491 0.13819 0.102934 0.0182637 0.0393549 0.00620274 0.116239 0.148113 0.110045 0.0147978 0.0382682 0.0126833
0.111685 0.120529 0.0826982 0.0118311 -0.0217519 0.0103906 0.111694 0.12441 0.0794773 0.00991987 -0.0190774 0.014181
0.116251 0.130202 0.114265 0.0269729 0.0204239 0.00315994 0.11955 0.138231 0.103252 0.0280906 0.017413 0.00569098
0.0601296 0.152923 0.14598 -0.0361956 -0.0232997 0.0381423 0.0633544 0.153953 0.142186 -0.0371024 -0.0216155 0.0428592
0.150751 0.177683 0.117117 -0.0302899 -0.0231732 0.0510817 0.147945 0.183025 0.112131 -0.0300899 -0.0213237 0.0554998
0.108999 0.205394 0.149159 0.0201594 -0.0315834 0.0124707 0.105397 0.211028 0.145358 0.0184103 -0.0356618 0.0191699
0.130979 0.0948079 0.151251 -0.0189945 -0.0193578 -0.0228475 0.132081 0.0959326 0.137771 -0.0193191 -0.0199508 -0.0217323
0.0635582 0.142197 0.0968029 -0.0409969 -0.00312702 -0.0211082 0.0652134 0.152313 0.0933615 -0.040138 -0.00606248 -0.0216805
0.118075 0.176605 0.131804 -0.0158761 0.0238711 0.00937261 0.111257 0.180765 0.126581 -0.0202341 0.0263693 0.00715318
0.0453462 0.200941 0.154995 0.00852947 0.0101374 0.0539385 0.045379 0.21025 0.151031 0.00627421 0.00890306 0.0596761
0.143377 0.12532 0.11468 -0.0350798 0.00382899 -0.000653817 0.145867 0.135192 0.11499 -0.0355022 0.00608715 0.00385532
0.132412 0.149109 0.05671 0.00831994 -0.0151514 -0.0380953 0.127858 0.158567 0.0533861 0.00883644 -0.0151685 -0.0314948
0.164004 0.176454 0.142045 -0.00980495 -0.0300482 -0.0181313 0.160406 0.184302 0.136271 -0.00839171 -0.0280388 -0.0133473
0.122526 0.181079 0.0930011 0.0414705 0.00920887 -0.0101413 0.119115 0.189769 0.0966897 0.0359414 0.00591953 -0.00241233
0.159742 0.112715 0.0459684 0.036788 0.0120047 -0.00851887 0.163145 0.118671 0.0478253 0.0345867 0.00672165 -0.00181524
0.0664473 0.137164 0.0481383 -0.00245628 0.0111717 -0.0102033 0.0681967 0.142146 0.0471356 -0.00161364 0.00926495 -0.00400202
0.108415 0.146074 0.073766 0.0292973 0.0249304 0.0314151 0.104892 0.147944 0.0692047 0.0294891 0.0195926 0.0406928
0.100027 0.13104 0.155042 0.0284338 -0.044649 -0.017616 0.0969635 0.131128 0.14487 0.0220427 -0.0444106 -0.013493
0.062753 0.120215 0.160783 0.0218262 0.0411352 0.0132893 0.0598099 0.125726 0.152861 0.020293 0.0409183 0.0187001
0.0741626 0.177215 0.165844 0.0162697 0.01647 -0.0327012 0.0812755 0.18627 0.164713 0.0188311 0.0144946 -0.0288075
0.047447 0.203563 0.14555 0.0151354 -0.00402188 -0.0180114 0.05105 0.211715 0.15024 0.0136201 -0.00457099 -0.0116061
0.101477 0.111885 0.14507 0.0200614 0.0104198 -0.00516672 0.105213 0.121065 0.145219 0.0161346 0.0106585 0.00102282
0.164294 0.208443 0.133034 0.0650986 -0.0364909 -0.0259465 0.157417 0.20907 0.123506 0.0669511 -0.0380622 -0.0187971
0.139381 0.229356 0.134763 0.0103126 0.0249596 -0.0110909 0.130563 0.240648 0.129765 0.0143059 0.0244062 -0.00242132
0.149577 0.133139 0.150547 -0.00390317 0.00867236 -0.0539103 0.15171 0.132288 0.147022 -0.0112504 0.00420429 -0.046761
0.0891975 0.185524 0.111108 -0.00363622 -0.0137111 -0.00724889 0.0859047 0.190714 0.10615 -0.00454677 -0.0127376 -0.00172485
0.14984 0.147573 0.110408 -0.00496275 0.00887601 -0.0164043 0.147382 0.151582 0.0989829 -0.00377952 0.0145734 -0.0124516
0.102303 0.188886 0.130348 0.00341397 -0.00809215 -0.00454286 0.104264 0.197193 0.12647 0.00123157 -0.00848156 -0.00280522
0.113786 0.164661 0.132947 0.00798917 0.00604377 -0.00438727 0.114061 0.172233 0.122512 0.00979486 0.00419838 -0.00174438
0.14758 0.0966011 0.150764 -0.0194485 0.00745503 -0.0335623 0.150069 0.106061 0.139155 -0.0201191 0.000379834 -0.0256756
0.117877 0.198198 0.160982 -0.00608725 0.00955419 -0.0101499 0.110851 0.2065 0.15931 -0.00704369 0.00512195 -0.00258086
0.132591 0.122722 0.0982678 -0.00490702 0.0058305 -0.0572792 0.131085 0.132703 0.0930668 -0.00149156 0.00316975 -0.0500498
0.151712 0.164976 0.12235 -0.00699646 -0.015448 -0.0527466 0.147579 0.172975 0.115331 -0.00660052 -0.0158542 -0.0442196
0.110283 0.153511 0.0900695 -0.0356858 0.00764198 -0.0221445 0.106256 0.16459 0.0850763 -0.0372328 0.00666243 -0.0141722
0.125818 0.156767 0.149139 0.013722 -0.00802571 -0.00845553 0.124635 0.160203 0.146668 0.00738647 -0.00297351 -0.00223159
0.154763 0.108704 0.130954 -0.00566627 0.0121369 -0.0444557 0.159905 0.115771 0.123447 -0.00395586 0.011342 -0.0379888
0.174239 0.194787 0.139754 0.0257079 0.0194515 0.00898351 0.177742 0.203077 0.139394 0.0249853 0.0172046 0.0149033
0.153159 0.130717 0.127301 -0.00507762 -0.0634382 -0.0308362 0.15151 0.135679 0.128982 -0.00661891 -0.0639397 -0.0223606
0.140361 0.164551 0.0893217 0.00826014 -0.0301296 -0.00727525 0.14597 0.170989 0.0881603 0.00441729 -0.0346817 -0.000597953
0.114826 0.148748 0.106524 0.00886863 0.0217471 -0.00464614 0.113803 0.153274 0.103161 0.00712299 0.0215109 0.000282679
0.0909071 0.161628 0.136513 0.0220471 -0.0160068 0.00389931 0.0911382 0.169351 0.131098 0.0203958 -0.0192134 0.00672045
0.110754 0.114906 0.101297 0.017961 -0.00877085 -0.0283804 0.106012 0.12072 0.0926162 0.0152787 -0.011096 -0.024226
0.0998427 0.218538 0.100188 0.0212301 0.011247 -0.00785939 0.10144 0.220472 0.095769 0.0160316 0.0128695 -0.00439586
0.163556 0.0997318 0.135722 0.0122451 -0.0384744 -0.0202875 0.160143 0.107956 0.13237 0.0129156 -0.0393875 -0.0156514
0.0456398 0.13956 0.112767 -0.0244664 0.00780972 0.0155641 0.0384779 0.141183 0.11317 -0.025594 0.00779547 0.0209114
