-3.52583 -3.52585
-3.50228 -3.50234
-3.47375 -3.47362
-3.50305 -3.50316
-3.47313 -3.47308
-3.52513 -3.52515
-3.50062 -3.50062
-3.47353 -3.47343
-3.52512 -3.52514
-3.5044 -3.50432
-3.47815 -3.47818
-3.52528 -3.5253
-3.5021 -3.5018
-3.47492 -3.47457
-3.52527 -3.52529
-3.5001 -3.49978
-3.47281 -3.47276
-3.5252 -3.52523
-3.49986 -3.4998
-3.47748 -3.47744
-3.52502 -3.52505
-3.49699 -3.49687
-3.47286 -3.47264
-3.52516 -3.52519
-3.47057 -3.47039
-3.49794 -3.49798
-3.4752 -3.47511
-3.52533 -3.52535
-3.50232 -3.50228
-3.46437 -3.46413
-3.5252 -3.52522
-3.50033 -3.50023
-3.46585 -3.46596
-3.52503 -3.52506
-3.47666 -3.47673
-3.50014 -3.50016
-3.52524 -3.52527
-3.47516 -3.47543
-3.49795 -3.4979
-3.47007 -3.47025
-3.52532 -3.52535
-3.49989 -3.50004
-3.46682 -3.46703
-3.52537 -3.5254
-3.49919 -3.499
-3.47217 -3.47206
-3.52518 -3.52521
-3.49828 -3.49826
-3.47816 -3.47817
-3.52509 -3.5251
-3.50303 -3.50294
-3.47133 -3.47133
-3.52512 -3.52515
-3.47496 -3.47482
-3.50153 -3.50153
-3.47389 -3.47395
-3.52516 -3.52518
-3.49783 -3.49774
-3.47362 -3.47359
-3.52521 -3.52523
-3.49974 -3.49971
-3.4734 -3.47315
-3.52537 -3.5254
-3.50126 -3.50112
-3.47232 -3.47219
-3.52513 -3.52516
-3.50482 -3.50474
-3.46497 -3.46522
-3.49775 -3.49762
-3.52525 -3.52527
-3.46595 -3.46567
-3.47296 -3.47338
-3.49893 -3.49873
-3.52511 -3.52513
-3.47943 -3.47947
-3.49648 -3.49662
-3.52509 -3.52511
-3.47405 -3.47432
-3.50085 -3.50085
-3.52531 -3.52533
-3.47909 -3.479
-3.49895 -3.49889
-3.52541 -3.52544
-3.46972 -3.47008
-3.49932 -3.49941
-3.47266 -3.47224
-3.5251 -3.52514
-3.49922 -3.49917
-3.478 -3.47848
-3.52519 -3.52522
-3.50325 -3.50324
-3.47203 -3.47208
-3.50021 -3.50024
-3.5252 -3.52522
-3.47624 -3.47621
-3.49751 -3.49749
-3.52507 -3.5251
-3.46693 -3.46699
-3.49981 -3.4998
-3.52526 -3.52528
-3.47275 -3.47279
-3.50101 -3.50104
-3.52521 -3.52522
-3.47571 -3.47561
-3.50321 -3.50325
-3.49754 -3.49762
-3.52525 -3.52528
-3.47705 -3.47697
-3.50149 -3.50141
-3.52505 -3.52508
-3.47636 -3.47625
-3.50288 -3.50279
-3.52522 -3.52524
-3.46928 -3.46939
-3.49874 -3.49882
-3.52523 -3.52526
-3.49674 -3.49679
-3.47154 -3.4711
-3.5038 -3.5038
-3.52517 -3.5252
-3.47348 -3.47338
-3.52526 -3.52528
-3.46722 -3.46742
-3.49942 -3.49954
-3.52508 -3.52511
-3.47569 -3.47551
-3.49988 -3.49982
-3.52517 -3.5252
-3.4686 -3.4688
-3.49933 -3.49941
-3.52517 -3.52519
-3.47479 -3.47477
-3.49623 -3.4962
-3.52504 -3.52506
-3.47996 -3.4801
-3.50056 -3.50064
-3.52519 -3.52521
-3.46755 -3.46734
-3.49729 -3.49729
-3.52515 -3.52517
-3.46878 -3.46899
-3.50302 -3.50315
-3.52532 -3.52534
-3.46827 -3.46855
-3.52522 -3.52525
-3.50051 -3.50027
-3.4652 -3.46507
-3.52533 -3.52536
-3.45446 -3.4547
-3.50329 -3.50332
-3.52514 -3.52515
-3.4643 -3.46445
-3.4886 -3.48839
-3.52515 -3.52518
-3.46074 -3.46088
-3.48683 -3.48711
-3.52529 -3.52533
-3.46565 -3.4655
-3.48373 -3.48388
-3.52521 -3.52524
-3.46035 -3.46056
-3.48411 -3.48445
-3.4664 -3.46608
-3.51446 -3.51444
-3.4538 -3.45399
-3.48906 -3.48912
-3.51422 -3.5142
-3.45856 -3.45882
-3.48626 -3.48633
-3.51286 -3.51284
-3.45754 -3.45699
-3.51419 -3.51418
-3.48963 -3.48984
-3.45608 -3.45613
-3.51385 -3.51386
-3.48767 -3.48744
-3.45586 -3.45579
-3.51212 -3.51202
-3.45993 -3.45958
-3.48616 -3.48598
-3.46147 -3.4615
-3.51288 -3.51291
-3.49002 -3.49005
-3.45541 -3.45528
-3.51454 -3.51447
-3.48453 -3.48454
-3.46759 -3.46788
-3.51482 -3.5147
-3.46106 -3.46112
-3.48336 -3.48331
-3.51392 -3.51393
-3.45332 -3.45318
-3.48702 -3.48697
-3.51398 -3.51402
-3.45878 -3.45871
-3.48235 -3.48202
-3.51224 -3.51211
-3.45421 -3.4539
-3.49032 -3.49031
-3.51368 -3.51373
-3.4589 -3.45902
-3.4875 -3.48742
-3.51389 -3.51389
-3.46546 -3.46578
-3.48902 -3.48902
-3.51297 -3.51301
-3.46178 -3.4616
-3.49155 -3.49143
-3.51319 -3.51321
-3.453 -3.45343
-3.48352 -3.48352
-3.51306 -3.51311
-3.45663 -3.45675
-3.49134 -3.49136
-3.51339 -3.51338
-3.46738 -3.46707
-3.51383 -3.51384
-3.48904 -3.4892
-3.46104 -3.46125
-3.51522 -3.51522
-3.49112 -3.49112
-3.46381 -3.46391
-3.51317 -3.51317
-3.48623 -3.48613
-3.46232 -3.46244
-3.51264 -3.51257
-3.48432 -3.48416
-3.46127 -3.46144
-3.51452 -3.5145
-3.48558 -3.48568
-3.46344 -3.46382
-3.51428 -3.51434
-3.47992 -3.48
-3.45454 -3.45403
-3.51334 -3.51326
-3.48776 -3.48797
-3.4534 -3.45308
-3.51441 -3.51442
-3.48923 -3.48919
-3.46453 -3.46414
-3.5133 -3.51328
-3.48639 -3.48641
-3.45809 -3.45805
-3.51575 -3.51574
-3.48478 -3.48474
-3.45618 -3.456
-3.51439 -3.51438
-3.48804 -3.48808
-3.45383 -3.45399
-3.51413 -3.51408
-3.4619 -3.46167
-3.48131 -3.48146
-3.51372 -3.51373
-3.46233 -3.462
-3.48762 -3.48783
-3.51448 -3.5145
-3.45904 -3.45891
-3.48676 -3.48706
-3.5139 -3.51386
-3.46137 -3.46148
-3.48596 -3.48605
-3.51157 -3.51152
-3.46392 -3.46436
-3.48818 -3.48814
-3.51461 -3.51468
-3.46416 -3.46415
-3.48253 -3.48235
-3.51342 -3.51336
-3.45116 -3.4509
-3.4894 -3.48938
-3.45908 -3.45913
-3.51379 -3.51371
-3.48321 -3.48332
-3.46297 -3.46315
-3.51174 -3.51177
-3.47908 -3.47887
-3.4629 -3.46304
-3.51404 -3.51398
-3.48713 -3.48738
-3.46318 -3.46291
-3.48706 -3.48712
-3.5138 -3.51384
-3.4886 -3.48868
-3.45533 -3.45568
-3.51473 -3.51472
-3.48807 -3.48804
-3.51474 -3.51474
-3.48323 -3.48288
-3.51419 -3.51411
-3.48634 -3.48628
-3.51372 -3.5137
-3.48324 -3.48348
-3.51343 -3.51341
-3.49077 -3.49089
-3.49263 -3.49273
-3.51352 -3.51348
-3.48168 -3.48156
-3.51418 -3.51418
-3.51354 -3.51359
-3.51282 -3.51284
-3.51254 -3.51264
