0.260623 0.108869 0.267035 -0.0536429 0.000879561 -0.00233855 0.262302 0.107466 0.267711 -0.0535158 0.000953223 -0.00237964
0.329183 0.164715 0.329302 -0.0423464 0.00662093 -0.0116993 0.329271 0.165198 0.327411 -0.0415395 0.00607503 -0.0140645
0.349831 0.202463 0.384411 -0.0238739 0.0159628 0.0266882 0.350597 0.201947 0.381619 -0.0259606 0.0154079 0.0281658
0.298849 0.150925 0.318554 -0.0422166 -0.000533677 0.000424589 0.300847 0.150954 0.318813 -0.0409274 -0.00131576 0.00318864
0.379827 0.255064 0.345331 -0.049034 0.00422676 -0.0066296 0.383178 0.254661 0.347214 -0.0494821 0.0051231 -0.00400804
0.27682 0.117789 0.268871 -0.0501529 -0.000577278 0.0010904 0.277187 0.115639 0.269387 -0.0500156 -0.000217213 -5.15169e-05
0.302784 0.169574 0.359161 -0.0495946 0.00247799 -0.00847983 0.303845 0.173904 0.360671 -0.0477668 0.00187832 -0.0070783
0.364843 0.214125 0.403904 -0.0333993 -0.00491891 0.00630067 0.36622 0.214187 0.405193 -0.0361047 -0.00525047 0.00552422
0.269724 0.115337 0.275259 -0.0527891 0.00094911 7.33957e-05 0.270346 0.11425 0.276011 -0.0525182 0.000859411 0.000138973
0.328703 0.164867 0.302014 -0.0465886 0.0016421 -0.0127052 0.326813 0.16366 0.300453 -0.045596 0.00150759 -0.0111955
0.293522 0.211354 0.367792 -0.0874013 0.00875178 -0.0428209 0.296026 0.214389 0.370188 -0.0843124 0.00614451 -0.0423175
0.265723 0.11213 0.272775 -0.0527663 0.00130253 -0.00163296 0.267116 0.11057 0.273394 -0.0527749 0.00137063 -0.00149788
0.322427 0.16385 0.331955 -0.0325635 -0.00996815 0.00645996 0.316635 0.16414 0.33226 -0.0313814 -0.010571 0.00490432
0.366139 0.230711 0.374606 -0.0709823 -0.00576569 -0.0424307 0.366985 0.22628 0.376285 -0.0702146 -0.00444539 -0.0446458
0.279022 0.11952 0.265281 -0.0503144 0.00139868 -0.00123918 0.278964 0.117064 0.265707 -0.0502907 0.00143565 -0.000735068
0.349785 0.183262 0.333903 -0.0317743 0.00558671 0.00161625 0.344938 0.179495 0.331521 -0.0317869 0.0052792 0.00156448
0.359879 0.223347 0.375875 -0.0174835 -0.0156567 0.0117132 0.359258 0.220845 0.375926 -0.0186445 -0.0159431 0.0133165
0.272767 0.117921 0.273024 -0.0542011 0.00010752 0.00163498 0.273425 0.116084 0.273471 -0.0538577 0.000429672 0.00101593
0.326293 0.184841 0.322519 -0.0443949 -0.00864356 -0.00276714 0.323956 0.184922 0.321609 -0.0444126 -0.0106137 -0.00144349
0.38521 0.239046 0.385887 -0.035237 -0.010511 0.0331234 0.383302 0.238577 0.382001 -0.0352515 -0.00902135 0.0298193
0.274193 0.112737 0.27138 -0.0466638 0.00259086 -0.00644149 0.274647 0.110942 0.271865 -0.0466178 0.00249156 -0.00584589
0.319052 0.174602 0.334569 -0.045659 0.0157047 -0.0207044 0.318613 0.178129 0.336875 -0.0466494 0.0166952 -0.0230128
0.364576 0.223969 0.422333 -0.0519873 0.000639524 0.0459687 0.360669 0.223126 0.41707 -0.0523036 -0.00187841 0.0515284
0.268586 0.115378 0.273752 -0.0535198 0.00215607 -0.00459883 0.269734 0.113814 0.27432 -0.0532764 0.00225516 -0.00473391
0.360275 0.239238 0.382941 -0.0472079 -0.0143462 0.00402728 0.360509 0.238038 0.384333 -0.0462327 -0.0162576 0.00534489
0.347331 0.182272 0.338455 -0.0331396 -0.011654 0.0113292 0.345542 0.182109 0.339659 -0.0321837 -0.00955058 0.00929991
0.383418 0.242816 0.425796 -0.0458215 0.00119453 -0.0399451 0.380291 0.239769 0.423711 -0.0439001 -0.00163909 -0.0381413
0.272729 0.114375 0.267244 -0.0497277 0.00181103 -0.00110463 0.273226 0.112801 0.267884 -0.0498629 0.002093 -0.00137308
0.296618 0.168431 0.326107 -0.0577201 -0.00589932 -0.00175118 0.296064 0.167708 0.326708 -0.0554424 -0.00469417 -0.00357343
0.340205 0.272887 0.431502 -0.0901691 0.0103994 -0.00188398 0.338559 0.271821 0.425768 -0.0914315 0.0101188 -0.0021874
0.260686 0.111446 0.273163 -0.0557191 0.000958966 0.00133357 0.26233 0.110199 0.273804 -0.0555327 0.00117608 0.00135717
0.30929 0.155882 0.335732 -0.0493491 0.0029279 0.00116096 0.310706 0.155474 0.336412 -0.0479472 0.0026926 0.00176969
0.370884 0.251509 0.457752 -0.0533909 0.0132414 0.0191839 0.368885 0.252964 0.456116 -0.0517728 0.012569 0.0189596
0.270849 0.113352 0.270496 -0.0498751 0.0017466 2.99379e-05 0.271751 0.111952 0.271244 -0.0499258 0.00175629 0.000170616
0.393864 0.198854 0.399424 -0.00593219 -0.00274664 -0.0226198 0.392796 0.203466 0.405609 -0.00601135 -0.00439737 -0.0229233
0.341385 0.210847 0.332975 -0.0657114 0.00429596 -0.00705239 0.335145 0.20589 0.331375 -0.0639149 0.00501767 -0.00503345
0.272419 0.116058 0.27088 -0.0523426 0.000535489 0.00454438 0.273139 0.114352 0.271611 -0.0520174 0.00119437 0.00311027
0.374986 0.244622 0.392811 -0.0522438 0.00269947 -0.0386158 0.376376 0.242064 0.391367 -0.0507323 0.00186322 -0.0410392
0.323582 0.177579 0.340542 -0.0519781 0.00453679 -0.0138729 0.322924 0.177723 0.341068 -0.0509255 0.00484035 -0.0130716
0.407342 0.227131 0.388855 -0.0154594 0.0191261 -0.0200012 0.407043 0.224207 0.390418 -0.0126995 0.0187439 -0.0199727
0.270927 0.110165 0.270681 -0.0478743 0.00244734 -0.0023462 0.272031 0.108602 0.271405 -0.0477048 0.00247895 -0.00153302
0.313859 0.168212 0.320422 -0.0365507 0.00837122 -0.0188066 0.314331 0.169055 0.320276 -0.0377091 0.00896278 -0.0165687
0.35727 0.260034 0.433215 -0.0466032 0.00602713 0.00909342 0.361125 0.262157 0.436444 -0.0480471 0.00389565 0.0113829
0.271139 0.114001 0.270559 -0.0508785 0.000952894 0.0018856 0.271872 0.112426 0.271203 -0.0506385 0.00118746 0.00182897
0.311753 0.204491 0.335878 -0.0815369 0.00429663 0.00705833 0.313038 0.20165 0.334773 -0.0787189 0.0031802 0.00803263
0.378973 0.235465 0.332203 -0.0374618 0.00898701 -0.0125645 0.37512 0.23064 0.333915 -0.0373177 0.00912239 -0.0129517
0.271342 0.115156 0.273766 -0.0522453 -0.00059132 0.00362569 0.27217 0.113896 0.274556 -0.0521736 -0.000400857 0.00331697
0.345614 0.188711 0.347288 -0.0480381 -0.00179002 -0.000223706 0.344049 0.184929 0.347034 -0.0466269 -0.00186004 0.000253788
0.358396 0.217415 0.39341 -0.0384711 0.0136918 -0.02228 0.356643 0.218427 0.392794 -0.0370676 0.0119543 -0.021512
0.269713 0.116541 0.272295 -0.053553 0.000615054 0.000854668 0.27027 0.114934 0.272848 -0.0533868 0.0007455 0.00076135
0.30599 0.15357 0.344588 -0.0366372 -0.0123406 0.0221533 0.305174 0.155778 0.343094 -0.0365851 -0.0152269 0.023415
0.341472 0.209413 0.366723 -0.0382619 -0.0217867 0.0457813 0.341094 0.202747 0.363695 -0.0380948 -0.0197109 0.0479071
0.273176 0.114591 0.270786 -0.0505069 0.00122034 -0.00384257 0.274258 0.112774 0.271365 -0.0504704 0.00112554 -0.00357828
0.360818 0.193669 0.41149 -0.0334584 0.0127547 -0.0556746 0.360788 0.194585 0.413324 -0.0319395 0.00969993 -0.058761
0.304445 0.155136 0.326279 -0.0330077 -0.00961898 0.0110374 0.304781 0.156041 0.328257 -0.0319689 -0.0100151 0.0116443
0.36444 0.234581 0.417909 -0.0390259 0.00787893 -0.0406744 0.367817 0.240186 0.422956 -0.0363604 0.00744368 -0.0440149
0.271591 0.11354 0.268652 -0.0498934 0.000736752 -0.00215199 0.272499 0.111863 0.269153 -0.0497799 0.000616699 -0.00175567
0.326495 0.214083 0.330826 -0.0785567 0.00373159 0.0012374 0.324365 0.21522 0.332095 -0.0786552 0.00284041 -0.00148179
0.437353 0.234952 0.36731 -0.00238677 -0.023841 0.0171398 0.431724 0.232408 0.369202 -0.00228174 -0.0250442 0.0248658
0.267015 0.11036 0.273661 -0.0504378 -4.57384e-05 0.000818481 0.268172 0.108944 0.274287 -0.0501369 0.000180908 0.000214089
0.324447 0.18274 0.344955 -0.0537168 -0.00856831 0.00169501 0.326611 0.182701 0.34432 -0.0520564 -0.00748633 -0.000444481
0.392882 0.22407 0.400667 -0.00397647 -0.00965359 0.0121087 0.392603 0.224101 0.407947 -0.00457459 -0.00819192 0.0120836
0.270897 0.111796 0.267675 -0.0489854 -9.27212e-05 -0.00041389 0.271669 0.110147 0.2683 -0.0490194 -9.13992e-05 -0.000501293
0.2948 0.173731 0.357552 -0.0630491 -0.0028582 -0.00703919 0.294652 0.173193 0.355763 -0.0617113 -0.00427725 -0.00514594
0.375701 0.228721 0.408657 -0.023121 0.0152303 -0.0167895 0.377135 0.231644 0.411582 -0.0256145 0.0167024 -0.0168926
0.268186 0.114959 0.273486 -0.0544904 0.000297761 -0.00120204 0.269259 0.113581 0.274258 -0.0543969 6.52757e-05 -0.000698641
0.307006 0.185766 0.309833 -0.0645043 0.00182285 0.0223931 0.306009 0.183004 0.30996 -0.0647702 0.00222136 0.0230216
0.381262 0.230217 0.408014 -0.0116655 0.0157636 -0.0266407 0.383707 0.22922 0.405831 -0.0122464 0.0155942 -0.0289097
0.285254 0.152193 0.359497 -0.0377645 -0.0138304 0.00300788 0.287913 0.15511 0.361584 -0.0373381 -0.0140353 0.00268603
0.269866 0.115209 0.2714 -0.0523224 -0.000413919 -0.00267707 0.27046 0.113668 0.272005 -0.052143 -0.00043624 -0.00280554
0.313501 0.171033 0.406496 -0.0319778 0.00524579 -0.0223259 0.315177 0.174415 0.398757 -0.032559 0.0055485 -0.0228381
0.371948 0.214415 0.386449 -0.0309658 -0.0135975 -0.00642707 0.376157 0.212388 0.384829 -0.0313204 -0.0131664 -0.00729475
0.299156 0.183793 0.316375 -0.0684017 -0.00822926 -0.0038907 0.299664 0.183325 0.318187 -0.067954 -0.00804186 -0.00346308
0.27702 0.116727 0.268232 -0.0491018 -0.00111905 -0.00115193 0.277416 0.114588 0.26875 -0.0490045 -0.00109093 -0.00178597
0.390086 0.237212 0.373702 -0.0300374 -0.0124743 0.0141475 0.387834 0.232337 0.372531 -0.0290347 -0.0143898 0.0134206
0.345135 0.177682 0.334733 -0.0290118 -0.00788722 0.00157927 0.344448 0.176669 0.335589 -0.02873 -0.00868858 -0.000447299
0.272857 0.11628 0.273867 -0.0523563 -0.000957386 -0.000649322 0.273356 0.114842 0.274498 -0.0519443 -0.00127297 -0.000289149
0.410669 0.239002 0.368677 -0.0180668 -0.023801 0.0320339 0.409184 0.239072 0.369731 -0.018931 -0.0247772 0.0300327
0.312036 0.157303 0.319799 -0.0288866 -0.00649489 0.00833075 0.309551 0.157184 0.317936 -0.0286099 -0.00674784 0.00534073
0.272772 0.11522 0.272871 -0.0511601 -0.0010435 -0.000163942 0.273201 0.113694 0.273458 -0.0510407 -0.00100444 -0.000866693
0.340912 0.197371 0.38602 -0.0365674 0.00999031 0.0124385 0.342973 0.201171 0.389154 -0.0354243 0.0102388 0.0165782
0.275816 0.169277 0.328802 -0.0751089 -0.0093911 0.0300337 0.278207 0.17126 0.332872 -0.0742861 -0.00954213 0.0296702
0.27538 0.119349 0.268836 -0.0524486 -0.000510028 -0.0034334 0.275458 0.117105 0.269333 -0.0522883 -0.000727498 -0.00315954
0.34654 0.222778 0.399163 -0.0389734 0.00313784 -0.00153583 0.350505 0.226434 0.401598 -0.0401763 0.00317364 0.002647
0.314745 0.14559 0.365974 -0.0259378 0.000528703 -0.010446 0.316299 0.149297 0.366928 -0.0248121 0.000322759 -0.010647
0.343038 0.222736 0.419032 -0.0625255 -0.00635995 -0.0103901 0.344707 0.224604 0.423852 -0.0624801 -0.00531492 -0.00938199
0.278959 0.118108 0.274267 -0.0499961 -0.00232769 0.00203127 0.278877 0.11636 0.274978 -0.0496721 -0.00240028 0.00146326
0.335706 0.165195 0.33326 -0.0346288 0.0106364 -0.00275267 0.333088 0.163626 0.331679 -0.0357636 0.0104 -0.00310401
0.365941 0.206239 0.396802 -0.00874376 0.012142 -0.0296331 0.364761 0.207933 0.39451 -0.00848098 0.0110552 -0.0302389
0.27543 0.117135 0.275349 -0.0514659 -0.00119667 0.00156142 0.275565 0.115507 0.275922 -0.051157 -0.001438 0.0016642
0.315323 0.156975 0.311602 -0.0305742 -0.00280678 -0.0109342 0.315459 0.157845 0.313317 -0.029707 -0.00396393 -0.0114155
0.397023 0.2551 0.409755 -0.0348498 -0.00161682 -0.0199531 0.394232 0.256099 0.410899 -0.0302963 -0.00306002 -0.0232791
0.308713 0.163843 0.342317 -0.0388131 0.00734739 -0.0262499 0.313377 0.16717 0.342685 -0.0384887 0.00615884 -0.0263463
0.275395 0.120954 0.271973 -0.0537302 -0.000417 -0.000265355 0.275607 0.119104 0.272602 -0.0535126 -0.000379592 -0.000568674
0.347896 0.210246 0.38952 -0.0463997 -0.00231955 -0.00378048 0.349903 0.21006 0.386961 -0.0448862 -0.00180621 -0.00607699
0.295004 0.177153 0.29579 -0.0551803 0.00845149 -0.0182611 0.292637 0.177004 0.294846 -0.0546919 0.00989578 -0.0135788
0.277479 0.116707 0.27454 -0.049362 -0.00129508 0.00176172 0.277609 0.115139 0.275166 -0.049189 -0.0013794 0.00165827
0.299016 0.208154 0.402718 -0.0532122 -0.0026707 -0.013418 0.302037 0.207186 0.402565 -0.050091 -0.00207902 -0.0148618
0.338696 0.185437 0.308468 -0.0536419 -0.0106129 0.017699 0.33623 0.182009 0.308353 -0.0519696 -0.0104568 0.0185236
0.270943 0.114409 0.274444 -0.0516705 -0.00122284 0.000860228 0.271505 0.112952 0.275333 -0.0512197 -0.00114036 0.000595172
0.360029 0.218413 0.401767 -0.0331334 0.00847184 -0.00830811 0.362136 0.224925 0.401937 -0.0335919 0.0104775 -0.00766908
0.32016 0.174087 0.313912 -0.0408786 -0.000855683 0.0406562 0.320734 0.171281 0.315984 -0.0409075 -0.00011709 0.0406817
0.272354 0.113302 0.269612 -0.0491693 0.000684064 -0.00450796 0.273173 0.111554 0.270068 -0.0491536 0.000492229 -0.00412359
0.334477 0.221004 0.404638 -0.0604082 -0.0143441 0.00433071 0.337839 0.22157 0.405075 -0.059871 -0.0148652 0.00713226
0.316347 0.162903 0.31819 -0.0436592 -0.00758976 0.00589801 0.317815 0.164042 0.318406 -0.0430292 -0.00761461 0.00376824
0.329703 0.203096 0.300087 -0.0623173 0.00597746 0.00233252 0.329557 0.199752 0.302451 -0.0618902 0.00596272 0.00147165
0.267395 0.115302 0.269738 -0.0543342 -0.000373385 -0.00146021 0.268413 0.113635 0.270383 -0.0542519 -0.000477772 -0.00141983
0.338096 0.223608 0.352128 -0.0554786 0.00755434 0.0104114 0.339208 0.223953 0.354587 -0.0551878 0.0104142 0.010227
0.28419 0.144581 0.337971 -0.045749 -0.0122044 0.00546249 0.286376 0.146831 0.336367 -0.0449062 -0.0144665 0.00624157
0.269968 0.112384 0.271875 -0.0506339 -0.0022366 0.00202786 0.27097 0.111014 0.272505 -0.0505273 -0.00256126 0.00204988
0.416231 0.255329 0.358001 -0.0326281 0.0043282 -0.013204 0.411856 0.249659 0.355036 -0.0320338 0.00183016 -0.0102714
0.349526 0.192248 0.307069 -0.0440547 -0.000544521 -0.000950764 0.348828 0.189312 0.306824 -0.0434961 -0.00157137 -0.00177991
0.27195 0.114951 0.263307 -0.0505944 -0.00104967 -1.81491e-05 0.272962 0.112899 0.263864 -0.0505065 -0.00130228 -8.58259e-05
0.331902 0.236012 0.439752 -0.0634524 -0.0222291 0.00550556 0.328807 0.244116 0.443139 -0.0593611 -0.0211467 0.0043229
0.292813 0.170163 0.342353 -0.0520557 -0.00110676 -0.00679726 0.294202 0.174281 0.342951 -0.0513215 -0.00141354 -0.00817466
0.266853 0.110988 0.267921 -0.0510022 0.000396415 -0.00294344 0.268066 0.109483 0.268601 -0.0510149 0.000341458 -0.00333197
0.296911 0.164248 0.332032 -0.0520824 0.0163958 0.00446251 0.298227 0.16523 0.330509 -0.0513888 0.0172146 0.00425282
0.293991 0.169734 0.426352 -0.0426334 0.000607012 -0.0182926 0.295705 0.176582 0.424953 -0.0413309 -0.00166587 -0.0165502
0.318315 0.185567 0.332162 -0.0635824 0.00343454 0.00718045 0.316831 0.184336 0.330505 -0.0626634 0.0032343 0.00807112
0.261919 0.109536 0.274671 -0.0530928 -0.0013369 0.00100892 0.263402 0.108888 0.275503 -0.0530065 -0.00134395 0.000857852
0.325362 0.179608 0.441022 -0.0104211 0.000467109 -0.00392095 0.325631 0.183871 0.441353 -0.0124388 -0.000545865 -0.0025317
0.269883 0.114973 0.270136 -0.0522596 -0.000790432 -0.0012809 0.270604 0.11329 0.270734 -0.0521751 -0.000958674 -0.00112095
0.368903 0.224052 0.400545 -0.029614 0.0185981 -0.00374777 0.369144 0.223112 0.402877 -0.029549 0.0206541 -0.00690287
0.31545 0.187745 0.317921 -0.0601566 -0.00987321 -0.00530176 0.315595 0.186382 0.316799 -0.0603313 -0.0114545 -0.00564784
0.272858 0.115187 0.272038 -0.051135 0.00105818 -0.00691405 0.27365 0.113417 0.272685 -0.050691 0.00101208 -0.00757151
0.369558 0.255303 0.391833 -0.0608981 -0.0120969 0.00712628 0.367868 0.254853 0.390242 -0.0594363 -0.0110565 0.00542779
0.338493 0.177843 0.373835 -0.0513499 -0.00237633 0.0264241 0.337242 0.176631 0.373323 -0.0500265 -0.00307261 0.028181
0.276178 0.115019 0.273669 -0.048946 0.000117326 0.000417396 0.276585 0.113277 0.274131 -0.0488361 0.000114808 0.000434761
0.371764 0.237692 0.431394 -0.0187077 0.0235108 -0.011695 0.374004 0.239766 0.434045 -0.0195672 0.0252331 -0.0158677
0.343685 0.202671 0.32194 -0.0527128 -0.00251142 -0.00850022 0.342309 0.198671 0.321267 -0.052809 -0.00314982 -0.00560839
0.265539 0.113713 0.276205 -0.0542776 -0.0019467 0.00703665 0.266489 0.112524 0.276957 -0.0539314 -0.00189699 0.00697119
0.348882 0.1921 0.417791 -0.0225557 -0.00544634 0.0450678 0.348065 0.196076 0.418419 -0.0238601 -0.00435635 0.0494378
0.319115 0.205554 0.328914 -0.0646058 0.0107872 0.00131985 0.318361 0.202618 0.329765 -0.0637349 0.00970805 0.00304768
0.271323 0.114433 0.26897 -0.0509086 0.000610538 -0.00508288 0.271921 0.112579 0.26949 -0.0509073 0.000454546 -0.00512577
0.370425 0.236546 0.350782 -0.0407974 0.00604697 0.00294801 0.369211 0.232919 0.350774 -0.0390633 0.00618266 0.00347493
0.315224 0.158996 0.310221 -0.0460197 0.00228028 0.00376201 0.314698 0.154522 0.309244 -0.0456328 0.00162038 0.00531714
0.272001 0.116792 0.270521 -0.0532578 0.0009688 -0.00716623 0.2729 0.114982 0.271194 -0.0529928 0.000684212 -0.00644805
0.373652 0.241795 0.393017 -0.0300671 0.0024784 0.00623734 0.378335 0.240679 0.394315 -0.0293947 0.0037656 0.00523953
0.335404 0.15319 0.342297 -0.0160791 0.0089216 -0.0150011 0.331811 0.153563 0.341389 -0.014832 0.0114348 -0.0137121
0.272888 0.114201 0.271187 -0.049799 -0.00225538 0.00521302 0.273458 0.112666 0.27191 -0.0496038 -0.00226422 0.005029
0.355049 0.222203 0.442137 -0.0448706 0.00411902 0.0100456 0.358464 0.227035 0.439865 -0.0447807 0.00657243 0.0111244
0.302224 0.14231 0.329788 -0.0294138 -0.0030964 -0.0132918 0.304103 0.143329 0.328634 -0.0303058 -0.0030334 -0.0145758
0.269032 0.114454 0.27018 -0.0523947 -0.00156306 0.00247692 0.269959 0.1127 0.270949 -0.0522447 -0.00163832 0.00220716
0.373833 0.256607 0.42265 -0.0519621 0.00342707 0.0360439 0.374873 0.256937 0.425934 -0.0517761 0.00505713 0.035188
0.27347 0.110765 0.273211 -0.0468638 0.00166262 -0.00850878 0.274031 0.109349 0.273829 -0.0465866 0.00129325 -0.00817837
0.297405 0.155842 0.341452 -0.0554819 -0.00368103 -0.0209631 0.297656 0.158618 0.341186 -0.054417 -0.00368346 -0.0217157
0.383198 0.260983 0.393446 -0.0419509 0.00316547 0.0259704 0.382164 0.259623 0.395583 -0.0440747 0.00264851 0.0257338
0.2746 0.116968 0.274242 -0.0515988 0.000246346 -0.00151242 0.274935 0.115274 0.274981 -0.0512909 9.62189e-05 -0.00114606
0.368769 0.250373 0.445379 -0.0409377 -0.0111973 0.0142183 0.37605 0.248834 0.449232 -0.0449541 -0.0105461 0.0140037
0.319972 0.172828 0.306157 -0.0468627 0.00217105 -0.00556283 0.320911 0.171457 0.305694 -0.0469442 0.00330008 -0.00788973
0.275669 0.122992 0.271952 -0.0559082 -0.00115095 0.00271608 0.27573 0.120801 0.272425 -0.0558063 -0.0011904 0.00299707
0.364905 0.251804 0.43967 -0.0208185 0.0021299 -0.0123505 0.369603 0.253838 0.436327 -0.0215254 0.00206571 -0.00984817
0.323508 0.182132 0.375516 -0.0525787 -0.00185635 -0.0378959 0.322578 0.183652 0.37528 -0.0504467 -0.00260213 -0.0384679
0.273998 0.117909 0.272309 -0.0521443 0.000447593 -0.00307727 0.274067 0.11617 0.272888 -0.0519702 0.000171803 -0.00262339
0.327459 0.262799 0.445982 -0.0645875 -0.0156483 -0.0129672 0.331937 0.261636 0.444535 -0.0661811 -0.0163844 -0.0141304
0.344427 0.22506 0.339938 -0.058335 -0.0134156 -0.000175679 0.340639 0.224208 0.340544 -0.0561962 -0.0136857 -0.000222155
0.27211 0.113919 0.27388 -0.0510154 0.00125028 -0.00513701 0.272738 0.112394 0.274569 -0.050674 0.00121698 -0.00512383
0.412657 0.240702 0.400106 -0.0495374 -0.0319226 0.0237532 0.412621 0.237723 0.39914 -0.0487228 -0.0343598 0.0262174
0.336622 0.206401 0.429205 -0.0450125 -0.00694358 -0.0104511 0.340239 0.210577 0.429633 -0.0443582 -0.00476011 -0.0126014
0.271762 0.111697 0.268536 -0.0475814 -0.000215594 0.00171867 0.272223 0.110065 0.269284 -0.0473475 -0.000493452 0.00196604
0.337968 0.245824 0.458827 -0.0543953 -0.00838294 0.00296323 0.342231 0.245649 0.459833 -0.0539256 -0.0109714 0.00323104
0.320909 0.178359 0.37345 -0.0275104 0.0022802 7.62449e-05 0.322218 0.179736 0.377007 -0.0271938 0.00103084 0.00204768
0.405971 0.27188 0.380181 -0.0548953 0.00504366 -0.012726 0.402079 0.266207 0.375835 -0.055036 0.0043889 -0.00994395
0.268406 0.13177 0.276429 -0.0501482 -0.00477418 0.00588042 0.268458 0.129657 0.277297 -0.0496566 -0.00467218 0.00442078
0.397565 0.256498 0.437893 -0.0291301 -0.0173624 0.0552173 0.398814 0.260471 0.43689 -0.0281684 -0.019288 0.0543489
0.335979 0.195446 0.393994 -0.0680927 -0.00924784 -0.00249697 0.338338 0.198683 0.398305 -0.0667943 -0.00840661 -0.00157779
0.27633 0.138911 0.294453 -0.0556642 -0.00579379 -0.000537537 0.277705 0.139286 0.293812 -0.0559488 -0.00554392 -0.000234471
0.412583 0.251942 0.445439 -0.0430819 0.0289915 -0.00153818 0.412705 0.24938 0.444379 -0.038755 0.0298115 0.000275148
0.295044 0.163988 0.337336 -0.0309654 0.000427394 -0.00912537 0.295262 0.16159 0.337009 -0.0297074 0.000135029 -0.00790333
0.266916 0.120948 0.314594 -0.0482649 0.00180968 -0.0118895 0.270882 0.123522 0.314424 -0.0474776 0.00176115 -0.0113577
0.466396 0.336594 0.431838 -0.0394902 0.00757969 -0.00686013 0.460641 0.338669 0.43395 -0.0389027 0.00705545 -0.00906279
0.277339 0.134442 0.306666 -0.0535375 0.00147789 -0.00213746 0.278699 0.135899 0.307086 -0.05296 0.0014093 -0.0028739
0.340292 0.218839 0.371129 -0.0665231 0.0109026 -0.000283692 0.34034 0.219785 0.374035 -0.0637591 0.0134636 -0.00421357
0.377983 0.256614 0.438151 -0.0454599 -0.00529194 -0.00554706 0.378075 0.253619 0.435271 -0.0452626 -0.00721372 -0.00811654
0.309417 0.148914 0.286051 -0.0408083 0.00199132 -0.0207896 0.308506 0.147158 0.285795 -0.0400799 0.00141294 -0.0196635
0.336868 0.206608 0.355418 -0.0383479 -0.00419197 -0.00380935 0.335759 0.205512 0.354024 -0.0380247 -0.0053924 -0.0044016
0.437065 0.315995 0.443334 -0.0547739 0.0271497 -0.000872398 0.432604 0.312568 0.440445 -0.0556469 0.0276442 -0.00143508
0.292942 0.138904 0.2933 -0.0453715 -0.00342982 -0.0037245 0.291114 0.137099 0.29378 -0.0453375 -0.00382678 -0.00324249
0.432041 0.286203 0.420765 -0.0518242 5.12958e-05 0.0163605 0.426537 0.279423 0.424416 -0.0503954 0.00259351 0.0134992
0.35779 0.242563 0.360199 -0.0743098 0.008551 -0.019207 0.355787 0.241809 0.35834 -0.0733 0.00873879 -0.0173708
0.378184 0.257609 0.394125 -0.0398809 -0.0280882 -0.0166384 0.383278 0.262292 0.396848 -0.0399767 -0.0315853 -0.0176331
0.288563 0.138954 0.320887 -0.0526351 -0.0015778 -0.008555 0.287498 0.139661 0.321115 -0.0510118 -0.00254233 -0.00863117
0.316497 0.166135 0.350108 -0.0352607 0.000715931 0.00300938 0.315128 0.165171 0.347224 -0.0348222 0.000682 0.000403076
0.376484 0.228528 0.412459 -0.0512979 0.0138565 -0.00909981 0.379466 0.229204 0.414312 -0.0551376 0.013458 -0.00819635
0.288058 0.136504 0.299827 -0.0492113 0.00346652 -0.0122825 0.287121 0.136546 0.299996 -0.0485218 0.00382165 -0.0149135
0.391664 0.224646 0.365955 -0.0224671 -0.00569112 -0.0072955 0.387841 0.221406 0.365429 -0.0229797 -0.00698951 -0.00645492
0.398993 0.235239 0.416267 -0.0146408 -0.0129463 -0.00108577 0.400638 0.234176 0.421208 -0.0167033 -0.0125512 -0.00101065
0.274392 0.135304 0.295505 -0.0522951 -0.000275996 -0.0155585 0.274673 0.132998 0.294666 -0.050814 -5.39696e-05 -0.0144852
0.385202 0.288614 0.419373 -0.0632411 0.000495943 -0.0267981 0.384897 0.287628 0.418923 -0.0629412 0.00132434 -0.0298809
0.347813 0.209253 0.368214 -0.0428124 -0.0185999 0.00197159 0.347517 0.207884 0.370986 -0.0442587 -0.0177399 0.00382865
0.290426 0.150681 0.286667 -0.0580371 -0.00264098 0.00127332 0.291526 0.148464 0.286212 -0.0581778 -0.00245047 0.00205073
0.421739 0.288342 0.444449 -0.0336627 0.0121842 0.0191702 0.425349 0.285891 0.44241 -0.0357762 0.0107949 0.0154943
0.373354 0.202239 0.371439 -0.0202397 0.00246555 -7.14837e-05 0.370499 0.201609 0.37308 -0.0211331 0.00294474 -0.00227501
0.283401 0.139971 0.313298 -0.0540283 -0.0031696 0.00118338 0.283952 0.141826 0.314325 -0.0530362 -0.00377051 0.00218617
0.401871 0.280728 0.440327 -0.0212521 0.00415526 -0.00420084 0.403549 0.278621 0.433205 -0.0213295 0.00585686 -0.0055614
0.350289 0.214594 0.381003 -0.032911 0.00396327 0.0016895 0.345831 0.215249 0.38389 -0.0340478 0.00552309 0.000473478
0.305487 0.168338 0.298709 -0.0672029 -0.00133206 -0.00745672 0.305095 0.166228 0.298782 -0.0669825 -0.00197645 -0.0065111
0.402174 0.294184 0.432144 -0.0347076 -0.0119319 0.0123196 0.403514 0.295674 0.433237 -0.0326913 -0.0133294 0.0157896
0.309036 0.17646 0.36996 -0.0532078 0.00434565 0.01498 0.309074 0.18183 0.371849 -0.0516124 0.00572068 0.0136027
0.284601 0.145987 0.319499 -0.0530598 0.00229146 -0.00628973 0.28293 0.147989 0.317906 -0.052293 0.00172082 -0.00447557
0.373795 0.273315 0.385114 -0.0579209 -0.00412484 -0.0434979 0.371728 0.270082 0.386323 -0.0589032 -0.00647252 -0.0424712
0.32585 0.227488 0.377067 -0.06913 0.000972694 -0.00819202 0.327515 0.229943 0.37459 -0.0690246 0.00175404 -0.00561536
0.26927 0.135229 0.29539 -0.0567442 0.00518639 -0.00658087 0.270833 0.13641 0.295524 -0.0561054 0.00600105 -0.00621393
0.332053 0.229593 0.425788 -0.0488261 0.00246057 0.0441726 0.339049 0.236081 0.427492 -0.0478468 0.00287599 0.0465381
0.336744 0.205574 0.379045 -0.0515166 -0.00964311 0.0162619 0.336074 0.210215 0.378342 -0.0463725 -0.00675038 0.0128217
0.304708 0.132728 0.302126 -0.0284686 -0.00109172 0.00174749 0.303918 0.133066 0.303018 -0.0284305 -0.0015115 0.00443
0.426244 0.272549 0.367564 -0.0465133 0.00786853 -0.00767496 0.426282 0.26609 0.372083 -0.0451469 0.00525948 -0.00307286
0.338034 0.213366 0.32458 -0.06687 0.0201824 -0.0292396 0.3393 0.210246 0.325801 -0.0642656 0.0213231 -0.0278177
0.289577 0.166487 0.303205 -0.0702723 0.000996773 -0.00346184 0.289263 0.164847 0.302172 -0.0683832 0.00123752 -0.00126082
0.429181 0.324889 0.402657 -0.0553536 0.0018914 0.0278257 0.422205 0.32109 0.405087 -0.0560444 0.000374131 0.0322255
0.346252 0.179349 0.414081 -0.0148008 0.0036731 -0.0283587 0.347807 0.182349 0.412146 -0.0130006 0.00352695 -0.0302796
0.301985 0.139951 0.29738 -0.0370238 0.00620528 -0.0162653 0.300801 0.139407 0.297632 -0.0369205 0.00628077 -0.0179317
0.438994 0.261763 0.434896 -0.0182319 0.013644 -0.00822465 0.442654 0.262783 0.43248 -0.015996 0.0145762 -0.0100423
0.354543 0.212723 0.326953 -0.0459399 -0.0155281 0.0109291 0.354147 0.209456 0.329704 -0.0468274 -0.016569 0.0112619
0.281 0.146901 0.296726 -0.0527819 -0.0061794 0.00844197 0.28375 0.146331 0.297276 -0.0532139 -0.0052418 0.00741547
0.419956 0.24312 0.369296 -0.00929492 -0.00610444 -0.010869 0.4218 0.243282 0.371306 -0.0107886 -0.00673096 -0.0143825
0.305902 0.139655 0.286437 -0.0400454 0.00335683 -0.000741159 0.305928 0.137894 0.285625 -0.0402167 0.00363803 0.00208923
0.326627 0.216218 0.382239 -0.0609266 0.00459035 0.0120269 0.325465 0.219187 0.381094 -0.0612622 0.00527118 0.0119607
0.370781 0.224081 0.448123 -0.0248324 0.00113874 -0.00018854 0.372533 0.225889 0.448465 -0.0258367 0.000144993 -0.00218395
0.286659 0.126316 0.312185 -0.0436284 0.0036647 -0.00756444 0.286649 0.126438 0.311762 -0.0420252 0.0031319 -0.005606
0.327532 0.171683 0.361731 -0.0414536 -0.00119317 0.0188068 0.323811 0.174003 0.36178 -0.0397385 -0.00194258 0.021102
0.384104 0.263603 0.369082 -0.0319039 0.00152496 -0.0103151 0.385939 0.261984 0.370739 -0.0360189 -9.91085e-05 -0.00698318
0.300304 0.145598 0.298603 -0.0487209 0.00122399 -0.00305495 0.301463 0.144069 0.298836 -0.0481168 0.000722384 -0.00362311
0.310461 0.217202 0.360147 -0.0641448 0.00526092 0.00851064 0.309188 0.220139 0.361212 -0.0617648 0.00741689 0.00647658
0.379486 0.256286 0.478861 -0.0709215 -0.00691696 0.00229191 0.381689 0.257765 0.475001 -0.070096 -0.00748642 0.000884715
0.313748 0.155632 0.293232 -0.0461295 0.00207743 0.0118691 0.312212 0.153617 0.291994 -0.04698 0.00140895 0.0135282
0.323098 0.198333 0.348038 -0.0547891 -0.00790109 -0.0140521 0.322845 0.196358 0.346593 -0.0557883 -0.00756562 -0.0160592
0.415739 0.254603 0.382015 -0.037218 -0.0134495 0.00949573 0.413482 0.248185 0.378677 -0.0388569 -0.0129194 0.011999
0.299517 0.1524 0.300395 -0.0538863 0.000667872 -0.0153738 0.29685 0.150828 0.30011 -0.0530078 0.000272392 -0.0145269
0.311729 0.193839 0.401963 -0.0630214 0.00190042 -0.000971586 0.310757 0.199365 0.403359 -0.0630569 0.002179 0.000250963
0.363688 0.236647 0.400954 -0.0434302 0.0101261 0.00274291 0.370118 0.241317 0.402458 -0.0425898 0.0080045 0.00331452
0.284582 0.13585 0.293629 -0.0476629 -0.00259933 -0.00297523 0.283611 0.135742 0.294766 -0.046977 -0.00411933 -0.00195612
0.339526 0.24407 0.44113 -0.0764385 0.00142405 0.00861417 0.339201 0.241779 0.433557 -0.0765463 0.00109133 0.00619509
0.471296 0.322039 0.433746 -0.0372036 -0.0129505 -0.00495381 0.463391 0.314038 0.426651 -0.0377682 -0.0140871 -0.00455803
0.300389 0.146876 0.278914 -0.0473021 -0.008191 0.0147618 0.301555 0.144667 0.280069 -0.0468042 -0.00815603 0.013831
0.341807 0.19866 0.325753 -0.0325788 0.00374488 0.00096834 0.340404 0.199492 0.327815 -0.0331743 0.00407189 0.00106674
0.393722 0.258532 0.419465 -0.0551741 -0.00334793 0.0142121 0.397518 0.259092 0.415109 -0.0544729 -0.00527735 0.0134867
0.30315 0.134989 0.304748 -0.0347954 0.00840905 -0.00751986 0.303015 0.134411 0.306579 -0.0340739 0.00875242 -0.00621389
0.368082 0.201929 0.33513 -0.0142962 0.0167986 -0.0279655 0.367187 0.202681 0.336386 -0.0156532 0.0182785 -0.0273204
0.388494 0.24334 0.430523 -0.034693 0.0157385 0.000425217 0.388431 0.243689 0.428403 -0.0332522 0.0181427 -0.00254276
0.288303 0.134128 0.300983 -0.0490191 -0.0093691 0.0252568 0.28955 0.13381 0.303203 -0.0480672 -0.00939291 0.0244656
0.382613 0.234708 0.359083 -0.0501999 0.00252462 0.00338748 0.378377 0.233271 0.361827 -0.0477145 0.0013689 0.00258502
0.436733 0.284277 0.467354 -0.0509972 -0.00778272 0.00927707 0.437721 0.288118 0.464703 -0.0505449 -0.00829134 0.0134474
0.29529 0.147093 0.291257 -0.0548681 -0.00159866 -0.00241013 0.294893 0.145368 0.291752 -0.0549448 -0.0016147 -0.00325588
0.364723 0.246661 0.326633 -0.0471744 -0.00514262 0.0219649 0.359221 0.241292 0.32556 -0.0482359 -0.00589301 0.0236285
0.436191 0.288229 0.399097 -0.012344 0.0066955 -0.00492704 0.434765 0.287356 0.400847 -0.0119676 0.00489529 -0.00690556
0.30813 0.160154 0.280214 -0.052853 -0.00610004 0.00696397 0.306872 0.158173 0.280876 -0.0519353 -0.0055253 0.00473452
0.341591 0.193833 0.362628 -0.0408569 0.000864711 0.0298259 0.343556 0.193537 0.364036 -0.0392852 0.00203182 0.028953
0.405573 0.24384 0.447086 -0.00873532 0.0288316 0.0232999 0.408276 0.244819 0.450075 -0.00784391 0.0324566 0.0256276
0.270247 0.115902 0.306014 -0.0426548 0.00232812 -0.0159955 0.273299 0.118238 0.307566 -0.0424654 0.00157474 -0.0156833
0.386591 0.221619 0.465101 -0.0163606 0.00218162 0.0094257 0.384834 0.22011 0.469282 -0.0165404 0.00404494 0.0101222
0.320799 0.199709 0.425753 -0.0469352 0.00151245 -0.0139468 0.3237 0.206658 0.427954 -0.0456873 0.00161173 -0.0155679
0.287606 0.135884 0.322147 -0.0500221 0.0082995 -0.0214682 0.288191 0.138308 0.322659 -0.0484535 0.00854839 -0.0214283
0.380885 0.23355 0.378098 -0.0241727 -0.0132398 0.0223203 0.384265 0.227368 0.376449 -0.0252265 -0.0132553 0.0231997
0.295759 0.178172 0.362718 -0.043258 -0.00323076 0.00133318 0.297903 0.18077 0.361121 -0.0443929 -0.00123452 -0.00151656
0.262702 0.120044 0.305294 -0.0518124 -0.0047558 0.0146299 0.264753 0.120562 0.304414 -0.05215 -0.00451327 0.0127302
0.438024 0.265208 0.451309 -0.0281681 -0.00620502 0.00640021 0.432227 0.26326 0.448213 -0.0267517 -0.0048699 0.00802376
0.334143 0.202035 0.346648 -0.0617028 0.000927623 -0.0277205 0.330934 0.196872 0.343653 -0.0599676 0.000208463 -0.0314404
0.278515 0.131351 0.292918 -0.0491219 -0.00205883 0.00230156 0.277654 0.13147 0.292975 -0.0469296 -0.0022012 0.00264475
0.38029 0.291624 0.404773 -0.0608886 0.00405067 -0.014797 0.37311 0.289961 0.40407 -0.0600775 0.00357679 -0.0128851
0.316063 0.201895 0.355643 -0.0581964 -0.00460561 0.0300532 0.318258 0.200315 0.358048 -0.0572687 -0.00437907 0.0323918
0.281596 0.127329 0.317168 -0.038971 -0.000436281 0.00457691 0.281993 0.128364 0.317706 -0.0379591 0.000443499 0.0044536
0.41366 0.312025 0.400714 -0.072998 0.0199166 -0.00357391 0.409461 0.307779 0.397447 -0.0698694 0.021523 -0.00616397
0.330604 0.183278 0.392965 -0.0152559 -0.0175244 -0.000213296 0.334914 0.19006 0.391598 -0.0139468 -0.0185953 0.0035813
0.31107 0.150652 0.297359 -0.0432945 -0.0057406 0.0149672 0.308107 0.148481 0.297188 -0.0420781 -0.00525678 0.0126093
0.357982 0.244769 0.409581 -0.0440035 0.0126667 -0.0348376 0.35876 0.242084 0.412381 -0.0455445 0.0116547 -0.0354728
0.374588 0.219352 0.382597 -0.0314151 -0.00327078 -0.0145588 0.371657 0.221306 0.380202 -0.0298263 -0.00353889 -0.0163413
0.285609 0.141489 0.319163 -0.0577401 -0.00479414 0.0034541 0.283765 0.142778 0.319062 -0.0568158 -0.00440223 0.00370142
0.368981 0.243964 0.492717 -0.0253125 -0.00182272 0.00363933 0.373751 0.247222 0.490101 -0.0229512 -0.00190377 0.00311467
0.368769 0.208689 0.369363 -0.0384625 -0.00172178 0.0193752 0.367168 0.211126 0.368546 -0.0373912 -0.00125884 0.022147
0.409691 0.28013 0.386393 -0.0605778 -0.00733512 0.0143272 0.406479 0.279317 0.388163 -0.0603607 -0.00667304 0.0153291
0.301832 0.159839 0.27982 -0.0597319 -0.00856547 0.012295 0.300525 0.156002 0.279362 -0.0593719 -0.00917639 0.010465
0.337164 0.222208 0.401109 -0.0701475 -0.000731813 -0.00185623 0.33736 0.224672 0.403197 -0.0699242 0.000277261 -0.00505916
0.389915 0.274428 0.414157 -0.0739155 0.0176035 -0.0307529 0.391927 0.270177 0.414127 -0.0774851 0.0207042 -0.0320234
0.306108 0.14923 0.310913 -0.0446745 -0.0034539 0.00290619 0.304595 0.149685 0.310628 -0.0440257 -0.00406611 0.00282439
0.361692 0.229782 0.359307 -0.0205893 0.00150271 -0.004913 0.359882 0.226866 0.355126 -0.0248424 0.000927582 -0.00844948
0.400249 0.253854 0.408408 -0.0391075 -0.0132681 0.000140966 0.404046 0.256315 0.408117 -0.040167 -0.0140506 -0.000298978
0.310293 0.141836 0.293958 -0.0396191 0.00466037 -0.0152737 0.307777 0.141911 0.294094 -0.0382235 0.00470678 -0.0172089
0.341501 0.248313 0.366192 -0.0626595 0.0110346 -0.0349592 0.337262 0.245901 0.362244 -0.0624047 0.0117475 -0.0339608
0.323855 0.210109 0.462154 -0.063742 -0.00159856 0.0136686 0.332892 0.219745 0.457051 -0.0622311 -0.00232482 0.0169152
0.348494 0.195287 0.376181 -0.0499103 0.00140728 0.00333176 0.348958 0.196762 0.375646 -0.0524814 0.00383254 0.00283212
0.281797 0.160786 0.291253 -0.0667224 -0.0151056 0.0169592 0.281997 0.159614 0.292686 -0.0663454 -0.0148345 0.0136945
0.309525 0.195536 0.383978 -0.065227 -0.00581327 -0.0157715 0.310614 0.197407 0.385895 -0.0648591 -0.00653377 -0.0130432
0.479035 0.317989 0.39274 -0.0264082 -0.0138486 0.0143554 0.470555 0.306813 0.390038 -0.0270848 -0.0164171 0.0180974
0.291973 0.138232 0.289291 -0.043711 -0.0112982 -0.0018437 0.291302 0.137809 0.289598 -0.0438646 -0.0128068 -0.000785713
0.333676 0.189231 0.384348 -0.0434605 -0.00563834 0.0222199 0.33743 0.193668 0.386064 -0.0425916 -0.0026175 0.0229566
0.293488 0.131415 0.306082 -0.0417328 0.00735757 -0.0127448 0.293531 0.130798 0.304637 -0.0405943 0.00706137 -0.0135651
0.403839 0.215753 0.364035 0.00394297 -0.008632 -0.00805298 0.399818 0.210666 0.363534 0.00120452 -0.00735182 -0.00460823
0.282203 0.120683 0.302282 -0.0360874 -0.00262632 0.000471428 0.283706 0.121659 0.302305 -0.0354903 -0.00227631 -0.000165324
0.295421 0.204942 0.403794 -0.0513885 0.00615125 -0.0311613 0.299034 0.2124 0.406198 -0.0502402 0.00598007 -0.0294158
0.28814 0.134183 0.283664 -0.0454884 -0.00247576 0.0116513 0.288486 0.133453 0.286153 -0.0446169 -0.00342894 0.0136969
0.365969 0.199212 0.365684 -0.0346476 -0.00540253 -0.0145975 0.363811 0.198063 0.362066 -0.0333971 -0.00621009 -0.0135213
0.305 0.168397 0.302751 -0.0667514 0.00323501 -0.00441971 0.302 0.164103 0.301254 -0.067588 0.00432177 -0.00530621
0.340466 0.16509 0.33863 -0.0209605 0.00707091 -0.0173748 0.340859 0.165535 0.338824 -0.0211006 0.00755402 -0.0198195
0.348542 0.201365 0.321966 -0.0465839 0.00786015 -0.0313048 0.347236 0.196545 0.322334 -0.0473082 0.00567193 -0.031357
0.297766 0.132905 0.313972 -0.0398603 0.000631084 0.00764082 0.298557 0.133604 0.312763 -0.0396615 0.000810445 0.00767443
0.317315 0.222731 0.362247 -0.0606946 0.00496879 0.0121936 0.318187 0.224711 0.367199 -0.0609651 0.0017775 0.0113814
0.301642 0.152634 0.297907 -0.0521746 0.00806763 -0.00137021 0.301264 0.150776 0.296507 -0.0514171 0.00885288 -0.00148794
0.293512 0.140179 0.305766 -0.0432702 0.00807968 -0.00766671 0.293954 0.140474 0.306635 -0.043015 0.00926538 -0.0105093
0.308325 0.153227 0.280087 -0.051806 0.00577689 0.00388935 0.308564 0.149772 0.281484 -0.0518967 0.00485616 0.00539414
0.288523 0.144057 0.289438 -0.0477845 0.00208438 0.00534326 0.289137 0.14361 0.289905 -0.0472089 0.00217533 0.00575406
