-3.59137 -3.5914
-3.55511 -3.55467
-3.54252 -3.54222
-3.55076 -3.55089
-3.54788 -3.54872
-3.55317 -3.5536
-3.5503 -3.55031
-3.55177 -3.55149
-3.54646 -3.54609
-3.54965 -3.55024
-3.55119 -3.55082
-3.55329 -3.5526
-3.54949 -3.54911
-3.53678 -3.53587
-3.55025 -3.55053
-3.55011 -3.5506
-3.54962 -3.54958
-3.55035 -3.54969
-3.55289 -3.55266
-3.54963 -3.5502
-3.54873 -3.54794
-3.55356 -3.55346
-3.54837 -3.54816
-3.54854 -3.54819
-3.54421 -3.54366
-3.54818 -3.54761
-3.54848 -3.5487
-3.55501 -3.55518
-3.55252 -3.55226
-3.54977 -3.54972
-3.54652 -3.54594
-3.55266 -3.55349
-3.54897 -3.54893
-3.55412 -3.5542
-3.54687 -3.54688
-3.54899 -3.54897
-3.55119 -3.55079
-3.55021 -3.54985
-3.54902 -3.5489
-3.55674 -3.55655
-3.54816 -3.54795
-3.55408 -3.5544
-3.5462 -3.54647
-3.55219 -3.55223
-3.5472 -3.54694
-3.54703 -3.54662
-3.55011 -3.55043
-3.54674 -3.54647
-3.54916 -3.5492
-3.54838 -3.54816
-3.54951 -3.54888
-3.54779 -3.54798
-3.54806 -3.54762
-3.54655 -3.54602
-3.55169 -3.55138
-3.54962 -3.55035
-3.547 -3.54682
-3.54708 -3.54701
-3.54766 -3.54757
-3.55011 -3.5499
-3.5472 -3.54729
-3.54402 -3.54469
-3.54727 -3.54705
-3.54699 -3.54758
-3.54888 -3.54798
-3.54661 -3.54696
-3.54964 -3.54971
-3.55002 -3.55024
-3.54875 -3.54872
-3.54512 -3.54489
-3.55073 -3.55095
-3.55294 -3.55229
-3.54689 -3.54609
-3.55126 -3.55183
-3.54726 -3.54753
-3.55135 -3.5519
-3.54742 -3.54812
-3.5448 -3.54428
-3.54781 -3.54808
-3.54643 -3.54693
-3.5467 -3.54716
-3.55463 -3.55516
-3.54757 -3.54783
-3.54499 -3.5453
-3.5453 -3.54548
-3.5513 -3.55174
-3.55174 -3.55251
-3.55178 -3.55207
-3.54691 -3.54736
-3.5428 -3.54302
-3.55091 -3.55167
-3.54645 -3.54635
-3.5487 -3.54805
-3.54645 -3.54596
-3.55145 -3.5519
-3.54794 -3.54884
-3.55056 -3.55098
-3.551 -3.55052
-3.54647 -3.54612
-3.54681 -3.54746
