0.0660126 0.0698524 0.00996859 -0.00258068 0.000346506 -0.0129522 0.0666238 0.0720119 0.00595935 0.00166586 0.00277177 -0.0195812
0.192187 0.0887734 0.166215 0.0106791 0.00279707 0.071978 0.197677 0.0888879 0.162114 0.0136337 0.00662591 0.0651436
0.0609506 0.0688183 0.0525263 0.00455198 0.0240559 0.0138643 0.0666184 0.0653479 0.0492167 0.0067638 0.0309287 0.00801067
0.113225 0.0657131 0.0197843 -0.0119469 0.00811658 0.0222307 0.116709 0.0684486 0.0214099 -0.00864565 0.0114518 0.0153214
0.0641466 0.047697 0.0371056 0.0275285 0.00683068 -0.00203057 0.0763108 0.0419122 0.03286 0.0229175 -0.00404632 -0.0103373
0.0218581 0.0116755 -0.0326763 -0.000940129 0.0299421 -0.0514523 0.0323417 0.0169475 -0.0353569 0.00336083 0.0334207 -0.0539766
0.0879014 0.111085 0.0391718 -0.0327914 -0.0272455 -0.0113941 0.0863217 0.102498 0.0372684 -0.0307176 -0.0279947 -0.0120968
0.0825595 0.0734032 0.0298435 0.0133052 0.0218453 0.00604262 0.0752857 0.0669432 0.0332803 0.0126498 0.0195177 0.00810424
0.044727 0.059711 0.0165442 -0.0096029 -0.000640096 -0.0263198 0.0498873 0.05399 0.0177503 -0.0040625 -0.000385256 -0.0252927
0.088183 0.0389189 0.0617165 0.0299009 -0.0122982 0.00456551 0.0986225 0.0367856 0.0585603 0.0306463 -0.0128024 0.00525634
0.10654 0.0788288 0.0679075 0.00386018 -0.014283 0.0119626 0.104589 0.074235 0.0656195 0.00224914 -0.0146081 0.0072016
0.0611078 0.0908255 0.0562674 0.00529841 0.0156793 -0.00245981 0.0617538 0.0910268 0.054891 0.00822535 0.0163126 -0.00659666
0.0823751 0.0900808 0.0550817 -0.0232624 -0.0122386 -0.0210035 0.083366 0.0773418 0.057875 -0.0220028 -0.0151722 -0.0277635
0.07625 0.1015 0.0589863 0.0271977 0.0138236 0.00983034 0.0822565 0.0910584 0.0557441 0.0256238 0.0173158 0.0022811
0.0725464 0.0374264 0.0474149 -0.0132944 -0.0137685 0.00928071 0.0789372 0.030241 0.0426902 -0.0169827 -0.0176295 0.00538939
0.0891599 0.0867426 0.0742704 -0.0284233 -0.0060492 0.00392491 0.095372 0.0856956 0.0738584 -0.0311503 -0.00309065 0.00156614
0.0365552 0.0965203 0.0589465 -0.0127107 0.00981348 0.00256651 0.0326247 0.0959579 0.0608465 -0.0109819 0.0132516 0.000303886
0.0363515 0.0695423 0.0373223 0.0158177 -0.00244036 -0.0187412 0.0406866 0.0682907 0.0343299 0.0145118 -0.0057874 -0.0218979
0.0790458 0.0607639 0.0318239 -0.0081949 -0.0343569 -0.017675 0.0850468 0.0617319 0.0366861 -0.00723763 -0.0414046 -0.0161078
0.0610662 0.0810319 0.00691288 0.0076817 -0.00139119 -0.0252211 0.0639407 0.0709848 0.00599718 0.00739704 -0.00194738 -0.0277339
0.0923462 0.0679957 0.13156 0.013711 0.00763198 0.0461635 0.0993666 0.0708355 0.132403 0.0135242 0.00559182 0.0443005
0.0987118 0.053598 0.0564933 -0.00792778 -0.0197272 0.00240416 0.103107 0.0510792 0.0504569 -0.00661811 -0.0212586 -0.00456604
0.0713821 0.0929707 0.0475958 0.0128051 -0.00854361 -0.0110296 0.0752834 0.0901714 0.044437 0.0119527 -0.006226 -0.0152234
0.126841 0.071279 0.0732285 0.00134499 -0.00992603 0.0272788 0.12921 0.0655602 0.0667562 0.00187558 -0.00669595 0.0215954
0.0589896 0.104763 0.129705 0.0092161 0.00337336 0.0478047 0.0497861 0.106357 0.135718 0.0121919 0.00808397 0.0435628
0.0648365 0.0882216 0.130267 -0.000571855 0.0136581 0.0495937 0.0646962 0.0853768 0.124938 0.00421427 0.0193373 0.0474276
0.0795038 0.0708144 0.0774897 0.00496387 -0.0145117 0.0174379 0.0827294 0.0724676 0.0731169 0.00303212 -0.0209911 0.0129493
-0.000973554 0.0550056 0.0307846 0.0196955 -0.00284011 -0.0369081 0.00518272 0.0595233 0.0257637 0.0167344 -0.0107653 -0.0398804
0.0535942 0.0601404 0.0421614 0.00197895 -0.00153733 -0.0343661 0.0597464 0.0538291 0.0380248 0.00283017 -0.000253213 -0.0350889
0.0285036 0.0688219 0.0269445 -0.0119447 -0.00307806 -0.033548 0.030586 0.0670903 0.0277201 -0.00816476 -0.000648892 -0.0379663
0.0595964 0.0537229 0.0676422 0.0124047 0.00689173 -0.00620805 0.067867 0.0535318 0.0594078 0.00632506 0.00431833 -0.0145208
0.0285543 0.0529071 0.0423988 0.0241903 -0.00480957 -0.0172398 0.0355977 0.0524451 0.0360206 0.0200614 -0.0102675 -0.0218927
0.0265361 0.0649161 0.0134551 -0.00382664 0.0177598 -0.0205448 0.0217273 0.0607379 0.0123718 -0.00235724 0.0192157 -0.0253297
0.0847824 0.0866861 0.131147 0.00114841 0.0165424 0.038184 0.0882038 0.0824159 0.123024 0.00274725 0.0196115 0.0334072
0.0586414 0.05966 0.0355166 0.011053 -0.0295941 -0.0112584 0.0680919 0.0598306 0.0347853 0.0119591 -0.0324823 -0.013243
0.0861963 0.0700529 0.019845 -0.00122539 0.00394236 -0.0103078 0.0879807 0.0639331 0.0204859 0.00149729 -0.0011335 -0.0133539
0.0403611 0.0603093 0.0277542 -0.0149887 0.00998087 -0.0126103 0.0447965 0.0604466 0.0237624 -0.0181138 0.0140684 -0.0175335
0.0604093 0.0575926 0.0917835 0.00393085 0.0213706 0.0298023 0.0707815 0.0500085 0.0840198 0.00532223 0.0217706 0.0269853
0.0922042 0.040587 0.055432 -0.0091761 0.00328683 0.054075 0.0955653 0.0419564 0.0513496 -0.00512633 0.00723013 0.0449681
0.0619942 0.0652461 0.0621045 -0.00491228 0.00026156 0.0249493 0.064059 0.0629156 0.0550313 -0.00438794 0.00274298 0.0165901
0.0351757 0.0403746 0.0298635 -0.00273856 0.010759 -0.0220129 0.0429758 0.0344564 0.0282728 -0.000241894 0.0158984 -0.0230413
0.0901427 0.0954885 0.0775196 -0.0214191 -0.0307589 0.0319159 0.0878486 0.0912845 0.0803605 -0.0201155 -0.0308918 0.0302599
0.0611546 0.0879329 0.0574757 0.0204018 0.00476355 0.0325094 0.0598654 0.0885327 0.0612799 0.0223665 0.00737982 0.0281701
0.035128 0.0864783 0.103806 0.0363797 0.0275057 0.00911124 0.0395635 0.0870529 0.100454 0.0358547 0.0320673 0.00801002
0.0285617 0.0396425 0.0170077 0.0175104 0.0373152 -0.0462812 0.0356182 0.0324976 0.013015 0.0163276 0.0413469 -0.0453131
0.04808 0.0638501 0.0195103 -0.00297274 0.00572059 -0.039679 0.0558993 0.0647144 0.0211499 0.00342477 0.00825768 -0.0414161
0.0826802 0.0466388 0.0764747 0.0067043 0.0121058 0.00893107 0.087475 0.0476338 0.0639942 0.00702607 0.0156085 -0.000944649
0.0967249 0.0545141 0.0253962 -0.0305729 -0.00386198 -0.0123152 0.0989186 0.0503371 0.0192913 -0.0249684 -4.83531e-05 -0.0194427
0.0186724 0.0412734 0.00808773 0.00295479 -0.0172086 -0.0377973 0.0272957 0.0414364 0.00750495 0.00442532 -0.0221485 -0.0418446
0.0993424 0.0587178 0.0463702 0.0074582 -0.00461578 0.00831538 0.106195 0.0495313 0.0392806 0.00408219 -0.00534344 0.0040373
0.0759984 0.0281224 0.0727176 -0.00791067 0.00205414 -0.0138928 0.0914582 0.0178517 0.0623828 -0.00977818 0.000740568 -0.0172301
0.0587389 0.0762318 0.0437668 -0.00701737 -0.000634217 -0.00428721 0.0618818 0.0720594 0.0434961 -0.00282908 0.00458401 -0.00359278
0.0355398 0.0525779 0.049532 0.0106716 -0.0058359 -0.0192894 0.0412404 0.0450857 0.0375437 0.0121373 -0.0048808 -0.0228446
0.034143 0.0378221 0.0694746 0.00565458 0.00919237 -0.00110005 0.036943 0.0382927 0.0669941 0.00480481 0.00850326 -0.00734193
0.0296879 0.0657516 0.0593845 -0.00386558 0.0238608 -0.0113831 0.0281074 0.0602873 0.0602556 -0.00461326 0.0277359 -0.0124816
0.0207998 0.0525659 0.0343002 0.0164798 0.00148565 -0.0393076 0.0261445 0.0487919 0.0333253 0.0175082 0.00161523 -0.034983
0.0649722 0.0690261 0.0294569 0.00557966 -0.0146299 -0.0017736 0.0628226 0.0688948 0.0284197 0.0100903 -0.0123661 -0.00933777
0.110999 0.0682898 0.0639965 0.00205649 0.0337153 0.00399824 0.114448 0.0608922 0.0637686 0.0036646 0.0367938 0.00230954
0.0191607 0.0587366 0.0334556 0.0160687 -0.0107534 -0.0375766 0.0239535 0.0568185 0.0289085 0.00662967 -0.0173611 -0.0393548
0.0231526 0.0605914 0.0153786 -0.0025507 -0.0230981 -0.0327327 0.028218 0.0607815 0.0178637 -0.00806533 -0.0287659 -0.0363322
0.0704584 0.0891259 0.0631254 0.00348216 -0.0052168 -0.0240901 0.07078 0.0854465 0.0692016 -0.00149768 -0.00589193 -0.0185304
0.0620257 0.0462173 -0.00980522 0.0103556 0.00659955 -0.0303517 0.072872 0.0401596 -0.0189033 0.00553692 0.00771292 -0.0334706
0.0672828 0.0593527 0.0634854 -0.00584849 -0.0167713 0.00997005 0.0691947 0.0601821 0.0643362 -0.00277404 -0.0161401 0.00957367
0.00130154 0.0761817 0.0147655 -0.00734802 0.0247682 -0.0397867 0.0049042 0.072583 0.0161541 -0.00368616 0.0316722 -0.0442853
0.0650356 0.103991 0.0832097 -0.00866558 -0.0363583 0.0330791 0.0568131 0.099163 0.0852788 -0.0121977 -0.0395224 0.0335713
0.0106064 0.0654308 0.0330134 -0.00513902 0.0064557 -0.0364943 0.0153202 0.0619528 0.0369183 -0.0033354 0.0124484 -0.03864
0.0211595 0.0746067 0.0270429 0.00143533 -0.00299197 -0.0160233 0.0206549 0.0714599 0.0281129 0.00298025 0.00210082 -0.0203404
0.0704628 0.0718976 0.0948225 -0.00339997 -0.0135354 0.00447314 0.0736691 0.0729529 0.0993525 -0.00302242 -0.0133858 0.00380813
0.0523347 0.0481492 0.0472397 -0.00986482 -0.0165396 -0.0274012 0.0664526 0.0436951 0.0367511 -0.0117072 -0.0217119 -0.0341315
0.0569019 0.0518468 0.0384418 0.0117994 0.0155739 -0.0390011 0.0627884 0.0468368 0.0328865 0.012841 0.0175787 -0.0472781
0.087533 0.0750846 0.0596603 -0.00444857 -0.00240742 0.00762467 0.0922318 0.0714002 0.0625595 -0.00358905 -0.00479293 0.00679331
0.0746087 0.0609341 0.0372473 -0.00208139 0.0114333 -0.039924 0.0779704 0.0598671 0.0344959 -0.00172367 0.00987465 -0.0463875
0.0600985 0.0625682 0.0513847 -0.00987454 -0.00221142 -0.00657633 0.0590673 0.0654595 0.0528256 -0.0117881 -0.00745167 -0.00714901
0.0920223 0.0888311 0.119848 0.0148396 0.0370043 0.0110936 0.0957381 0.0833173 0.114355 0.0142982 0.0393981 0.00603474
0.0799299 0.0644453 0.0974141 0.00228624 -0.00171776 0.0101152 0.087582 0.0543439 0.0975361 0.00143574 -0.000694094 0.00683745
0.104003 0.0835788 0.0806709 -0.000575285 -0.00631582 0.0237076 0.112627 0.0775364 0.0769435 -0.00261315 -0.0101526 0.018196
0.0654775 0.0683884 0.0617927 0.00684362 -0.00205696 0.00437058 0.0696603 0.0698534 0.0589136 0.00605523 -0.00392273 0.000273685
0.0848726 0.0665361 0.0166492 -0.00580443 0.0134089 -0.00356442 0.0844669 0.0647818 0.0113606 -0.00766505 0.0156439 -0.00696234
0.059336 0.0527466 -0.0140675 -0.00302931 0.0268472 -0.0170637 0.0577872 0.0540567 -0.0034702 -0.000389242 0.0303189 -0.0176294
0.084048 0.0802752 0.0521969 -0.0275165 -0.0371166 -0.0133156 0.0889348 0.0820455 0.0440871 -0.0282086 -0.0326613 -0.0171883
0.1171 0.0628727 0.0775635 0.00203082 -0.00524533 0.043465 0.116265 0.0553089 0.0732075 -0.000749904 -0.00725157 0.0408851
0.0720544 0.0992738 0.0480309 0.040314 0.0118634 -0.00744964 0.0717585 0.0986851 0.049782 0.0399004 0.0114132 -0.00745488
0.0598716 0.0772563 0.0437467 0.0213788 0.0203054 -0.0194489 0.0628633 0.0753017 0.0433112 0.0201223 0.0231577 -0.0160842
0.106096 0.0748183 0.111611 -0.0117516 -0.00498614 0.0253909 0.121457 0.0698104 0.103368 -0.00398303 0.000548143 0.0206903
0.0950944 0.0704996 0.0870978 0.000276354 -0.00293826 0.0108622 0.0986061 0.0715374 0.0811115 -0.00204363 -0.00895092 0.00714688
0.157016 0.0813058 0.110949 0.0262768 0.00262876 0.0639303 0.15967 0.0772219 0.111004 0.0227189 -0.00209595 0.0622196
0.0511773 0.0478345 0.0741595 0.0140379 0.012666 -0.000803999 0.05998 0.0417882 0.0689058 0.0118076 0.0120816 -0.00299223
0.0352617 0.0753646 0.0708881 -0.0018631 0.00477189 -0.0252775 0.0405289 0.0690014 0.0685127 -0.00284054 -0.00156703 -0.0289162
0.0801473 0.084364 0.141571 0.00206352 0.0173792 0.0346752 0.0853197 0.0812676 0.138609 0.00536434 0.0197661 0.0340206
0.02786 0.0596452 0.0348279 0.0126969 -0.0186654 -0.0183648 0.0310923 0.05902 0.034987 0.0122504 -0.0223026 -0.0164548
0.0316581 0.0712108 0.0362847 0.0065889 -0.00827774 -0.0118095 0.0249757 0.075968 0.0377566 0.00549796 -0.0117405 -0.0129243
0.0209036 0.065333 0.0788607 0.0144461 -0.0150756 -0.0127226 0.0258225 0.0644836 0.076901 0.0118163 -0.0173657 -0.0157157
0.0990233 0.070673 0.10885 0.000414433 -0.025114 0.0142047 0.0966838 0.0674956 0.104628 -0.00503348 -0.0325127 0.0106579
0.0974242 0.0741956 0.0946035 -0.00807395 -0.0328022 0.0361887 0.097383 0.0677718 0.0932393 -0.00820726 -0.0327861 0.0362476
0.0572306 0.0886751 0.029902 -0.000800118 -0.0155523 -0.0184239 0.0504603 0.0840077 0.0316308 0.000982691 -0.0156545 -0.0192666
0.0554466 0.0772921 0.0333978 0.00506597 0.00106963 -0.0345232 0.0644744 0.0761857 0.0327669 0.00337797 -0.00559041 -0.0386743
0.0157774 0.069044 0.0249663 0.0203033 0.0105919 -0.0446658 0.0242601 0.0659952 0.018127 0.0190457 0.00873636 -0.0451594
0.0483965 0.0661733 0.00898684 -0.000917412 0.0196152 -0.0579543 0.052947 0.0678181 0.00802728 -0.000744436 0.0181338 -0.0588022
0.094091 0.0599174 0.0536632 0.0048363 0.000722221 -0.0116188 0.103964 0.061489 0.0454957 0.00351532 -0.000788766 -0.0141534
0.194173 0.153222 0.21618 0.0105031 -0.00460941 0.0386469 0.200074 0.141397 0.204696 0.00710092 -0.00602961 0.037515
0.0484052 0.0656067 0.0684992 0.0165271 0.0178417 -0.0194688 0.05648 0.0654826 0.0649787 0.0168978 0.0195028 -0.0237542
0.0635472 0.0605857 0.0685347 0.0162268 0.00600943 0.0160878 0.061531 0.0627178 0.0725176 0.0167604 0.00948023 0.00890843
0.116858 0.141027 0.0423621 -0.0554167 -0.0243993 0.0169723 0.122024 0.128218 0.0421093 -0.0490654 -0.0256863 0.0209354
0.0514934 0.065551 0.0398343 0.00381619 0.0107051 0.00293996 0.0460891 0.067204 0.0426047 0.00603129 0.0155563 -0.00482845
0.100601 0.0581207 0.0544028 -0.0133142 -0.00237484 0.0206882 0.107362 0.0658664 0.0545721 -0.0112596 3.52289e-05 0.0106756
0.100712 0.0840233 0.0729665 -0.00168637 -0.0069811 0.014879 0.104906 0.0832176 0.0702444 0.00269125 -0.00737941 0.0107714
0.0828421 0.105424 0.166202 0.0111678 0.018278 0.0260772 0.0862844 0.1007 0.161231 0.0129059 0.0246607 0.0243043
0.0384879 0.0353014 0.0320974 0.0032692 0.00253889 0.0272235 0.0386071 0.0411416 0.0363253 0.0040041 0.00197445 0.0149122
0.00655572 0.073032 0.0300839 -0.00522831 -0.00996519 -0.0183431 0.00512814 0.0763111 0.0344623 -0.00827244 -0.0116223 -0.0266523
0.151529 0.103888 0.148587 0.00143088 0.0113996 0.0536029 0.160359 0.102683 0.142807 0.0025289 0.0145357 0.0497269
0.124309 0.0779899 0.0830264 0.0126242 0.0208181 0.0209579 0.119337 0.0701324 0.0806905 0.0105671 0.0205553 0.0194801
0.0505012 0.0448686 0.0363366 0.00483455 -0.000366315 0.00282991 0.0484187 0.0509954 0.0428496 0.00463212 0.00197791 -0.00691052
0.061369 0.0760266 0.0576855 -0.0180897 -0.016087 0.00786529 0.0597882 0.0784296 0.0601644 -0.0207863 -0.0154593 0.000361034
0.0896029 0.0528249 0.0320134 -0.00787078 0.00224657 -0.00385869 0.0984131 0.0519765 0.0293389 -0.00744643 0.00450634 -0.00745219
0.0455791 0.0373061 0.0238868 -0.00338244 0.0158869 -0.00189142 0.047261 0.0410985 0.0274208 -0.00296902 0.0192327 -0.0134698
0.0422775 0.0989919 0.0693132 0.0057155 -0.0297076 -0.0162122 0.0374296 0.0936079 0.0636645 0.00528605 -0.0316914 -0.0149332
0.127688 0.0713252 0.0948519 -0.0177833 0.00362719 0.0316977 0.129731 0.0728786 0.0946966 -0.0166347 0.00539183 0.0233202
0.0846528 0.0998958 0.0423032 -0.00338456 0.0233434 -0.0215016 0.086362 0.0959958 0.0452878 -0.000589222 0.0238701 -0.0253438
0.0614231 0.040168 0.0501486 -0.00282779 0.0021635 0.00770641 0.0652089 0.0420977 0.0486169 -0.00261145 0.00433879 -0.00274031
0.0702954 0.0689823 0.0974972 -0.00123329 0.00627211 0.00682695 0.0689684 0.0693966 0.0958107 -0.00270175 0.00764364 0.00418518
0.0933582 0.0968598 0.0511597 -0.0030949 0.00538252 -0.00233496 0.0873873 0.0899562 0.0567127 -0.00201435 0.00625331 -0.00151872
0.107942 0.127396 0.0739942 0.0403936 0.0225764 0.000820879 0.114212 0.125799 0.0649101 0.0411184 0.0261585 0.00331277
0.081193 0.0285944 0.0593146 0.00393236 -0.00962032 0.018141 0.0872582 0.0323909 0.0571667 0.00220761 -0.0141595 0.00663654
0.00349469 0.0755721 0.0523814 0.00935779 -0.00711078 -0.0275046 -0.00397864 0.0724234 0.054997 0.00370388 -0.0110388 -0.0271063
0.17135 0.123364 0.128111 0.0048208 0.0149818 0.0400607 0.164023 0.117255 0.130144 0.00289379 0.0172844 0.0438892
0.0443766 0.0440523 0.0391443 0.000885096 -0.00787801 0.00214031 0.0411798 0.0500796 0.0454566 -0.000188163 -0.00687136 -0.00700479
0.0414081 0.0318946 0.00764124 0.000271723 -0.00694696 0.0178768 0.039999 0.0383168 0.0121423 0.000746076 -0.00761596 0.00529341
0.128261 0.0934874 0.138109 -0.013561 0.000421387 0.0343323 0.127863 0.089558 0.141349 -0.0142355 0.0049133 0.0324733
0.0327873 0.0669684 0.0201292 0.00569067 -0.0126254 -0.015697 0.0294901 0.0648212 0.0239988 0.00431665 -0.0144872 -0.0186174
0.0263159 0.0508429 0.0348144 0.00271112 0.00732898 6.8333e-05 0.0266166 0.0529158 0.0341591 0.0036192 0.0104282 -0.00959737
0.0986215 0.11977 0.0579528 0.0246873 -0.00890534 -0.00851606 0.104611 0.114704 0.0568971 0.0240257 -0.00683618 -0.00381727
0.0382897 0.085268 0.033804 -0.0217464 0.0106632 -0.0451011 0.038517 0.0819151 0.0389906 -0.0209479 0.0131684 -0.0450562
0.0868513 0.0627076 0.0922366 0.000499842 0.00175185 0.0259976 0.0927708 0.0593625 0.0900312 0.00110198 0.00327161 0.0220997
0.0403107 0.0336907 0.0411606 -0.00371173 0.0133179 -0.00129215 0.0433015 0.0339856 0.0371341 -7.18307e-06 0.019366 -0.0128894
0.0214364 0.0214821 0.0253536 0.0119557 0.00712166 0.00379884 0.0194844 0.0326621 0.0288498 0.0127427 0.00710271 -0.00619952
0.101947 0.0685935 0.12693 0.000604731 0.0057474 0.0370156 0.110579 0.0650992 0.123625 0.0024221 0.00912339 0.0305072
0.0358146 0.0230176 0.0620915 0.00505466 0.00588161 0.00459721 0.0398166 0.0241531 0.061557 0.00602048 0.00850709 -0.00766182
0.0278156 0.116863 0.0544554 0.022729 0.0262171 -0.0420387 0.0334734 0.112358 0.050069 0.0197854 0.0237205 -0.0406824
0.144823 0.109894 0.121841 -0.00152714 -0.00482147 0.0274129 0.148871 0.102645 0.120249 -0.00577183 -0.00809214 0.0318956
0.0471039 0.0462628 0.0980207 -0.00380214 -0.00408875 -0.00808572 0.0590139 0.0453482 0.0929786 -0.00162893 -0.00233904 -0.0106284
0.0641475 0.0380243 0.0698588 0.0194999 -0.00369354 0.0292182 0.063258 0.0417192 0.0716965 0.0162461 -0.00736669 0.0190524
0.11218 0.0994499 0.0799362 0.00551511 0.00650897 -0.00865796 0.122767 0.0944865 0.0806512 0.0099226 0.00923744 -0.00967563
0.151264 0.124724 0.138126 0.0126335 -0.00603583 0.032201 0.151829 0.114974 0.136993 0.00619548 -0.00809687 0.0350617
0.0254969 0.0494713 0.040526 -0.00600136 -0.0171123 -0.0265932 0.0278098 0.0483744 0.0427333 -0.00467057 -0.017001 -0.0284365
0.0231995 0.0440328 0.0717492 0.0136789 -0.00341872 0.0187934 0.0191508 0.0474689 0.0734752 0.0120407 -0.00635183 0.0111466
0.0818072 0.127182 0.0700474 -0.0141795 0.00962761 -0.0138125 0.0774959 0.121456 0.0691266 -0.0151105 0.0127155 -0.00858182
0.180723 0.107007 0.112174 -0.00154776 0.0414387 0.0147439 0.186177 0.100058 0.103302 0.00347035 0.0508517 0.0157632
0.0396822 0.0598745 0.0591241 -0.00608036 -0.0132224 -0.00929438 0.041008 0.0554795 0.0692409 -0.00548644 -0.0151759 -0.0107827
0.0196704 0.0130966 0.0319296 0.00667039 0.00433696 -0.0177039 0.0237883 0.0154452 0.0264479 0.00903113 0.00488983 -0.0264869
0.00863149 0.0255153 0.0295933 0.00615412 -0.00257255 0.00272448 0.00661639 0.0368525 0.033375 0.00693828 -0.00201086 -0.00731055
0.0421547 0.0146188 0.0221531 0.00365629 0.0134292 -0.0185933 0.0455902 0.0175064 0.0195532 0.00669284 0.0174636 -0.0276428
0.093697 0.138117 0.114056 -0.00786944 0.0163935 -0.0055159 0.0897922 0.1371 0.11473 -0.00456663 0.0220897 -0.00598854
0.143633 0.0959735 0.0984349 -0.0152745 -0.00421287 0.0209087 0.142981 0.0892548 0.0877816 -0.0134413 -0.00480739 0.0171518
0.0556116 0.0410045 0.0958653 -0.00348767 -0.00133841 -0.00355014 0.0673378 0.0288187 0.0905229 -0.00591983 -0.000770418 -0.00843761
0.0711722 0.0449797 0.0456743 0.000909351 0.00772197 0.0161072 0.062486 0.0469926 0.0538795 0.00437785 0.00973554 0.0102198
0.114518 0.103749 0.0896196 0.0099212 -0.0142581 0.0239975 0.110232 0.100486 0.0853631 0.00921053 -0.0182216 0.0216013
0.108211 0.138532 0.0668099 -0.0164582 -0.0165014 0.0489765 0.102324 0.140064 0.0762565 -0.0140821 -0.0203421 0.0469569
0.0216221 0.0460766 0.0243653 0.0118272 0.0202634 -0.0456173 0.0249512 0.0350752 0.0247377 0.0111603 0.022524 -0.0511909
0.00863276 0.0543562 0.0501095 0.0146685 -0.00571426 0.00858905 0.000165188 0.0602138 0.0607843 0.0131273 -0.00878547 0.00328386
0.0740795 0.0885375 0.0884951 0.00487896 -0.017366 -0.00467991 0.0720374 0.0886183 0.0825109 0.00391284 -0.0187754 -0.0072274
0.0119369 0.0693847 0.0493008 0.000798406 -0.00841594 -0.00917043 0.00600353 0.0665836 0.0562179 -0.000676887 -0.00854141 -0.0143086
0.0943078 0.127111 0.119397 -0.0209794 0.00775312 0.0383328 0.0938531 0.123366 0.116748 -0.0165038 0.00447092 0.0342088
0.0275723 0.0263164 0.0342928 0.0033556 -0.0189644 0.00988014 0.0230435 0.0288519 0.0420206 0.00359416 -0.0239177 0.00655894
0.0426563 0.0238276 0.0466731 0.0117786 0.00328189 0.0214508 0.0408072 0.0341876 0.0503509 0.0127784 0.00471722 0.011095
0.0402054 0.0325632 0.034784 0.0171306 0.00692106 0.008718 0.0383095 0.0420802 0.0392012 0.0159337 0.00418078 -0.000323534
0.0763187 0.0329405 0.0389948 -0.0015685 -0.0119531 0.0198596 0.0748622 0.0290992 0.0488877 0.000164934 -0.0162568 0.016112
0.0855567 0.074853 0.0543742 -0.0261259 -0.0184347 -0.0275204 0.0956156 0.0669256 0.0429998 -0.0240337 -0.0217952 -0.0310917
0.113441 0.0498093 0.042802 0.00819317 -0.00314167 0.000982138 0.119545 0.0453465 0.0428211 0.00415657 -0.00649266 -0.00195176
0.109341 0.0415353 0.0894923 -0.00283939 -0.00526758 0.0133556 0.112375 0.0396546 0.0894741 -0.00410369 -0.00524565 0.00396032
0.0810548 0.0517269 0.0546508 0.0165109 0.0192871 0.0245764 0.0793555 0.0475479 0.0628274 0.0171106 0.0161018 0.0189061
0.103442 0.111326 0.097265 -0.0399438 0.00964617 0.0200854 0.108053 0.104722 0.0833742 -0.0365017 0.0123744 0.018478
0.0794038 0.0781058 0.0622594 0.0146802 0.0014106 0.00482728 0.08031 0.0782702 0.0646113 0.0110251 -0.00268791 0.00281089
0.0436646 0.0582072 0.0818341 0.00490869 0.0129866 -0.00151806 0.0489833 0.0577874 0.0852041 0.00623289 0.0158781 -0.00949997
0.0148458 0.0418772 0.0395802 -0.00427699 -0.0148856 0.00186246 0.0131365 0.0424242 0.0470643 -0.00232541 -0.0138958 -0.0058554
-0.00622084 0.0713503 0.0742568 0.0247015 0.0152752 -0.0209684 -0.00616486 0.0699573 0.0845587 0.0231928 0.017229 -0.0249831
0.0923624 0.101698 0.0871378 0.0204908 0.0451362 0.0151882 0.0964656 0.0957555 0.0885698 0.0168922 0.0451489 0.0151095
0.152862 0.131984 0.129049 -0.0395426 -0.0166729 0.0382553 0.152571 0.122905 0.121867 -0.0375683 -0.0151927 0.0366271
0.022769 0.0607817 0.0543065 -0.0206875 -0.0117994 0.00047607 0.0218796 0.0629523 0.0597445 -0.0197971 -0.00736309 -0.00591263
0.0599913 0.0506554 0.105158 0.00997716 0.00846177 0.00387753 0.0642157 0.0496576 0.1039 0.00967024 0.00729129 -0.00224437
0.146421 0.085814 0.117217 0.0158966 0.0148078 0.0336461 0.149279 0.0758179 0.11939 0.0131077 0.0164206 0.0361537
0.139168 0.113027 0.102154 -0.00955071 -0.00332351 0.0710772 0.144282 0.106321 0.0974563 -0.00594958 -0.00643292 0.0673314
0.0308053 0.0347571 0.0344376 0.00121628 5.79938e-05 0.00967943 0.0282986 0.0426705 0.0407913 0.000186931 0.00243509 0.000938888
0.0795338 0.0488143 0.139598 0.0108067 -0.00504173 0.025452 0.0848117 0.0496886 0.134469 0.0100186 -0.00717554 0.0180087
0.152056 0.107391 0.0975534 0.000187291 0.0222919 0.0206665 0.164197 0.101031 0.0988368 0.00125938 0.0279946 0.0187369
0.0589051 0.0483487 0.0771177 0.00242312 0.000470686 0.0173886 0.0631282 0.0485161 0.0766114 0.00275453 -0.00359745 0.0151342
0.13758 0.0859292 0.118062 0.0117762 0.0086925 -0.0149531 0.140636 0.083071 0.104133 0.0127448 0.00348114 -0.0191673
0.0512246 0.079962 0.105235 0.000852698 -0.0193523 -0.0186568 0.0553619 0.0775328 0.0977098 0.00140463 -0.0222521 -0.0236522
0.0837578 0.0717364 0.0931705 0.012294 0.00385812 -0.0157143 0.0967426 0.0655001 0.0881675 0.0122476 0.00402609 -0.0212008
0.0759651 0.0458736 0.0425908 0.00570692 -0.00154505 -0.000422743 0.0790548 0.0469843 0.0424651 0.00554648 -0.0068325 -0.00382108
0.0542273 0.0841492 0.089232 -0.00629358 -0.0100725 -0.0340332 0.0588454 0.0817617 0.0806326 -0.00221368 -0.0113667 -0.0398267
0.132158 0.0619915 0.0214153 -0.0105479 -0.0214677 -0.00991067 0.133981 0.0582757 0.00861952 -0.00817789 -0.0253914 -0.0134223
0.0226511 0.101091 0.0580951 0.0217275 -0.0298836 -0.0499122 0.0304913 0.0929979 0.0446576 0.0193974 -0.0358245 -0.0530991
0.0520478 0.0699915 0.0475005 -0.00580132 -0.0118867 0.0157811 0.0481909 0.0752906 0.05036 -0.00589385 -0.014382 0.0114676
0.106687 0.0671782 0.106239 -0.00181068 -0.0238916 0.0114231 0.11001 0.0720199 0.0939318 0.000372203 -0.0254464 0.00487618
0.158687 0.0666649 0.201429 0.0263217 0.0138658 0.0354426 0.165149 0.053839 0.184022 0.0217824 0.00837685 0.033991
0.107896 0.127518 0.0752677 -0.00357186 0.0131039 0.0017282 0.111025 0.119378 0.0747718 0.00592379 0.0187343 0.0030781
0.0347654 0.0344921 0.0440105 0.000726404 0.00438674 0.0118935 0.0323016 0.0415694 0.0496912 0.000306594 0.00825461 0.00326525
0.12146 0.0797661 0.0952814 -0.00508844 -0.0131866 0.0172219 0.123394 0.0820036 0.0871893 -0.00486566 -0.0117012 0.0122878
0.197015 0.0969785 0.141001 -0.0023114 0.0206657 0.0458346 0.204494 0.0921517 0.128746 -0.00218136 0.0227924 0.0456873
0.109549 0.15453 0.103442 0.0104478 -0.00592274 0.00895409 0.110184 0.143659 0.105497 0.0157939 0.000791025 0.0130368
0.0461855 0.0649383 0.0385786 0.00547588 -0.010451 -0.00542712 0.0489344 0.067367 0.0424457 0.0026569 -0.0119636 -0.0120585
0.0565169 0.0667299 0.104186 -0.00306085 -0.000770517 -0.00592118 0.0658426 0.0699037 0.095943 -0.00256633 0.00108264 -0.0108495
0.195523 0.130202 0.107401 -0.0272199 -0.00796247 0.0261087 0.205126 0.126532 0.0959446 -0.0210273 -0.000822427 0.0265363
0.0427651 0.0534036 0.0290698 -0.000407544 -0.0106273 -0.00402016 0.0508407 0.0566642 0.0298097 -0.00098473 -0.00975682 -0.00933757
0.134383 0.138284 0.0898196 0.0155015 -0.00312084 0.00908939 0.137353 0.127895 0.0919809 0.0107077 -0.00053318 0.0147984
0.0182179 0.0616339 0.0644373 -0.00481013 -0.0139885 -0.00844068 0.0236042 0.0670127 0.0640783 -0.00671584 -0.0127546 -0.0142717
0.0497043 0.0638378 0.0460585 -0.00976096 -0.000179943 -0.010452 0.0529857 0.0643687 0.0477922 -0.00843482 0.00302565 -0.0152276
0.136938 0.0930582 0.156816 0.0331395 0.0160339 0.0662958 0.137326 0.0983845 0.158738 0.0295292 0.0115396 0.0587329
0.0884446 0.109074 0.126171 0.0264304 -0.0270998 0.0179274 0.0941697 0.100625 0.118299 0.023096 -0.0279892 0.0217944
0.144312 0.127581 0.0869593 -0.0295855 -0.0222947 -0.0321462 0.156337 0.118162 0.0797899 -0.0312996 -0.027117 -0.0301622
0.0341877 0.0586622 0.0444333 -0.0103118 -0.0123168 -0.0114779 0.0350768 0.0570761 0.0446622 -0.0116256 -0.0138962 -0.0164894
0.0568545 0.0944075 0.116335 0.00257895 -0.00928939 -0.00503486 0.0570533 0.101014 0.115694 0.00315293 -0.0133546 -0.0118866
0.109682 0.081706 0.10294 0.027893 0.0218612 0.0320181 0.111014 0.0686695 0.0994068 0.0256964 0.0249174 0.0327482
0.0719556 0.119623 0.0417804 -0.00394772 -0.00821478 -0.070522 0.0888813 0.10602 0.0344553 -0.00433263 -0.00936969 -0.0750056
0.0612459 0.0484974 0.0392626 0.0078197 -0.0170851 -0.00649163 0.0624866 0.0475707 0.0394009 0.00451902 -0.0203618 -0.0133608
0.0467313 0.017142 0.010399 0.0093822 -0.00145084 2.88413e-05 0.0529334 0.0203432 0.0122222 0.0084649 -0.000605033 -0.010447
0.112739 0.0862687 0.133586 0.0196208 0.0344318 0.033087 0.120575 0.081679 0.13124 0.0216125 0.0355582 0.0296547
0.0719833 0.0609587 0.0352862 -0.00489246 0.0203036 -0.044895 0.0890118 0.0504205 0.0322804 -0.00101181 0.017781 -0.0429816
0.167906 0.158976 0.201195 -0.00707109 0.0127561 0.0543987 0.170098 0.162065 0.195411 -0.00111986 0.0166356 0.0560742
0.0373493 0.0564639 0.0484468 0.0265671 0.0186888 -0.00270594 0.0319012 0.0593157 0.0496535 0.0259453 0.0169684 -0.0106305
0.0670137 0.0637362 0.0830174 -0.0089039 -0.0183124 -0.0167224 0.0701405 0.0600801 0.0743067 -0.0112209 -0.0139467 -0.0197984
0.108579 0.0915905 0.0997027 0.0102079 0.014354 -0.0129076 0.121315 0.0766508 0.0928101 0.00953687 0.00802292 -0.0160788
0.124208 0.115335 0.1283 -0.0106715 -0.000198777 0.0415808 0.132583 0.113409 0.127787 -0.00867645 0.00257053 0.0466322
0.0576679 0.0543042 0.0307453 0.0122142 -0.00225676 -0.00102432 0.0585889 0.0602668 0.0273861 0.00793192 -0.00934823 -0.00843149
0.0357812 0.0178181 0.0167094 0.00764438 0.00816322 -0.00382057 0.0376861 0.025638 0.0155495 0.00668321 0.00807188 -0.0116321
0.0334336 0.0133259 0.01251 0.00238717 -0.00718819 0.00032504 0.0403139 0.0156688 0.0143515 0.00155321 -0.00637565 -0.0103527
0.0455809 0.0305991 0.0424489 -0.000935058 0.00644819 0.012047 0.0460011 0.0360593 0.0467618 -0.000866299 0.0104926 0.00341477
0.133889 0.0730148 0.13042 0.0381079 -0.0160678 0.0176235 0.132749 0.0604957 0.122627 0.030866 -0.0209524 0.0124169
0.071753 0.15101 0.0788743 0.00328057 0.00859134 -0.0397102 0.0746268 0.145971 0.0763851 0.00452715 0.011895 -0.0368842
0.073915 0.0526253 0.0189023 -0.015048 -0.00322092 0.00591455 0.0727998 0.0521949 0.0183206 -0.0175369 -0.00318773 0.000911953
0.0421872 0.0600233 0.110849 0.0100289 -0.0142345 -0.0150079 0.0436655 0.0527841 0.109689 0.00455555 -0.0132301 -0.0199151
0.117924 0.124033 0.072462 0.00816412 0.00505878 -0.0381183 0.119264 0.114483 0.0663203 0.00759802 0.00104383 -0.0354832
0.0208317 0.0257105 0.00668785 0.0115448 0.00169462 -0.00228177 0.0223387 0.0295575 0.00976056 0.0113282 0.00109451 -0.0136867
0.0583459 0.053773 0.00227413 -0.0136934 0.000239477 -0.0107969 0.0575787 0.0549498 0.000840654 -0.0135373 0.000628714 -0.0137303
0.0570614 0.0429385 0.0816481 -0.0113733 -0.00654445 -0.0311228 0.0621308 0.0370811 0.0776468 -0.0108131 0.00341477 -0.032619
0.170702 0.168688 0.175744 0.0040565 0.00794963 0.0177594 0.173633 0.15964 0.167774 -0.000801185 0.00354324 0.0199336
0.0308977 0.0274248 0.0195507 0.0212432 0.00550975 0.0113798 0.0295379 0.0333864 0.0238486 0.0195234 0.00251431 -0.000761198
0.06563 0.0690996 0.0229576 0.00112933 -0.00313116 0.00515085 0.0643957 0.0711864 0.0254442 -0.00184912 -0.00550466 0.000595005
0.124419 0.0775557 0.103556 -0.00510147 0.00979715 0.0292282 0.129241 0.0705017 0.0976929 -0.00396677 0.0143438 0.0298312
0.0487324 0.0262376 0.0308698 0.00520477 0.00396571 0.0211747 0.0548137 0.0288377 0.0328499 0.00499344 0.00455916 0.00993868
0.0514578 0.0328567 0.0371933 0.0278039 0.0117798 0.0234293 0.0518149 0.0367147 0.0406765 0.0266174 0.00750774 0.0111701
0.0400079 0.0275267 0.0289464 0.0112641 0.0146658 0.000247394 0.0404518 0.0333194 0.0326149 0.0101995 0.0170544 -0.00828905
0.105963 0.12879 0.0611954 -0.000236588 -0.0046043 -0.0149714 0.101704 0.121864 0.0578428 0.00515777 -0.0014671 -0.0118461
0.110906 0.0964867 0.0957143 -0.0163116 -0.0112292 0.0136887 0.111942 0.0826322 0.0954801 -0.0159293 -0.0128723 0.0188773
0.077017 0.0591803 0.0423418 0.000510738 0.000959339 0.0122283 0.0807741 0.0605146 0.0392976 0.00207959 0.00380842 0.00490994
0.0478904 0.0322998 0.0363709 0.00869313 -0.00820595 0.0170533 0.049564 0.0366231 0.0387851 0.00768531 -0.0110343 0.00565309
0.198411 0.137679 0.120258 -0.0142904 -0.00457708 0.0269803 0.19336 0.131665 0.117231 -0.01019 -0.0016144 0.0320842
0.100875 0.104694 0.0499597 -0.0338754 -0.0189471 -0.022752 0.0975394 0.092675 0.0515681 -0.0346741 -0.0234715 -0.0182752
0.0803407 0.0505899 0.0544628 -0.0110412 -0.00469333 0.0062414 0.0897608 0.0492832 0.0466446 -0.00952464 -0.00390184 -0.00155819
0.139473 0.136722 0.100381 -0.0308812 -0.0228545 0.036604 0.143117 0.126123 0.0979247 -0.0241094 -0.0226878 0.0396505
0.0178664 0.0359696 0.0249739 0.00999437 -0.00557644 -0.0032973 0.019983 0.0428954 0.0282392 0.00862662 -0.00669785 -0.0123039
0.098853 0.0907405 0.0605887 -0.0280829 -0.00904109 -0.0198546 0.0978684 0.0849741 0.0615855 -0.0260062 -0.00936254 -0.018853
0.0819563 0.0559298 0.0440881 -0.00626536 -0.0170963 0.00389167 0.0847561 0.0557414 0.0398681 -0.00824638 -0.0185193 -0.00296729
0.0916991 0.0842618 0.0483128 -0.00800524 0.00867779 -0.0379463 0.0960787 0.0732057 0.0486054 -0.00368609 0.012766 -0.0349416
0.0447724 0.0191149 0.0512081 0.0133815 0.00731833 0.0230322 0.0467019 0.0258069 0.0516131 0.0136866 0.00613509 0.0140746
0.0177736 0.0312821 0.0328865 0.00755147 -0.00598979 -0.0103216 0.0185114 0.0376911 0.0357892 0.0075729 -0.00533455 -0.0202686
0.0429212 0.0813374 0.038348 -0.00679754 -0.0177642 0.0144258 0.0374116 0.0852672 0.043959 -0.0080919 -0.0182323 0.00918115
0.120712 0.139692 0.0563892 -0.0171805 0.0234812 -0.000429155 0.124416 0.134567 0.0581928 -0.0153476 0.0248235 0.00387241
0.0862731 0.0729811 0.119397 0.00419961 0.014696 0.0080817 0.0929291 0.0694159 0.11928 0.00646763 0.0169718 0.00807465
0.0314768 0.0297145 0.0422428 0.0112024 0.00562991 -0.00269614 0.0349633 0.036686 0.0441968 0.0122497 0.00840308 -0.0129967
0.0469098 0.0931196 0.0526839 -0.00135641 0.0162746 0.026787 0.03817 0.0999046 0.0632165 0.00175325 0.0206038 0.0185768
0.104532 0.0790156 0.0859257 0.015297 -0.008534 0.0217685 0.108708 0.0770247 0.091198 0.0154997 -0.00349469 0.0251918
0.155314 0.165258 0.111642 -0.0343863 -0.0167053 0.0532828 0.15152 0.155861 0.12105 -0.0322538 -0.0164397 0.057824
0.0603188 0.0783124 0.0630831 -0.00357228 0.0058645 0.0167929 0.0567658 0.0838282 0.0635807 -0.00205365 0.0092228 0.00732809
0.075786 0.0335332 0.0621457 0.00436949 0.00118362 0.0251516 0.0778128 0.0390555 0.062972 0.00562976 0.00456396 0.0160993
0.0654448 0.0966575 0.0757289 0.00188961 -0.0202166 0.000997914 0.0699218 0.0938261 0.0773698 0.00635459 -0.0184514 0.0046929
0.138346 0.157414 0.103896 -0.00743544 -0.00193359 0.0305433 0.129802 0.15115 0.108601 -0.00953281 -0.00349142 0.0415816
0.0397453 0.0717564 0.071096 0.00347224 -0.00258275 -0.00418416 0.0475001 0.0747558 0.0627938 0.000354866 -0.00417795 -0.0141104
0.0153573 0.0481524 0.0627945 -0.00406869 0.00263616 0.0145463 0.0167841 0.0537949 0.0657602 -0.00241953 0.00600434 0.00770503
0.131165 0.135607 0.0775604 -0.0112628 -0.00529184 0.0273883 0.142132 0.131234 0.0696367 -0.00558119 -0.00229735 0.0250673
0.102407 0.104502 0.0895154 -0.0390444 -0.0169233 0.0190333 0.098337 0.100106 0.0834448 -0.0460048 -0.0195337 0.0255168
0.061414 0.0320288 0.0447163 0.010135 -0.0077961 0.021118 0.0604313 0.0381095 0.0500676 0.00605625 -0.0102118 0.0112498
0.0831168 0.0788887 0.0824393 0.00926578 -0.0102404 0.0136407 0.0965221 0.0750831 0.0815616 0.0080967 -0.011109 0.0118228
0.00824186 0.0402211 0.0237298 -0.00135411 -0.0027113 -0.00615036 0.0100626 0.0464825 0.0278554 -0.00126815 -0.00146062 -0.0136149
0.0886432 0.0706664 0.0505784 -0.0215174 -0.00680352 0.0266232 0.0943627 0.0752026 0.0452677 -0.0201929 -0.00757425 0.0180196
0.0715307 0.108892 0.076471 -0.0128538 0.00666193 -0.036318 0.0758072 0.0968269 0.071528 -0.0129838 0.0059765 -0.0346468
0.0386976 0.0832688 0.0371657 0.0131292 -0.0189408 -0.00700801 0.0431438 0.0830548 0.0406124 0.0115294 -0.0220319 -0.00713109
0.0353259 0.0434861 0.0299741 -0.00801646 -0.0165693 -0.00150225 0.0341028 0.0505889 0.0327036 -0.00895543 -0.0159641 -0.00826396
0.0992385 0.0569199 0.0514827 -0.0156677 -0.00417398 0.0184932 0.108726 0.0618934 0.0509027 -0.014561 -0.00190322 0.00792858
0.115576 0.0738939 0.0733237 0.0134307 0.0302305 -0.0126068 0.12788 0.0610337 0.0625233 0.011065 0.0285257 -0.0104551
0.0433032 0.0494592 0.0493254 0.00434405 -0.00803746 0.0186054 0.0374805 0.0574844 0.055048 0.00391789 -0.00786546 0.012981
0.0321483 0.0385348 0.0459964 0.000875796 -0.010806 0.01502 0.0259784 0.0440687 0.0522581 0.00140163 -0.0115295 0.00975568
0.0152116 0.0298881 0.0478428 0.00184488 -0.00532083 -0.00573716 0.0135923 0.0331745 0.0516851 0.0023147 -0.00637588 -0.0124283
0.0458714 0.0386579 0.0237352 -0.0054158 0.0036769 -0.00866669 0.04734 0.0442672 0.029076 -0.00399355 0.00828474 -0.0193942
0.046579 0.0322314 0.0407129 -0.00767955 -0.0047197 0.0161952 0.0437823 0.0365686 0.0451064 -0.00840757 -0.00686085 0.0102282
0.0255608 0.0469687 0.027453 -0.00880834 -0.00410262 0.0166846 0.0173465 0.0527918 0.0354884 -0.00897037 -0.00551519 0.0107468
0.0168325 0.0461552 0.0192495 0.00340173 0.00991019 0.000644425 0.0104338 0.0499287 0.0259913 0.00335383 0.00963497 -0.00719477
0.0481836 0.042586 0.0482403 0.00185235 0.00392342 0.00904053 0.048238 0.0486526 0.0550262 0.00249764 0.00754589 -0.00139092
0.0527357 0.0225514 0.0234481 -0.00792401 0.00108306 0.00306433 0.0544148 0.0256867 0.0251132 -0.0071002 0.00417879 -0.00603507
0.043826 0.0315042 0.0247777 -0.010642 -0.00108595 0.0124095 0.0411716 0.0345387 0.0299088 -0.00977802 0.00123476 0.0034956
0.0390639 0.0371852 0.0239636 -0.00702443 -0.000501048 0.0116077 0.038177 0.0419208 0.0284556 -0.00841985 0.000182832 -2.95435e-05
