-6.85241 -6.85245
-6.82059 -6.82064
-6.8518 -6.85187
-6.80375 -6.80355
-6.82102 -6.82079
-6.82343 -6.82258
-6.81896 -6.81914
-6.72184 -6.72198
-6.80259 -6.80239
-6.76598 -6.76608
-6.8025 -6.80226
-6.84223 -6.84195
-6.73665 -6.73672
-6.74702 -6.7476
-6.83272 -6.8325
-6.74148 -6.74204
-6.8146 -6.81465
-6.84344 -6.84319
-6.77722 -6.77735
-6.74921 -6.74924
-6.77542 -6.77576
-6.85373 -6.85374
-6.82382 -6.82401
-6.77727 -6.77751
-6.7491 -6.74892
-6.85555 -6.85529
-6.8305 -6.83064
-6.79079 -6.79146
-6.78632 -6.78623
-6.82309 -6.82283
-6.85179 -6.85183
-6.82993 -6.83004
-6.79041 -6.79057
-6.80927 -6.80944
-6.81656 -6.81664
-6.83482 -6.83487
-6.75694 -6.75726
-6.83001 -6.83011
-6.74841 -6.74887
-6.84339 -6.8434
-6.79165 -6.79048
-6.76775 -6.76785
-6.83187 -6.83199
-6.80104 -6.80074
-6.81934 -6.819
-6.85142 -6.85151
-6.80632 -6.80581
-6.78989 -6.78971
-6.83647 -6.83591
-6.85224 -6.85222
-6.70578 -6.70601
-6.83404 -6.83338
-6.74079 -6.74106
-6.71002 -6.71021
-6.84297 -6.84272
-6.80446 -6.80401
-6.74967 -6.74978
-6.85175 -6.85183
-6.82838 -6.82848
-6.7701 -6.77075
-6.84715 -6.84724
-6.75183 -6.75177
-6.82114 -6.82122
-6.81697 -6.8163
-6.79647 -6.79631
-6.81376 -6.81393
-6.79164 -6.7919
-6.77781 -6.77805
-6.85172 -6.85178
-6.83147 -6.83111
-6.85205 -6.85204
-6.85187 -6.85195
-6.84617 -6.84609
-6.83797 -6.83772
-6.84926 -6.849
-6.84772 -6.8476
-6.83545 -6.83487
-6.80132 -6.80104
-6.82603 -6.82521
-6.76144 -6.76158
-6.78903 -6.78923
-6.85187 -6.85197
-6.8514 -6.85142
-6.82052 -6.82028
-6.79895 -6.79889
-6.748 -6.74808
-6.76638 -6.76635
-6.82734 -6.82736
-6.83492 -6.835
-6.7985 -6.79852
-6.77333 -6.77367
-6.84275 -6.84247
-6.84462 -6.84474
-6.83107 -6.83074
-6.84247 -6.84219
-6.84404 -6.84372
-6.83285 -6.83247
-6.77818 -6.77864
-6.77622 -6.77654
-6.78118 -6.78121
-6.77949 -6.77997
-6.812 -6.81226
-6.84361 -6.84375
-6.83206 -6.83221
-6.83115 -6.83128
-6.77894 -6.77893
-6.85187 -6.85193
-6.83026 -6.83039
-6.7975 -6.79772
-6.78144 -6.78168
-6.84795 -6.84769
-6.78992 -6.78989
-6.84803 -6.84778
-6.79414 -6.79447
-6.73391 -6.73477
-6.82839 -6.82841
-6.84896 -6.84871
-6.84473 -6.84446
-6.82193 -6.82161
-6.82167 -6.82182
-6.81892 -6.81868
-6.77606 -6.77638
-6.82821 -6.82784
-6.85076 -6.85083
-6.77676 -6.77699
-6.85165 -6.85172
-6.8196 -6.81932
-6.8492 -6.84913
-6.73249 -6.73298
-6.79234 -6.79266
-6.85192 -6.85172
-6.84451 -6.84451
-6.82111 -6.82133
-6.84618 -6.84638
-6.82805 -6.82773
-6.76109 -6.76133
-6.84451 -6.84457
-6.78606 -6.78636
-6.81646 -6.8166
-6.81552 -6.81516
-6.85032 -6.85006
-6.77697 -6.77717
-6.74658 -6.74715
-6.84717 -6.84721
-6.83025 -6.83026
-6.8493 -6.84904
-6.84482 -6.84489
-6.7645 -6.76526
-6.78434 -6.78431
-6.81769 -6.81782
-6.81874 -6.81873
-6.84692 -6.84705
-6.84213 -6.84185
-6.80733 -6.8069
-6.82018 -6.82015
-6.83723 -6.83721
-6.83193 -6.83203
-6.84788 -6.84762
-6.76599 -6.76639
-6.78658 -6.78649
-6.80935 -6.809
-6.84461 -6.84471
-6.843 -6.84273
-6.79117 -6.7912
-6.84203 -6.8416
-6.8504 -6.85013
-6.8423 -6.8425
-6.83021 -6.82991
-6.85266 -6.85276
-6.81847 -6.81865
-6.78581 -6.78613
-6.78848 -6.78859
-6.76267 -6.76327
-6.85326 -6.85336
-6.85162 -6.85174
-6.75089 -6.75103
-6.85298 -6.85301
-6.83354 -6.83363
-6.79444 -6.7939
-6.83424 -6.83442
-6.7889 -6.78915
-6.82084 -6.82078
-6.77649 -6.77677
-6.81858 -6.81828
-6.82909 -6.829
-6.816 -6.81618
-6.81264 -6.81242
-6.8461 -6.84603
-6.83974 -6.83953
-6.83231 -6.83263
-6.69236 -6.69254
-6.83521 -6.83522
-6.8 -6.79973
-6.77372 -6.77375
-6.80502 -6.80526
-6.84135 -6.84109
-6.83051 -6.83016
-6.77178 -6.77212
-6.83358 -6.83363
-6.82163 -6.82163
-6.84608 -6.84613
-6.8221 -6.82228
-6.79341 -6.79347
-6.79237 -6.79207
-6.73883 -6.73932
-6.82665 -6.82637
-6.84809 -6.84783
-6.84593 -6.84597
-6.78171 -6.78192
-6.78626 -6.78652
-6.81603 -6.81574
-6.77991 -6.78023
-6.82045 -6.82023
-6.82652 -6.82627
-6.78416 -6.7844
-6.81269 -6.81314
-6.83125 -6.8313
-6.82739 -6.82759
-6.81526 -6.81486
-6.84268 -6.84223
-6.75949 -6.76011
-6.81395 -6.81414
-6.77254 -6.77301
-6.84568 -6.84616
-6.83875 -6.83821
-6.82696 -6.82619
-6.85304 -6.85309
-6.84904 -6.84877
-6.84927 -6.84958
-6.81748 -6.8178
-6.84321 -6.84296
-6.83649 -6.83658
-6.82993 -6.83004
-6.84458 -6.84467
-6.82781 -6.82754
-6.78251 -6.78306
-6.78744 -6.78779
-6.85219 -6.85215
-6.79032 -6.79059
-6.80569 -6.80538
-6.84871 -6.84846
-6.83277 -6.83279
-6.83657 -6.83674
-6.85204 -6.85214
-6.74113 -6.74182
-6.74271 -6.74314
-6.85289 -6.85298
-6.79201 -6.7916
-6.84157 -6.84133
-6.7599 -6.7599
-6.85287 -6.85294
-6.82664 -6.82678
-6.82952 -6.82977
-6.82934 -6.82927
-6.78079 -6.78127
-6.81235 -6.81205
-6.80402 -6.80371
-6.78738 -6.78745
-6.78447 -6.78484
-6.79951 -6.79921
-6.83167 -6.83171
-6.76513 -6.76507
-6.8526 -6.85263
-6.7545 -6.75426
-6.75431 -6.75487
-6.85254 -6.85258
-6.84886 -6.84859
-6.85213 -6.85216
-6.78876 -6.78922
-6.74935 -6.74995
-6.84366 -6.84368
-6.82307 -6.82319
-6.84816 -6.84853
-6.77696 -6.7775
-6.79984 -6.79952
-6.83143 -6.8312
-6.85132 -6.85136
-6.84418 -6.84434
-6.85251 -6.85261
-6.8181 -6.81804
-6.78294 -6.78328
-6.78267 -6.78306
-6.84782 -6.84794
-6.8447 -6.8448
-6.85233 -6.85245
-6.78497 -6.78533
-6.72899 -6.72916
-6.82775 -6.8274
-6.84949 -6.84924
-6.84639 -6.84649
-6.85164 -6.85164
-6.83366 -6.83362
-6.78663 -6.78692
-6.7352 -6.73576
-6.8321 -6.83224
-6.8241 -6.82414
-6.81305 -6.81288
-6.83249 -6.83225
-6.8475 -6.84751
-6.71564 -6.71597
-6.7928 -6.79295
-6.83387 -6.8336
-6.83474 -6.83486
-6.78755 -6.78807
-6.76537 -6.76571
-6.83697 -6.83708
-6.78614 -6.78616
-6.84928 -6.84901
-6.81977 -6.82001
-6.82565 -6.82478
-6.78954 -6.78957
-6.76781 -6.76797
-6.82918 -6.82892
-6.79027 -6.79075
-6.80195 -6.80164
-6.81489 -6.81445
-6.8464 -6.84645
-6.80637 -6.80589
-6.76834 -6.76871
-6.85221 -6.85218
-6.74481 -6.74513
-6.82935 -6.82879
-6.81099 -6.81054
-6.7531 -6.75333
-6.85148 -6.85151
-6.77455 -6.77482
-6.85213 -6.8522
-6.75127 -6.75203
-6.78404 -6.78428
-6.77336 -6.77346
-6.85255 -6.85258
-6.79143 -6.79104
-6.83941 -6.83945
-6.84664 -6.84672
-6.80625 -6.80602
-6.80042 -6.80014
-6.73145 -6.73143
-6.84642 -6.84641
-6.79695 -6.79697
-6.84376 -6.84383
-6.76378 -6.764
-6.83198 -6.83209
-6.82323 -6.82344
-6.84586 -6.84601
-6.77606 -6.77613
-6.82267 -6.82281
-6.84196 -6.84199
-6.70638 -6.70694
-6.81497 -6.81503
-6.81296 -6.81293
-6.79112 -6.79142
-6.76293 -6.76338
-6.8522 -6.85229
-6.8432 -6.84295
-6.76724 -6.76745
-6.85266 -6.85271
-6.84493 -6.84468
-6.8468 -6.84681
-6.82969 -6.82944
-6.84654 -6.84666
-6.81278 -6.81298
-6.85234 -6.85236
-6.82813 -6.82815
-6.78313 -6.78344
-6.75227 -6.75256
-6.82764 -6.82733
-6.81924 -6.81899
-6.84934 -6.84908
-6.8483 -6.84803
-6.84884 -6.84901
-6.77553 -6.77561
-6.82724 -6.82737
-6.84903 -6.84878
-6.84648 -6.84651
-6.80558 -6.80524
-6.82362 -6.82343
-6.82917 -6.82888
-6.84198 -6.84172
-6.83329 -6.83329
-6.73059 -6.7318
-6.76339 -6.7636
-6.84527 -6.84532
-6.84645 -6.84657
-6.75669 -6.75698
-6.81985 -6.81983
-6.83221 -6.83234
-6.82354 -6.82364
-6.74353 -6.74349
-6.84471 -6.84445
-6.85298 -6.85304
-6.81158 -6.81133
-6.78172 -6.78215
-6.75237 -6.75287
-6.8134 -6.8137
-6.84831 -6.84805
-6.78678 -6.78674
-6.75624 -6.75576
-6.85197 -6.85203
-6.81442 -6.81344
-6.77997 -6.78031
-6.79894 -6.79854
-6.83379 -6.83349
-6.74996 -6.75
-6.83582 -6.8359
-6.85123 -6.85125
-6.7924 -6.79181
-6.734 -6.73423
-6.82252 -6.82255
-6.7704 -6.77055
-6.83246 -6.83218
-6.84523 -6.84534
-6.74525 -6.74564
-6.82994 -6.82995
-6.78188 -6.78221
-6.84265 -6.84249
-6.77488 -6.77537
-6.81945 -6.81954
-6.8282 -6.82842
-6.80778 -6.80765
-6.81759 -6.81776
-6.84444 -6.84448
-6.84637 -6.84635
-6.78065 -6.78045
-6.85146 -6.85156
-6.81093 -6.81057
-6.73609 -6.73626
-6.85265 -6.85273
-6.78961 -6.78937
-6.80512 -6.80489
-6.73235 -6.73215
-6.77841 -6.77864
-6.79258 -6.79289
-6.74917 -6.74975
-6.76124 -6.76172
-6.84909 -6.84882
-6.84174 -6.84146
-6.81444 -6.81411
-6.84805 -6.84776
-6.84275 -6.84297
-6.85243 -6.85254
-6.80021 -6.7999
-6.76101 -6.76101
-6.83305 -6.8331
-6.72027 -6.72077
-6.76801 -6.76809
-6.81366 -6.81345
-6.78635 -6.78689
-6.78295 -6.78322
-6.84579 -6.8458
-6.79226 -6.79229
-6.81455 -6.8142
-6.81827 -6.81834
-6.83301 -6.83315
-6.81229 -6.81209
-6.74571 -6.7459
-6.8323 -6.83167
-6.83145 -6.83155
-6.79655 -6.79622
-6.82025 -6.81994
-6.82986 -6.82905
-6.82819 -6.8279
-6.7766 -6.7771
-6.84385 -6.84362
-6.84189 -6.84165
-6.72717 -6.72742
-6.76135 -6.7613
-6.85275 -6.85283
-6.85059 -6.85069
-6.80005 -6.79983
-6.85187 -6.85193
-6.78682 -6.78716
-6.81906 -6.81904
-6.81648 -6.81612
-6.83391 -6.83396
-6.84745 -6.84739
-6.85315 -6.85315
-6.79722 -6.79692
-6.78553 -6.78582
-6.80863 -6.80851
-6.8176 -6.81778
-6.80411 -6.80417
-6.84165 -6.84139
-6.8353 -6.83523
-6.77669 -6.77672
-6.74311 -6.74347
-6.8366 -6.8367
-6.85344 -6.85346
-6.77422 -6.77439
-6.84103 -6.84074
-6.81993 -6.81922
-6.85204 -6.85211
-6.77938 -6.77971
-6.73762 -6.73782
-6.77811 -6.77838
-6.82573 -6.82579
-6.79292 -6.79292
-6.82677 -6.82687
-6.79689 -6.79701
-6.82377 -6.82386
-6.84214 -6.84188
-6.79321 -6.79318
-6.84889 -6.84862
-6.85115 -6.85117
-6.74689 -6.74703
-6.81982 -6.81991
-6.79669 -6.79645
-6.8412 -6.84093
-6.83689 -6.83636
-6.81623 -6.81592
-6.727 -6.72725
-6.85229 -6.85233
-6.84859 -6.84839
-6.79745 -6.79746
-6.71986 -6.72042
-6.77872 -6.77921
-6.82342 -6.82337
-6.80153 -6.80121
-6.81811 -6.81775
-6.77558 -6.776
-6.82976 -6.82983
-6.83081 -6.83008
-6.77471 -6.77498
-6.75755 -6.75754
-6.78762 -6.78781
-6.79215 -6.79251
-6.83243 -6.83211
-6.84905 -6.8488
-6.833 -6.83303
-6.74185 -6.74201
-6.81056 -6.81069
-6.82606 -6.82572
-6.82276 -6.82291
-6.85448 -6.85473
-6.80721 -6.8068
-6.81148 -6.81106
-6.85247 -6.85259
-6.84115 -6.8409
-6.83057 -6.83079
-6.84285 -6.84236
-6.81409 -6.81388
-6.7087 -6.7085
-6.78652 -6.78679
-6.76471 -6.76517
-6.77917 -6.77949
-6.82297 -6.82238
-6.74044 -6.74095
-6.77756 -6.77789
-6.84394 -6.84398
-6.82868 -6.82894
-6.71766 -6.718
-6.79162 -6.79114
-6.84645 -6.84647
-6.78032 -6.78041
-6.78109 -6.78151
-6.77602 -6.77639
-6.84977 -6.84952
-6.83662 -6.83606
-6.7882 -6.78861
-6.84512 -6.84519
-6.84474 -6.84484
-6.85251 -6.85256
-6.72659 -6.72698
-6.85272 -6.85266
-6.79179 -6.79213
-6.82664 -6.82665
-6.84521 -6.84526
-6.83149 -6.83163
-6.84211 -6.84184
-6.84848 -6.84822
-6.8513 -6.85137
-6.77733 -6.77769
-6.72755 -6.72793
-6.82991 -6.82964
-6.85195 -6.85198
-6.84505 -6.84512
-6.85234 -6.85239
-6.85303 -6.85303
-6.84313 -6.8432
-6.81673 -6.81643
-6.77942 -6.77955
-6.79125 -6.79163
-6.84333 -6.84302
-6.8256 -6.82582
-6.75051 -6.75044
-6.8128 -6.81261
-6.82089 -6.82102
-6.81518 -6.81483
-6.82889 -6.82865
-6.84479 -6.8447
-6.8293 -6.82901
-6.8359 -6.83539
-6.81166 -6.81138
-6.85195 -6.85203
-6.77552 -6.77519
-6.75985 -6.7601
-6.81779 -6.81794
-6.84549 -6.84526
-6.77871 -6.7788
-6.81846 -6.81819
-6.81714 -6.81609
-6.84813 -6.84787
-6.84362 -6.84363
-6.83082 -6.83007
-6.7791 -6.7788
-6.77788 -6.77803
-6.83659 -6.83604
-6.7822 -6.78242
-6.8115 -6.81132
-6.81281 -6.81259
-6.75073 -6.75111
-6.84539 -6.84534
-6.77657 -6.77701
-6.76984 -6.77031
-6.83415 -6.83427
-6.78384 -6.78411
-6.84946 -6.8492
-6.84358 -6.8437
-6.81432 -6.81413
-6.84372 -6.8441
-6.79937 -6.79925
-6.84757 -6.8473
-6.82924 -6.82895
-6.84623 -6.84628
-6.78324 -6.78354
-6.74914 -6.74915
-6.83183 -6.83192
-6.84532 -6.84533
-6.77173 -6.77197
-6.72158 -6.72125
-6.81606 -6.81623
-6.78093 -6.78058
-6.81686 -6.81666
-6.8164 -6.81664
-6.77976 -6.78008
-6.84049 -6.84005
-6.8446 -6.84471
-6.80073 -6.80106
-6.81272 -6.81287
-6.82324 -6.82317
-6.77148 -6.77168
-6.7974 -6.79717
-6.77058 -6.77053
-6.77526 -6.77589
-6.83563 -6.83563
-6.73843 -6.7385
-6.78148 -6.78181
-6.78252 -6.78274
-6.83144 -6.83144
-6.84978 -6.84951
-6.83528 -6.83534
-6.78014 -6.78035
-6.75175 -6.75211
-6.84629 -6.84628
-6.81328 -6.81275
-6.8495 -6.84924
-6.7855 -6.78547
-6.8294 -6.82948
-6.83896 -6.8387
-6.83723 -6.83669
-6.84243 -6.84214
-6.8231 -6.82234
-6.76731 -6.76769
-6.84248 -6.84224
-6.81822 -6.81834
-6.85209 -6.85241
-6.78073 -6.78094
-6.80771 -6.80732
-6.81586 -6.81475
-6.81781 -6.81807
-6.77882 -6.77911
-6.77985 -6.78021
-6.75116 -6.75144
-6.85321 -6.85327
-6.79235 -6.79236
-6.80301 -6.80286
-6.8482 -6.84795
-6.84764 -6.84772
-6.80487 -6.80501
-6.81345 -6.81308
-6.75116 -6.75147
-6.78265 -6.78285
-6.82111 -6.82111
-6.73683 -6.7378
-6.79839 -6.79859
-6.77159 -6.7715
-6.84122 -6.84095
-6.78293 -6.78299
-6.76805 -6.76844
-6.79689 -6.79732
-6.84403 -6.84375
-6.85173 -6.85174
-6.83175 -6.83181
-6.78616 -6.78651
-6.81579 -6.81537
-6.84543 -6.84551
-6.84864 -6.84839
-6.81492 -6.81391
-6.84948 -6.84922
-6.77045 -6.77043
-6.85207 -6.85215
-6.82791 -6.82767
-6.81745 -6.81717
-6.77337 -6.77373
-6.85355 -6.85362
-6.84711 -6.84713
-6.83164 -6.83161
-6.8443 -6.84402
-6.84635 -6.84642
-6.85187 -6.8518
-6.82157 -6.82179
-6.84645 -6.84648
-6.83024 -6.82991
-6.77305 -6.77351
-6.80795 -6.80773
-6.76908 -6.76938
-6.84343 -6.84355
-6.82711 -6.82715
-6.84487 -6.84494
-6.84354 -6.8433
-6.76538 -6.76571
-6.83389 -6.83348
-6.80258 -6.80226
-6.8453 -6.84529
-6.8525 -6.8527
-6.8361 -6.83603
-6.77282 -6.77331
-6.80749 -6.80706
-6.75715 -6.75719
-6.78298 -6.78306
-6.85109 -6.85118
-6.84071 -6.84043
-6.84416 -6.84388
-6.83158 -6.83173
-6.85204 -6.85204
-6.8081 -6.80772
-6.75842 -6.75815
-6.84785 -6.84789
-6.81889 -6.81889
-6.77148 -6.7718
-6.8291 -6.82878
-6.84744 -6.84717
-6.76574 -6.76611
-6.80931 -6.80902
-6.84552 -6.84571
-6.84558 -6.84567
-6.78459 -6.78525
-6.84071 -6.84047
-6.84035 -6.83983
-6.72638 -6.72666
-6.82585 -6.82597
-6.82673 -6.82694
-6.83271 -6.83248
-6.75036 -6.75076
-6.72342 -6.72271
-6.77006 -6.7699
-6.84838 -6.84811
-6.83429 -6.83383
-6.84727 -6.84718
-6.8235 -6.8234
-6.74125 -6.74173
-6.84711 -6.84709
-6.85054 -6.85077
-6.78108 -6.78153
-6.83483 -6.83485
-6.83708 -6.83681
-6.83412 -6.83422
-6.81659 -6.81667
-6.78793 -6.7883
-6.78395 -6.78432
-6.77432 -6.77421
-6.83077 -6.83049
-6.7905 -6.7909
-6.76064 -6.76074
-6.75057 -6.75045
-6.81906 -6.81877
-6.83464 -6.83406
-6.8495 -6.84924
-6.85189 -6.85195
-6.84589 -6.84609
-6.81687 -6.81714
-6.74421 -6.74422
-6.80952 -6.80912
-6.81338 -6.81331
-6.85222 -6.85224
-6.82451 -6.82423
-6.84967 -6.8494
-6.82471 -6.82442
-6.8462 -6.8463
-6.85416 -6.85411
-6.71831 -6.71942
-6.77972 -6.78003
-6.85161 -6.85166
-6.8009 -6.80063
-6.82012 -6.8202
-6.83011 -6.8298
-6.79246 -6.79255
-6.84678 -6.8468
-6.85306 -6.85317
-6.82346 -6.82267
-6.81624 -6.81602
-6.83228 -6.8324
-6.788 -6.78824
-6.76472 -6.76497
-6.84593 -6.84604
-6.85255 -6.85264
-6.83987 -6.84026
-6.78414 -6.78431
-6.77381 -6.77436
-6.78502 -6.78538
-6.81716 -6.81732
-6.84638 -6.84637
-6.85141 -6.85149
-6.83491 -6.83456
-6.8427 -6.84283
-6.84932 -6.84905
-6.75215 -6.75258
-6.77245 -6.77251
-6.84207 -6.84181
-6.83004 -6.8301
-6.84836 -6.84837
-6.8532 -6.85314
-6.81698 -6.81597
-6.8026 -6.8024
-6.8324 -6.83249
-6.79714 -6.79697
-6.81986 -6.81954
-6.80102 -6.80072
-6.81652 -6.81627
-6.78235 -6.7826
-6.83767 -6.83726
-6.83118 -6.83043
-6.84592 -6.84599
-6.77593 -6.7763
-6.76618 -6.76698
-6.84506 -6.84519
-6.83225 -6.83184
-6.77077 -6.77095
-6.80681 -6.80663
-6.84821 -6.84795
-6.81657 -6.81592
-6.83291 -6.83244
-6.82188 -6.82189
-6.77954 -6.77965
-6.84075 -6.84053
-6.7839 -6.78421
-6.80981 -6.80978
-6.76731 -6.76752
-6.81998 -6.82015
-6.78749 -6.78772
-6.84431 -6.84435
-6.76777 -6.76826
-6.85299 -6.85308
-6.85266 -6.85269
-6.82297 -6.82295
-6.8498 -6.84953
-6.80441 -6.80476
-6.79694 -6.79666
-6.84348 -6.84318
-6.77138 -6.77142
-6.84693 -6.84702
-6.84682 -6.84697
-6.82642 -6.82642
-6.83252 -6.83231
-6.84335 -6.84369
-6.81466 -6.81511
-6.843 -6.84266
-6.84593 -6.84602
-6.81114 -6.81087
-6.85165 -6.85174
-6.8152 -6.81545
-6.85097 -6.851
-6.74829 -6.74887
-6.83069 -6.83043
-6.84323 -6.84295
-6.83294 -6.83268
-6.83181 -6.8319
-6.77842 -6.77863
-6.83082 -6.83056
-6.85001 -6.84974
-6.81518 -6.8153
-6.81766 -6.81728
-6.84401 -6.84375
-6.73288 -6.73291
-6.73648 -6.73641
-6.85335 -6.85343
-6.83187 -6.83183
-6.82402 -6.82408
-6.84248 -6.84253
-6.84647 -6.84647
-6.79338 -6.79365
-6.84477 -6.84484
-6.76456 -6.76511
-6.84169 -6.84141
-6.84715 -6.8472
-6.83978 -6.83983
-6.81523 -6.81497
-6.85025 -6.85
-6.85256 -6.85258
-6.798 -6.7976
-6.8452 -6.84531
-6.78117 -6.78153
-6.84992 -6.84991
-6.80028 -6.79997
-6.80198 -6.80178
-6.78508 -6.7852
-6.70549 -6.70569
-6.72369 -6.72476
-6.85358 -6.85368
-6.81336 -6.81329
-6.83479 -6.83477
-6.79443 -6.79325
-6.83302 -6.83311
-6.83931 -6.83877
-6.77332 -6.77354
-6.7387 -6.73868
-6.79345 -6.79363
-6.76197 -6.76198
-6.7846 -6.78508
-6.78564 -6.78569
-6.81409 -6.81389
-6.76942 -6.76972
-6.77637 -6.77656
-6.78703 -6.78738
-6.82785 -6.82748
-6.84246 -6.84223
-6.83518 -6.83532
-6.78219 -6.78264
-6.83167 -6.83181
-6.79813 -6.79799
-6.81361 -6.81374
-6.81696 -6.8167
-6.84987 -6.84962
-6.80093 -6.80052
-6.83046 -6.83016
-6.79642 -6.79583
-6.84937 -6.84911
-6.80123 -6.80092
-6.83334 -6.83341
-6.82941 -6.82949
-6.76997 -6.77031
-6.84235 -6.84227
-6.77926 -6.77941
-6.8439 -6.84407
-6.83107 -6.83079
-6.83607 -6.83604
-6.8489 -6.84864
-6.77868 -6.77878
-6.79273 -6.79234
-6.81956 -6.81972
-6.77036 -6.77073
-6.78084 -6.78137
-6.73315 -6.73352
-6.8413 -6.84102
-6.85187 -6.85195
-6.73893 -6.73918
-6.81838 -6.81831
-6.81403 -6.81377
-6.74059 -6.74059
-6.8516 -6.85165
-6.73349 -6.73383
-6.81771 -6.81784
-6.8292 -6.82896
-6.80141 -6.80112
-6.85175 -6.85179
-6.83629 -6.8363
-6.75085 -6.75096
-6.83785 -6.83795
-6.85238 -6.85249
-6.81786 -6.81812
-6.84798 -6.84773
-6.82786 -6.82787
-6.77928 -6.77978
-6.82084 -6.82103
-6.84122 -6.84095
-6.79444 -6.79447
-6.7821 -6.78252
-6.84429 -6.84404
-6.72391 -6.7242
-6.81236 -6.81199
-6.84869 -6.84842
-6.85109 -6.85113
-6.84633 -6.84616
-6.8433 -6.84337
-6.79 -6.79014
-6.75436 -6.7546
-6.77909 -6.77951
-6.82348 -6.82368
-6.83733 -6.83731
-6.7766 -6.77653
-6.77526 -6.77541
-6.82152 -6.82153
-6.76413 -6.7643
-6.81828 -6.81837
-6.8324 -6.83251
-6.84732 -6.84737
-6.81029 -6.81052
-6.79546 -6.79507
-6.78137 -6.78174
-6.81164 -6.8113
-6.8336 -6.83376
-6.76761 -6.76814
-6.7922 -6.79226
-6.79124 -6.79151
-6.83734 -6.83748
-6.84716 -6.84726
-6.7209 -6.72131
-6.75062 -6.75076
-6.78198 -6.78243
-6.79895 -6.79874
-6.77521 -6.7755
-6.78579 -6.78603
-6.74457 -6.7449
-6.82169 -6.82195
-6.74275 -6.74286
-6.8521 -6.85213
-6.83047 -6.8305
-6.78322 -6.78288
-6.80163 -6.80142
-6.82702 -6.82706
-6.81405 -6.81377
-6.83801 -6.83789
-6.84591 -6.846
-6.81444 -6.81426
-6.7528 -6.75243
-6.85138 -6.85138
-6.74662 -6.7467
-6.82858 -6.82871
-6.84454 -6.84423
-6.78465 -6.78494
-6.83026 -6.82989
-6.84426 -6.84397
-6.74231 -6.74285
-6.81921 -6.81922
-6.85252 -6.85253
-6.78969 -6.78975
-6.82985 -6.83001
-6.81862 -6.81866
-6.72903 -6.72952
-6.77985 -6.78011
-6.83128 -6.83099
-6.84681 -6.84687
-6.82071 -6.82086
-6.83958 -6.83913
-6.80166 -6.80142
-6.82086 -6.82101
-6.73833 -6.73841
-6.80706 -6.80667
-6.83439 -6.83443
-6.77525 -6.77559
-6.76154 -6.76139
-6.82036 -6.82046
-6.77711 -6.7777
-6.78713 -6.78727
-6.85205 -6.8521
-6.8524 -6.85247
-6.8202 -6.82026
-6.84579 -6.84548
-6.77501 -6.77514
-6.84681 -6.84678
-6.84895 -6.8487
-6.81948 -6.81968
-6.80637 -6.806
-6.85237 -6.85243
-6.82544 -6.82492
-6.84873 -6.84846
-6.83214 -6.83217
-6.79027 -6.79052
-6.82783 -6.82757
-6.84619 -6.84625
-6.76817 -6.76887
-6.80696 -6.80703
-6.80722 -6.807
-6.84573 -6.84553
-6.83826 -6.83762
-6.84961 -6.84935
-6.8305 -6.83018
-6.84191 -6.84239
-6.77561 -6.77578
-6.8266 -6.82678
-6.84298 -6.84271
-6.77366 -6.77395
-6.7637 -6.7638
-6.84865 -6.84869
-6.80214 -6.80245
-6.8372 -6.83724
-6.73033 -6.73049
-6.8454 -6.8454
-6.84488 -6.84486
-6.8254 -6.82512
-6.85054 -6.85089
-6.79975 -6.79944
-6.81696 -6.81723
-6.85298 -6.85306
-6.74525 -6.74532
-6.84622 -6.84624
-6.85154 -6.85163
-6.80245 -6.80199
-6.8516 -6.85156
-6.84293 -6.8427
-6.85295 -6.85296
-6.78399 -6.78431
-6.81378 -6.81345
-6.85229 -6.85235
-6.77605 -6.77623
-6.81461 -6.81496
-6.8522 -6.85226
-6.80503 -6.80468
-6.74594 -6.74614
-6.78044 -6.7808
-6.84194 -6.84198
-6.7957 -6.79538
-6.79964 -6.7993
-6.78481 -6.78518
-6.85295 -6.85296
-6.79131 -6.79103
-6.84381 -6.8439
-6.85207 -6.85211
-6.82496 -6.82465
-6.85025 -6.84997
-6.85093 -6.85102
-6.74197 -6.74221
-6.82818 -6.82799
-6.73758 -6.73757
-6.80207 -6.80171
-6.84786 -6.84769
-6.84333 -6.84306
-6.77896 -6.77928
-6.7736 -6.77391
-6.82034 -6.82064
-6.83151 -6.83163
-6.82237 -6.82253
-6.77908 -6.77936
-6.81881 -6.81899
-6.85283 -6.85288
-6.70532 -6.70574
-6.83155 -6.8315
-6.84505 -6.8451
-6.78444 -6.78486
-6.81255 -6.81219
-6.82743 -6.82748
-6.85295 -6.85301
-6.83188 -6.83157
-6.74133 -6.74129
-6.71019 -6.71101
-6.85306 -6.85316
-6.77308 -6.77364
-6.84547 -6.84556
-6.84479 -6.84526
-6.78985 -6.78996
-6.7979 -6.79769
-6.85206 -6.85214
-6.8207 -6.8205
-6.79777 -6.79784
-6.74126 -6.74151
-6.83458 -6.83428
-6.84329 -6.84301
-6.815 -6.81463
-6.83528 -6.83548
-6.85308 -6.85316
-6.81202 -6.81188
-6.77428 -6.77452
-6.77737 -6.77733
-6.82077 -6.82049
-6.84584 -6.84589
-6.75276 -6.75299
-6.81758 -6.8174
